2022-02-08 02:01:03.184 -05:00 [INF] User profile is available. Using 'C:\Users\kevin\AppData\Local\ASP.NET\DataProtection-Keys' as key repository and Windows DPAPI to encrypt keys at rest.
2022-02-08 02:01:03.371 -05:00 [INF] Now listening on: https://localhost:7150
2022-02-08 02:01:03.373 -05:00 [INF] Now listening on: http://localhost:5150
2022-02-08 02:01:03.378 -05:00 [INF] Application started. Press Ctrl+C to shut down.
2022-02-08 02:01:03.379 -05:00 [INF] Hosting environment: Development
2022-02-08 02:01:03.380 -05:00 [INF] Content root path: C:\Users\kevin\RiderProjects\LibraryStore\Api\
2022-02-08 02:01:41.675 -05:00 [INF] Request starting HTTP/2 POST https://localhost:7150/api/MenuItem application/json 208
2022-02-08 02:01:41.720 -05:00 [INF] Request:
Protocol: HTTP/2
Method: POST
Scheme: https
PathBase: 
Path: /api/MenuItem
Accept: text/plain
Host: localhost:7150
User-Agent: Mozilla/5.0 (Windows NT 10.0; Win64; x64) AppleWebKit/537.36 (KHTML, like Gecko) Chrome/98.0.4758.80 Safari/537.36 Edg/98.0.1108.43
:method: [Redacted]
Accept-Encoding: gzip, deflate, br
Accept-Language: es,es-ES;q=0.9,en;q=0.8,en-GB;q=0.7,en-US;q=0.6
Content-Type: application/json
Cookie: [Redacted]
Origin: [Redacted]
Referer: [Redacted]
Content-Length: 208
sec-ch-ua: [Redacted]
sec-ch-ua-mobile: [Redacted]
sec-ch-ua-platform: [Redacted]
sec-fetch-site: [Redacted]
sec-fetch-mode: [Redacted]
sec-fetch-dest: [Redacted]
2022-02-08 02:01:41.760 -05:00 [INF] Executing endpoint 'Api.Controllers.MenuItemController.Post (Api)'
2022-02-08 02:01:41.794 -05:00 [INF] Route matched with {action = "Post", controller = "MenuItem"}. Executing controller action with signature System.Threading.Tasks.Task`1[Microsoft.AspNetCore.Mvc.ActionResult`1[Application.Utilities.Response`1[Application.Config.MenuItem.Dto.MenuItemDto]]] Post(Application.Config.MenuItem.Commands.MenuItemCreateCommand) on controller Api.Controllers.MenuItemController (Api).
2022-02-08 02:01:41.841 -05:00 [INF] Executing BadRequestObjectResult, writing value of type 'Microsoft.AspNetCore.Mvc.ValidationProblemDetails'.
2022-02-08 02:01:41.860 -05:00 [INF] Executed action Api.Controllers.MenuItemController.Post (Api) in 57.8258ms
2022-02-08 02:01:41.865 -05:00 [INF] Executed endpoint 'Api.Controllers.MenuItemController.Post (Api)'
2022-02-08 02:01:41.866 -05:00 [INF] Response:
StatusCode: 400
Content-Type: application/problem+json; charset=utf-8
Date: Tue, 08 Feb 2022 07:01:41 GMT
Server: Kestrel
2022-02-08 02:01:41.871 -05:00 [INF] Request finished HTTP/2 POST https://localhost:7150/api/MenuItem application/json 208 - 400 - application/problem+json;+charset=utf-8 199.3599ms
2022-02-08 02:02:02.108 -05:00 [INF] Request starting HTTP/2 POST https://localhost:7150/api/MenuItem application/json 210
2022-02-08 02:02:02.111 -05:00 [INF] Request:
Protocol: HTTP/2
Method: POST
Scheme: https
PathBase: 
Path: /api/MenuItem
Accept: text/plain
Host: localhost:7150
User-Agent: Mozilla/5.0 (Windows NT 10.0; Win64; x64) AppleWebKit/537.36 (KHTML, like Gecko) Chrome/98.0.4758.80 Safari/537.36 Edg/98.0.1108.43
:method: [Redacted]
Accept-Encoding: gzip, deflate, br
Accept-Language: es,es-ES;q=0.9,en;q=0.8,en-GB;q=0.7,en-US;q=0.6
Content-Type: application/json
Cookie: [Redacted]
Origin: [Redacted]
Referer: [Redacted]
Content-Length: 210
sec-ch-ua: [Redacted]
sec-ch-ua-mobile: [Redacted]
sec-ch-ua-platform: [Redacted]
sec-fetch-site: [Redacted]
sec-fetch-mode: [Redacted]
sec-fetch-dest: [Redacted]
2022-02-08 02:02:02.116 -05:00 [INF] Executing endpoint 'Api.Controllers.MenuItemController.Post (Api)'
2022-02-08 02:02:02.117 -05:00 [INF] Route matched with {action = "Post", controller = "MenuItem"}. Executing controller action with signature System.Threading.Tasks.Task`1[Microsoft.AspNetCore.Mvc.ActionResult`1[Application.Utilities.Response`1[Application.Config.MenuItem.Dto.MenuItemDto]]] Post(Application.Config.MenuItem.Commands.MenuItemCreateCommand) on controller Api.Controllers.MenuItemController (Api).
2022-02-08 02:02:02.988 -05:00 [INF] Entity Framework Core 5.0.10 initialized 'PersistenceContext' using provider 'Microsoft.EntityFrameworkCore.SqlServer' with options: MigrationsHistoryTable=Library._MigrationHistory 
2022-02-08 02:02:03.569 -05:00 [INF] Executed DbCommand (49ms) [Parameters=[@__get_Item_0='?' (DbType = Guid)], CommandType='"Text"', CommandTimeout='30']
SELECT TOP(1) [r].[Id], [r].[CreatedBy], [r].[CreatedOn], [r].[Description], [r].[LastModifiedOn], [r].[RoleName], [r].[Status], [r].[UpdatedBy]
FROM [Library].[Role] AS [r]
WHERE [r].[Id] = @__get_Item_0
2022-02-08 02:02:03.802 -05:00 [INF] Executed DbCommand (7ms) [Parameters=[@p0='?' (DbType = Guid), @p1='?' (Size = 4000), @p2='?' (DbType = DateTime2), @p3='?' (Size = 4000), @p4='?' (DbType = Guid), @p5='?' (Size = 4000), @p6='?' (DbType = Boolean), @p7='?' (Size = 4000), @p8='?' (Size = 4000)], CommandType='"Text"', CommandTimeout='30']
SET NOCOUNT ON;
INSERT INTO [Library].[MenuItem] ([Id], [CreatedBy], [CreatedOn], [IconClass], [RoleId], [Route], [Status], [Title], [UpdatedBy])
VALUES (@p0, @p1, @p2, @p3, @p4, @p5, @p6, @p7, @p8);
SELECT [LastModifiedOn]
FROM [Library].[MenuItem]
WHERE @@ROWCOUNT = 1 AND [Id] = @p0;
2022-02-08 02:02:03.843 -05:00 [INF] Executing ObjectResult, writing value of type 'Application.Utilities.Response`1[[Application.Config.MenuItem.Dto.MenuItemDto, Application, Version=1.0.0.0, Culture=neutral, PublicKeyToken=null]]'.
2022-02-08 02:02:03.863 -05:00 [INF] Executed action Api.Controllers.MenuItemController.Post (Api) in 1743.5902ms
2022-02-08 02:02:03.865 -05:00 [INF] Executed endpoint 'Api.Controllers.MenuItemController.Post (Api)'
2022-02-08 02:02:03.867 -05:00 [INF] Response:
StatusCode: 200
Content-Type: application/json; charset=utf-8
Date: Tue, 08 Feb 2022 07:02:03 GMT
Server: Kestrel
2022-02-08 02:02:03.873 -05:00 [INF] Request finished HTTP/2 POST https://localhost:7150/api/MenuItem application/json 210 - 200 - application/json;+charset=utf-8 1765.2980ms
2022-02-08 02:02:10.384 -05:00 [INF] Request starting HTTP/2 GET https://localhost:7150/api/MenuItem/GetByRole/10000001-0001-0001-0001-000000000001 - -
2022-02-08 02:02:10.395 -05:00 [INF] Request:
Protocol: HTTP/2
Method: GET
Scheme: https
PathBase: 
Path: /api/MenuItem/GetByRole/10000001-0001-0001-0001-000000000001
Accept: text/plain
Host: localhost:7150
User-Agent: Mozilla/5.0 (Windows NT 10.0; Win64; x64) AppleWebKit/537.36 (KHTML, like Gecko) Chrome/98.0.4758.80 Safari/537.36 Edg/98.0.1108.43
:method: [Redacted]
Accept-Encoding: gzip, deflate, br
Accept-Language: es,es-ES;q=0.9,en;q=0.8,en-GB;q=0.7,en-US;q=0.6
Cookie: [Redacted]
Referer: [Redacted]
sec-ch-ua: [Redacted]
sec-ch-ua-mobile: [Redacted]
sec-ch-ua-platform: [Redacted]
sec-fetch-site: [Redacted]
sec-fetch-mode: [Redacted]
sec-fetch-dest: [Redacted]
2022-02-08 02:02:10.402 -05:00 [INF] Executing endpoint 'Api.Controllers.MenuItemController.GetByRole (Api)'
2022-02-08 02:02:10.409 -05:00 [INF] Route matched with {action = "GetByRole", controller = "MenuItem"}. Executing controller action with signature System.Threading.Tasks.Task`1[Microsoft.AspNetCore.Mvc.ActionResult`1[Application.Utilities.Response`1[System.Collections.Generic.IEnumerable`1[Application.Config.MenuItem.Dto.MenuItemDto]]]] GetByRole(System.Guid) on controller Api.Controllers.MenuItemController (Api).
2022-02-08 02:02:10.452 -05:00 [INF] Entity Framework Core 5.0.10 initialized 'PersistenceContext' using provider 'Microsoft.EntityFrameworkCore.SqlServer' with options: MigrationsHistoryTable=Library._MigrationHistory 
2022-02-08 02:02:10.504 -05:00 [INF] Executed DbCommand (3ms) [Parameters=[@__roleId_0='?' (DbType = Guid)], CommandType='"Text"', CommandTimeout='30']
SELECT [m].[Id], [m].[CreatedBy], [m].[CreatedOn], [m].[IconClass], [m].[LastModifiedOn], [m].[RoleId], [m].[Route], [m].[Status], [m].[Title], [m].[UpdatedBy]
FROM [Library].[MenuItem] AS [m]
LEFT JOIN [Library].[Role] AS [r] ON [m].[RoleId] = [r].[Id]
WHERE [r].[Id] = @__roleId_0
2022-02-08 02:02:10.520 -05:00 [INF] Executing ObjectResult, writing value of type 'Application.Utilities.Response`1[[System.Collections.Generic.IEnumerable`1[[Application.Config.MenuItem.Dto.MenuItemDto, Application, Version=1.0.0.0, Culture=neutral, PublicKeyToken=null]], System.Private.CoreLib, Version=6.0.0.0, Culture=neutral, PublicKeyToken=7cec85d7bea7798e]]'.
2022-02-08 02:02:10.524 -05:00 [INF] Executed action Api.Controllers.MenuItemController.GetByRole (Api) in 112.7325ms
2022-02-08 02:02:10.525 -05:00 [INF] Executed endpoint 'Api.Controllers.MenuItemController.GetByRole (Api)'
2022-02-08 02:02:10.527 -05:00 [INF] Response:
StatusCode: 200
Content-Type: application/json; charset=utf-8
Date: Tue, 08 Feb 2022 07:02:09 GMT
Server: Kestrel
2022-02-08 02:02:10.528 -05:00 [INF] Request finished HTTP/2 GET https://localhost:7150/api/MenuItem/GetByRole/10000001-0001-0001-0001-000000000001 - - - 200 - application/json;+charset=utf-8 143.4996ms
2022-02-08 02:02:23.114 -05:00 [INF] Request starting HTTP/2 GET https://localhost:7150/api/MenuItem/GetByRole/10000001-0001-0001-0001-000000000001 - -
2022-02-08 02:02:23.116 -05:00 [INF] Request:
Protocol: HTTP/2
Method: GET
Scheme: https
PathBase: 
Path: /api/MenuItem/GetByRole/10000001-0001-0001-0001-000000000001
Accept: text/plain
Host: localhost:7150
User-Agent: Mozilla/5.0 (Windows NT 10.0; Win64; x64) AppleWebKit/537.36 (KHTML, like Gecko) Chrome/98.0.4758.80 Safari/537.36 Edg/98.0.1108.43
:method: [Redacted]
Accept-Encoding: gzip, deflate, br
Accept-Language: es,es-ES;q=0.9,en;q=0.8,en-GB;q=0.7,en-US;q=0.6
Cookie: [Redacted]
Referer: [Redacted]
sec-ch-ua: [Redacted]
sec-ch-ua-mobile: [Redacted]
sec-ch-ua-platform: [Redacted]
sec-fetch-site: [Redacted]
sec-fetch-mode: [Redacted]
sec-fetch-dest: [Redacted]
2022-02-08 02:02:23.119 -05:00 [INF] Executing endpoint 'Api.Controllers.MenuItemController.GetByRole (Api)'
2022-02-08 02:02:23.121 -05:00 [INF] Route matched with {action = "GetByRole", controller = "MenuItem"}. Executing controller action with signature System.Threading.Tasks.Task`1[Microsoft.AspNetCore.Mvc.ActionResult`1[Application.Utilities.Response`1[System.Collections.Generic.IEnumerable`1[Application.Config.MenuItem.Dto.MenuItemDto]]]] GetByRole(System.Guid) on controller Api.Controllers.MenuItemController (Api).
2022-02-08 02:02:23.138 -05:00 [INF] Entity Framework Core 5.0.10 initialized 'PersistenceContext' using provider 'Microsoft.EntityFrameworkCore.SqlServer' with options: MigrationsHistoryTable=Library._MigrationHistory 
2022-02-08 02:02:23.145 -05:00 [INF] Executed DbCommand (1ms) [Parameters=[@__roleId_0='?' (DbType = Guid)], CommandType='"Text"', CommandTimeout='30']
SELECT [m].[Id], [m].[CreatedBy], [m].[CreatedOn], [m].[IconClass], [m].[LastModifiedOn], [m].[RoleId], [m].[Route], [m].[Status], [m].[Title], [m].[UpdatedBy]
FROM [Library].[MenuItem] AS [m]
LEFT JOIN [Library].[Role] AS [r] ON [m].[RoleId] = [r].[Id]
WHERE [r].[Id] = @__roleId_0
2022-02-08 02:02:23.149 -05:00 [INF] Executing ObjectResult, writing value of type 'Application.Utilities.Response`1[[System.Collections.Generic.IEnumerable`1[[Application.Config.MenuItem.Dto.MenuItemDto, Application, Version=1.0.0.0, Culture=neutral, PublicKeyToken=null]], System.Private.CoreLib, Version=6.0.0.0, Culture=neutral, PublicKeyToken=7cec85d7bea7798e]]'.
2022-02-08 02:02:23.151 -05:00 [INF] Executed action Api.Controllers.MenuItemController.GetByRole (Api) in 27.805ms
2022-02-08 02:02:23.152 -05:00 [INF] Executed endpoint 'Api.Controllers.MenuItemController.GetByRole (Api)'
2022-02-08 02:02:23.153 -05:00 [INF] Response:
StatusCode: 200
Content-Type: application/json; charset=utf-8
Date: Tue, 08 Feb 2022 07:02:22 GMT
Server: Kestrel
2022-02-08 02:02:23.156 -05:00 [INF] Request finished HTTP/2 GET https://localhost:7150/api/MenuItem/GetByRole/10000001-0001-0001-0001-000000000001 - - - 200 - application/json;+charset=utf-8 41.2469ms
2022-02-08 02:03:20.189 -05:00 [INF] Application is shutting down...
2022-02-08 16:07:48.190 -05:00 [INF] User profile is available. Using 'C:\Users\kevin\AppData\Local\ASP.NET\DataProtection-Keys' as key repository and Windows DPAPI to encrypt keys at rest.
2022-02-08 16:07:48.384 -05:00 [INF] Now listening on: https://localhost:7150
2022-02-08 16:07:48.386 -05:00 [INF] Now listening on: http://localhost:5150
2022-02-08 16:07:48.390 -05:00 [INF] Application started. Press Ctrl+C to shut down.
2022-02-08 16:07:48.392 -05:00 [INF] Hosting environment: Development
2022-02-08 16:07:48.394 -05:00 [INF] Content root path: C:\Users\kevin\RiderProjects\LibraryStore\Api\
2022-02-08 16:07:51.899 -05:00 [INF] Request starting HTTP/2 GET https://localhost:7150/api/MenuItem/GetByRole/10000001-0001-0001-0001-000000000001 - -
2022-02-08 16:07:51.935 -05:00 [INF] CORS policy execution successful.
2022-02-08 16:07:51.971 -05:00 [INF] Request:
Protocol: HTTP/2
Method: GET
Scheme: https
PathBase: 
Path: /api/MenuItem/GetByRole/10000001-0001-0001-0001-000000000001
Accept: application/json, text/plain, */*
Host: localhost:7150
User-Agent: Mozilla/5.0 (Windows NT 10.0; Win64; x64) AppleWebKit/537.36 (KHTML, like Gecko) Chrome/98.0.4758.80 Safari/537.36 Edg/98.0.1108.43
:method: [Redacted]
Accept-Encoding: gzip, deflate, br
Accept-Language: es,es-ES;q=0.9,en;q=0.8,en-GB;q=0.7,en-US;q=0.6
Origin: [Redacted]
Referer: [Redacted]
sec-ch-ua: [Redacted]
sec-ch-ua-mobile: [Redacted]
sec-ch-ua-platform: [Redacted]
sec-fetch-site: [Redacted]
sec-fetch-mode: [Redacted]
sec-fetch-dest: [Redacted]
2022-02-08 16:07:52.014 -05:00 [INF] Executing endpoint 'Api.Controllers.MenuItemController.GetByRole (Api)'
2022-02-08 16:07:52.057 -05:00 [INF] Route matched with {action = "GetByRole", controller = "MenuItem"}. Executing controller action with signature System.Threading.Tasks.Task`1[Microsoft.AspNetCore.Mvc.ActionResult`1[Application.Utilities.Response`1[System.Collections.Generic.IEnumerable`1[Application.Config.MenuItem.Dto.MenuItemDto]]]] GetByRole(System.Guid) on controller Api.Controllers.MenuItemController (Api).
2022-02-08 16:07:53.072 -05:00 [INF] Entity Framework Core 5.0.10 initialized 'PersistenceContext' using provider 'Microsoft.EntityFrameworkCore.SqlServer' with options: MigrationsHistoryTable=Library._MigrationHistory 
2022-02-08 16:07:53.861 -05:00 [INF] Executed DbCommand (130ms) [Parameters=[@__roleId_0='?' (DbType = Guid)], CommandType='"Text"', CommandTimeout='30']
SELECT [m].[Id], [m].[CreatedBy], [m].[CreatedOn], [m].[IconClass], [m].[LastModifiedOn], [m].[RoleId], [m].[Route], [m].[Status], [m].[Title], [m].[UpdatedBy], [r].[Id], [r].[CreatedBy], [r].[CreatedOn], [r].[Description], [r].[LastModifiedOn], [r].[RoleName], [r].[Status], [r].[UpdatedBy]
FROM [Library].[MenuItem] AS [m]
LEFT JOIN [Library].[Role] AS [r] ON [m].[RoleId] = [r].[Id]
WHERE [r].[Id] = @__roleId_0
2022-02-08 16:07:53.946 -05:00 [INF] Executing ObjectResult, writing value of type 'Application.Utilities.Response`1[[System.Collections.Generic.IEnumerable`1[[Application.Config.MenuItem.Dto.MenuItemDto, Application, Version=1.0.0.0, Culture=neutral, PublicKeyToken=null]], System.Private.CoreLib, Version=6.0.0.0, Culture=neutral, PublicKeyToken=7cec85d7bea7798e]]'.
2022-02-08 16:07:54.010 -05:00 [INF] Executed action Api.Controllers.MenuItemController.GetByRole (Api) in 1945.0778ms
2022-02-08 16:07:54.013 -05:00 [INF] Executed endpoint 'Api.Controllers.MenuItemController.GetByRole (Api)'
2022-02-08 16:07:54.016 -05:00 [INF] Response:
StatusCode: 200
Content-Type: application/json; charset=utf-8
Date: Tue, 08 Feb 2022 21:07:53 GMT
Server: Kestrel
Access-Control-Allow-Origin: [Redacted]
2022-02-08 16:07:54.028 -05:00 [INF] Request finished HTTP/2 GET https://localhost:7150/api/MenuItem/GetByRole/10000001-0001-0001-0001-000000000001 - - - 200 - application/json;+charset=utf-8 2132.0746ms
2022-02-08 16:20:47.658 -05:00 [INF] Request starting HTTP/2 GET https://localhost:7150/api/MenuItem/GetByRole/10000001-0001-0001-0001-000000000001 - -
2022-02-08 16:20:47.659 -05:00 [INF] CORS policy execution successful.
2022-02-08 16:20:47.663 -05:00 [INF] Request:
Protocol: HTTP/2
Method: GET
Scheme: https
PathBase: 
Path: /api/MenuItem/GetByRole/10000001-0001-0001-0001-000000000001
Accept: application/json, text/plain, */*
Host: localhost:7150
User-Agent: Mozilla/5.0 (Windows NT 10.0; Win64; x64) AppleWebKit/537.36 (KHTML, like Gecko) Chrome/98.0.4758.80 Safari/537.36 Edg/98.0.1108.43
:method: [Redacted]
Accept-Encoding: gzip, deflate, br
Accept-Language: es,es-ES;q=0.9,en;q=0.8,en-GB;q=0.7,en-US;q=0.6
Origin: [Redacted]
Referer: [Redacted]
sec-ch-ua: [Redacted]
sec-ch-ua-mobile: [Redacted]
sec-ch-ua-platform: [Redacted]
sec-fetch-site: [Redacted]
sec-fetch-mode: [Redacted]
sec-fetch-dest: [Redacted]
2022-02-08 16:20:47.668 -05:00 [INF] Executing endpoint 'Api.Controllers.MenuItemController.GetByRole (Api)'
2022-02-08 16:20:47.670 -05:00 [INF] Route matched with {action = "GetByRole", controller = "MenuItem"}. Executing controller action with signature System.Threading.Tasks.Task`1[Microsoft.AspNetCore.Mvc.ActionResult`1[Application.Utilities.Response`1[System.Collections.Generic.IEnumerable`1[Application.Config.MenuItem.Dto.MenuItemDto]]]] GetByRole(System.Guid) on controller Api.Controllers.MenuItemController (Api).
2022-02-08 16:20:47.747 -05:00 [INF] Entity Framework Core 5.0.10 initialized 'PersistenceContext' using provider 'Microsoft.EntityFrameworkCore.SqlServer' with options: MigrationsHistoryTable=Library._MigrationHistory 
2022-02-08 16:20:47.845 -05:00 [INF] Executed DbCommand (9ms) [Parameters=[@__roleId_0='?' (DbType = Guid)], CommandType='"Text"', CommandTimeout='30']
SELECT [m].[Id], [m].[CreatedBy], [m].[CreatedOn], [m].[IconClass], [m].[LastModifiedOn], [m].[RoleId], [m].[Route], [m].[Status], [m].[Title], [m].[UpdatedBy], [r].[Id], [r].[CreatedBy], [r].[CreatedOn], [r].[Description], [r].[LastModifiedOn], [r].[RoleName], [r].[Status], [r].[UpdatedBy]
FROM [Library].[MenuItem] AS [m]
LEFT JOIN [Library].[Role] AS [r] ON [m].[RoleId] = [r].[Id]
WHERE [r].[Id] = @__roleId_0
2022-02-08 16:20:47.853 -05:00 [INF] Executing ObjectResult, writing value of type 'Application.Utilities.Response`1[[System.Collections.Generic.IEnumerable`1[[Application.Config.MenuItem.Dto.MenuItemDto, Application, Version=1.0.0.0, Culture=neutral, PublicKeyToken=null]], System.Private.CoreLib, Version=6.0.0.0, Culture=neutral, PublicKeyToken=7cec85d7bea7798e]]'.
2022-02-08 16:20:47.855 -05:00 [INF] Executed action Api.Controllers.MenuItemController.GetByRole (Api) in 182.3942ms
2022-02-08 16:20:47.857 -05:00 [INF] Executed endpoint 'Api.Controllers.MenuItemController.GetByRole (Api)'
2022-02-08 16:20:47.859 -05:00 [INF] Response:
StatusCode: 200
Content-Type: application/json; charset=utf-8
Date: Tue, 08 Feb 2022 21:20:47 GMT
Server: Kestrel
Access-Control-Allow-Origin: [Redacted]
2022-02-08 16:20:47.861 -05:00 [INF] Request finished HTTP/2 GET https://localhost:7150/api/MenuItem/GetByRole/10000001-0001-0001-0001-000000000001 - - - 200 - application/json;+charset=utf-8 203.8847ms
2022-02-08 16:21:16.239 -05:00 [INF] Request starting HTTP/2 GET https://localhost:7150/api/MenuItem/GetByRole/10000001-0001-0001-0001-000000000001 - -
2022-02-08 16:21:16.243 -05:00 [INF] CORS policy execution successful.
2022-02-08 16:21:16.245 -05:00 [INF] Request:
Protocol: HTTP/2
Method: GET
Scheme: https
PathBase: 
Path: /api/MenuItem/GetByRole/10000001-0001-0001-0001-000000000001
Accept: application/json, text/plain, */*
Host: localhost:7150
User-Agent: Mozilla/5.0 (Windows NT 10.0; Win64; x64) AppleWebKit/537.36 (KHTML, like Gecko) Chrome/98.0.4758.80 Safari/537.36 Edg/98.0.1108.43
:method: [Redacted]
Accept-Encoding: gzip, deflate, br
Accept-Language: es,es-ES;q=0.9,en;q=0.8,en-GB;q=0.7,en-US;q=0.6
Origin: [Redacted]
Referer: [Redacted]
sec-ch-ua: [Redacted]
sec-ch-ua-mobile: [Redacted]
sec-ch-ua-platform: [Redacted]
sec-fetch-site: [Redacted]
sec-fetch-mode: [Redacted]
sec-fetch-dest: [Redacted]
2022-02-08 16:21:16.266 -05:00 [INF] Executing endpoint 'Api.Controllers.MenuItemController.GetByRole (Api)'
2022-02-08 16:21:16.267 -05:00 [INF] Route matched with {action = "GetByRole", controller = "MenuItem"}. Executing controller action with signature System.Threading.Tasks.Task`1[Microsoft.AspNetCore.Mvc.ActionResult`1[Application.Utilities.Response`1[System.Collections.Generic.IEnumerable`1[Application.Config.MenuItem.Dto.MenuItemDto]]]] GetByRole(System.Guid) on controller Api.Controllers.MenuItemController (Api).
2022-02-08 16:21:16.292 -05:00 [INF] Entity Framework Core 5.0.10 initialized 'PersistenceContext' using provider 'Microsoft.EntityFrameworkCore.SqlServer' with options: MigrationsHistoryTable=Library._MigrationHistory 
2022-02-08 16:21:16.303 -05:00 [INF] Executed DbCommand (4ms) [Parameters=[@__roleId_0='?' (DbType = Guid)], CommandType='"Text"', CommandTimeout='30']
SELECT [m].[Id], [m].[CreatedBy], [m].[CreatedOn], [m].[IconClass], [m].[LastModifiedOn], [m].[RoleId], [m].[Route], [m].[Status], [m].[Title], [m].[UpdatedBy], [r].[Id], [r].[CreatedBy], [r].[CreatedOn], [r].[Description], [r].[LastModifiedOn], [r].[RoleName], [r].[Status], [r].[UpdatedBy]
FROM [Library].[MenuItem] AS [m]
LEFT JOIN [Library].[Role] AS [r] ON [m].[RoleId] = [r].[Id]
WHERE [r].[Id] = @__roleId_0
2022-02-08 16:21:16.308 -05:00 [INF] Executing ObjectResult, writing value of type 'Application.Utilities.Response`1[[System.Collections.Generic.IEnumerable`1[[Application.Config.MenuItem.Dto.MenuItemDto, Application, Version=1.0.0.0, Culture=neutral, PublicKeyToken=null]], System.Private.CoreLib, Version=6.0.0.0, Culture=neutral, PublicKeyToken=7cec85d7bea7798e]]'.
2022-02-08 16:21:16.310 -05:00 [INF] Executed action Api.Controllers.MenuItemController.GetByRole (Api) in 36.0746ms
2022-02-08 16:21:16.312 -05:00 [INF] Executed endpoint 'Api.Controllers.MenuItemController.GetByRole (Api)'
2022-02-08 16:21:16.313 -05:00 [INF] Response:
StatusCode: 200
Content-Type: application/json; charset=utf-8
Date: Tue, 08 Feb 2022 21:21:15 GMT
Server: Kestrel
Access-Control-Allow-Origin: [Redacted]
2022-02-08 16:21:16.315 -05:00 [INF] Request finished HTTP/2 GET https://localhost:7150/api/MenuItem/GetByRole/10000001-0001-0001-0001-000000000001 - - - 200 - application/json;+charset=utf-8 76.1429ms
2022-02-08 16:21:59.793 -05:00 [INF] Request starting HTTP/2 GET https://localhost:7150/api/MenuItem/GetByRole/10000001-0001-0001-0001-000000000001 - -
2022-02-08 16:21:59.794 -05:00 [INF] Request:
Protocol: HTTP/2
Method: GET
Scheme: https
PathBase: 
Path: /api/MenuItem/GetByRole/10000001-0001-0001-0001-000000000001
Accept: text/plain
Host: localhost:7150
User-Agent: Mozilla/5.0 (Windows NT 10.0; Win64; x64) AppleWebKit/537.36 (KHTML, like Gecko) Chrome/98.0.4758.80 Safari/537.36 Edg/98.0.1108.43
:method: [Redacted]
Accept-Encoding: gzip, deflate, br
Accept-Language: es,es-ES;q=0.9,en;q=0.8,en-GB;q=0.7,en-US;q=0.6
Cookie: [Redacted]
Referer: [Redacted]
sec-ch-ua: [Redacted]
sec-ch-ua-mobile: [Redacted]
sec-ch-ua-platform: [Redacted]
sec-fetch-site: [Redacted]
sec-fetch-mode: [Redacted]
sec-fetch-dest: [Redacted]
2022-02-08 16:21:59.798 -05:00 [INF] Executing endpoint 'Api.Controllers.MenuItemController.GetByRole (Api)'
2022-02-08 16:21:59.799 -05:00 [INF] Route matched with {action = "GetByRole", controller = "MenuItem"}. Executing controller action with signature System.Threading.Tasks.Task`1[Microsoft.AspNetCore.Mvc.ActionResult`1[Application.Utilities.Response`1[System.Collections.Generic.IEnumerable`1[Application.Config.MenuItem.Dto.MenuItemDto]]]] GetByRole(System.Guid) on controller Api.Controllers.MenuItemController (Api).
2022-02-08 16:21:59.802 -05:00 [INF] Entity Framework Core 5.0.10 initialized 'PersistenceContext' using provider 'Microsoft.EntityFrameworkCore.SqlServer' with options: MigrationsHistoryTable=Library._MigrationHistory 
2022-02-08 16:21:59.808 -05:00 [INF] Executed DbCommand (4ms) [Parameters=[@__roleId_0='?' (DbType = Guid)], CommandType='"Text"', CommandTimeout='30']
SELECT [m].[Id], [m].[CreatedBy], [m].[CreatedOn], [m].[IconClass], [m].[LastModifiedOn], [m].[RoleId], [m].[Route], [m].[Status], [m].[Title], [m].[UpdatedBy], [r].[Id], [r].[CreatedBy], [r].[CreatedOn], [r].[Description], [r].[LastModifiedOn], [r].[RoleName], [r].[Status], [r].[UpdatedBy]
FROM [Library].[MenuItem] AS [m]
LEFT JOIN [Library].[Role] AS [r] ON [m].[RoleId] = [r].[Id]
WHERE [r].[Id] = @__roleId_0
2022-02-08 16:21:59.814 -05:00 [INF] Executing ObjectResult, writing value of type 'Application.Utilities.Response`1[[System.Collections.Generic.IEnumerable`1[[Application.Config.MenuItem.Dto.MenuItemDto, Application, Version=1.0.0.0, Culture=neutral, PublicKeyToken=null]], System.Private.CoreLib, Version=6.0.0.0, Culture=neutral, PublicKeyToken=7cec85d7bea7798e]]'.
2022-02-08 16:21:59.817 -05:00 [INF] Executed action Api.Controllers.MenuItemController.GetByRole (Api) in 15.8041ms
2022-02-08 16:21:59.819 -05:00 [INF] Executed endpoint 'Api.Controllers.MenuItemController.GetByRole (Api)'
2022-02-08 16:21:59.820 -05:00 [INF] Response:
StatusCode: 200
Content-Type: application/json; charset=utf-8
Date: Tue, 08 Feb 2022 21:21:59 GMT
Server: Kestrel
2022-02-08 16:21:59.821 -05:00 [INF] Request finished HTTP/2 GET https://localhost:7150/api/MenuItem/GetByRole/10000001-0001-0001-0001-000000000001 - - - 200 - application/json;+charset=utf-8 28.4692ms
2022-02-08 16:30:11.471 -05:00 [INF] Request starting HTTP/2 GET https://localhost:7150/api/MenuItem/GetByRole/10000001-0001-0001-0001-000000000001 - -
2022-02-08 16:30:11.473 -05:00 [INF] CORS policy execution successful.
2022-02-08 16:30:11.474 -05:00 [INF] Request:
Protocol: HTTP/2
Method: GET
Scheme: https
PathBase: 
Path: /api/MenuItem/GetByRole/10000001-0001-0001-0001-000000000001
Accept: application/json, text/plain, */*
Host: localhost:7150
User-Agent: Mozilla/5.0 (Windows NT 10.0; Win64; x64) AppleWebKit/537.36 (KHTML, like Gecko) Chrome/98.0.4758.80 Safari/537.36 Edg/98.0.1108.43
:method: [Redacted]
Accept-Encoding: gzip, deflate, br
Accept-Language: es,es-ES;q=0.9,en;q=0.8,en-GB;q=0.7,en-US;q=0.6
Origin: [Redacted]
Referer: [Redacted]
sec-ch-ua: [Redacted]
sec-ch-ua-mobile: [Redacted]
sec-ch-ua-platform: [Redacted]
sec-fetch-site: [Redacted]
sec-fetch-mode: [Redacted]
sec-fetch-dest: [Redacted]
2022-02-08 16:30:11.479 -05:00 [INF] Executing endpoint 'Api.Controllers.MenuItemController.GetByRole (Api)'
2022-02-08 16:30:11.480 -05:00 [INF] Route matched with {action = "GetByRole", controller = "MenuItem"}. Executing controller action with signature System.Threading.Tasks.Task`1[Microsoft.AspNetCore.Mvc.ActionResult`1[Application.Utilities.Response`1[System.Collections.Generic.IEnumerable`1[Application.Config.MenuItem.Dto.MenuItemDto]]]] GetByRole(System.Guid) on controller Api.Controllers.MenuItemController (Api).
2022-02-08 16:30:11.485 -05:00 [INF] Entity Framework Core 5.0.10 initialized 'PersistenceContext' using provider 'Microsoft.EntityFrameworkCore.SqlServer' with options: MigrationsHistoryTable=Library._MigrationHistory 
2022-02-08 16:30:11.577 -05:00 [INF] Executed DbCommand (8ms) [Parameters=[@__roleId_0='?' (DbType = Guid)], CommandType='"Text"', CommandTimeout='30']
SELECT [m].[Id], [m].[CreatedBy], [m].[CreatedOn], [m].[IconClass], [m].[LastModifiedOn], [m].[RoleId], [m].[Route], [m].[Status], [m].[Title], [m].[UpdatedBy], [r].[Id], [r].[CreatedBy], [r].[CreatedOn], [r].[Description], [r].[LastModifiedOn], [r].[RoleName], [r].[Status], [r].[UpdatedBy]
FROM [Library].[MenuItem] AS [m]
LEFT JOIN [Library].[Role] AS [r] ON [m].[RoleId] = [r].[Id]
WHERE [r].[Id] = @__roleId_0
2022-02-08 16:30:11.583 -05:00 [INF] Executing ObjectResult, writing value of type 'Application.Utilities.Response`1[[System.Collections.Generic.IEnumerable`1[[Application.Config.MenuItem.Dto.MenuItemDto, Application, Version=1.0.0.0, Culture=neutral, PublicKeyToken=null]], System.Private.CoreLib, Version=6.0.0.0, Culture=neutral, PublicKeyToken=7cec85d7bea7798e]]'.
2022-02-08 16:30:11.588 -05:00 [INF] Executed action Api.Controllers.MenuItemController.GetByRole (Api) in 103.8637ms
2022-02-08 16:30:11.593 -05:00 [INF] Executed endpoint 'Api.Controllers.MenuItemController.GetByRole (Api)'
2022-02-08 16:30:11.596 -05:00 [INF] Response:
StatusCode: 200
Content-Type: application/json; charset=utf-8
Date: Tue, 08 Feb 2022 21:30:11 GMT
Server: Kestrel
Access-Control-Allow-Origin: [Redacted]
2022-02-08 16:30:11.598 -05:00 [INF] Request finished HTTP/2 GET https://localhost:7150/api/MenuItem/GetByRole/10000001-0001-0001-0001-000000000001 - - - 200 - application/json;+charset=utf-8 127.3419ms
2022-02-08 16:30:14.900 -05:00 [INF] Request starting HTTP/2 GET https://localhost:7150/api/MenuItem/GetByRole/10000001-0001-0001-0001-000000000001 - -
2022-02-08 16:30:14.902 -05:00 [INF] CORS policy execution successful.
2022-02-08 16:30:14.903 -05:00 [INF] Request:
Protocol: HTTP/2
Method: GET
Scheme: https
PathBase: 
Path: /api/MenuItem/GetByRole/10000001-0001-0001-0001-000000000001
Accept: application/json, text/plain, */*
Host: localhost:7150
User-Agent: Mozilla/5.0 (Windows NT 10.0; Win64; x64) AppleWebKit/537.36 (KHTML, like Gecko) Chrome/98.0.4758.80 Safari/537.36 Edg/98.0.1108.43
:method: [Redacted]
Accept-Encoding: gzip, deflate, br
Accept-Language: es,es-ES;q=0.9,en;q=0.8,en-GB;q=0.7,en-US;q=0.6
Origin: [Redacted]
Referer: [Redacted]
sec-ch-ua: [Redacted]
sec-ch-ua-mobile: [Redacted]
sec-ch-ua-platform: [Redacted]
sec-fetch-site: [Redacted]
sec-fetch-mode: [Redacted]
sec-fetch-dest: [Redacted]
2022-02-08 16:30:14.907 -05:00 [INF] Executing endpoint 'Api.Controllers.MenuItemController.GetByRole (Api)'
2022-02-08 16:30:14.910 -05:00 [INF] Route matched with {action = "GetByRole", controller = "MenuItem"}. Executing controller action with signature System.Threading.Tasks.Task`1[Microsoft.AspNetCore.Mvc.ActionResult`1[Application.Utilities.Response`1[System.Collections.Generic.IEnumerable`1[Application.Config.MenuItem.Dto.MenuItemDto]]]] GetByRole(System.Guid) on controller Api.Controllers.MenuItemController (Api).
2022-02-08 16:30:14.913 -05:00 [INF] Entity Framework Core 5.0.10 initialized 'PersistenceContext' using provider 'Microsoft.EntityFrameworkCore.SqlServer' with options: MigrationsHistoryTable=Library._MigrationHistory 
2022-02-08 16:30:14.916 -05:00 [INF] Executed DbCommand (1ms) [Parameters=[@__roleId_0='?' (DbType = Guid)], CommandType='"Text"', CommandTimeout='30']
SELECT [m].[Id], [m].[CreatedBy], [m].[CreatedOn], [m].[IconClass], [m].[LastModifiedOn], [m].[RoleId], [m].[Route], [m].[Status], [m].[Title], [m].[UpdatedBy], [r].[Id], [r].[CreatedBy], [r].[CreatedOn], [r].[Description], [r].[LastModifiedOn], [r].[RoleName], [r].[Status], [r].[UpdatedBy]
FROM [Library].[MenuItem] AS [m]
LEFT JOIN [Library].[Role] AS [r] ON [m].[RoleId] = [r].[Id]
WHERE [r].[Id] = @__roleId_0
2022-02-08 16:30:14.921 -05:00 [INF] Executing ObjectResult, writing value of type 'Application.Utilities.Response`1[[System.Collections.Generic.IEnumerable`1[[Application.Config.MenuItem.Dto.MenuItemDto, Application, Version=1.0.0.0, Culture=neutral, PublicKeyToken=null]], System.Private.CoreLib, Version=6.0.0.0, Culture=neutral, PublicKeyToken=7cec85d7bea7798e]]'.
2022-02-08 16:30:14.923 -05:00 [INF] Executed action Api.Controllers.MenuItemController.GetByRole (Api) in 10.2912ms
2022-02-08 16:30:14.924 -05:00 [INF] Executed endpoint 'Api.Controllers.MenuItemController.GetByRole (Api)'
2022-02-08 16:30:14.925 -05:00 [INF] Response:
StatusCode: 200
Content-Type: application/json; charset=utf-8
Date: Tue, 08 Feb 2022 21:30:14 GMT
Server: Kestrel
Access-Control-Allow-Origin: [Redacted]
2022-02-08 16:30:14.927 -05:00 [INF] Request finished HTTP/2 GET https://localhost:7150/api/MenuItem/GetByRole/10000001-0001-0001-0001-000000000001 - - - 200 - application/json;+charset=utf-8 26.5577ms
2022-02-08 16:31:16.858 -05:00 [INF] Request starting HTTP/2 GET https://localhost:7150/api/MenuItem/GetByRole/10000001-0001-0001-0001-000000000001 - -
2022-02-08 16:31:16.859 -05:00 [INF] CORS policy execution successful.
2022-02-08 16:31:16.861 -05:00 [INF] Request:
Protocol: HTTP/2
Method: GET
Scheme: https
PathBase: 
Path: /api/MenuItem/GetByRole/10000001-0001-0001-0001-000000000001
Accept: application/json, text/plain, */*
Host: localhost:7150
User-Agent: Mozilla/5.0 (Windows NT 10.0; Win64; x64) AppleWebKit/537.36 (KHTML, like Gecko) Chrome/98.0.4758.80 Safari/537.36 Edg/98.0.1108.43
:method: [Redacted]
Accept-Encoding: gzip, deflate, br
Accept-Language: es,es-ES;q=0.9,en;q=0.8,en-GB;q=0.7,en-US;q=0.6
Origin: [Redacted]
Referer: [Redacted]
sec-ch-ua: [Redacted]
sec-ch-ua-mobile: [Redacted]
sec-ch-ua-platform: [Redacted]
sec-fetch-site: [Redacted]
sec-fetch-mode: [Redacted]
sec-fetch-dest: [Redacted]
2022-02-08 16:31:16.866 -05:00 [INF] Executing endpoint 'Api.Controllers.MenuItemController.GetByRole (Api)'
2022-02-08 16:31:16.868 -05:00 [INF] Route matched with {action = "GetByRole", controller = "MenuItem"}. Executing controller action with signature System.Threading.Tasks.Task`1[Microsoft.AspNetCore.Mvc.ActionResult`1[Application.Utilities.Response`1[System.Collections.Generic.IEnumerable`1[Application.Config.MenuItem.Dto.MenuItemDto]]]] GetByRole(System.Guid) on controller Api.Controllers.MenuItemController (Api).
2022-02-08 16:31:16.872 -05:00 [INF] Entity Framework Core 5.0.10 initialized 'PersistenceContext' using provider 'Microsoft.EntityFrameworkCore.SqlServer' with options: MigrationsHistoryTable=Library._MigrationHistory 
2022-02-08 16:31:16.878 -05:00 [INF] Executed DbCommand (3ms) [Parameters=[@__roleId_0='?' (DbType = Guid)], CommandType='"Text"', CommandTimeout='30']
SELECT [m].[Id], [m].[CreatedBy], [m].[CreatedOn], [m].[IconClass], [m].[LastModifiedOn], [m].[RoleId], [m].[Route], [m].[Status], [m].[Title], [m].[UpdatedBy], [r].[Id], [r].[CreatedBy], [r].[CreatedOn], [r].[Description], [r].[LastModifiedOn], [r].[RoleName], [r].[Status], [r].[UpdatedBy]
FROM [Library].[MenuItem] AS [m]
LEFT JOIN [Library].[Role] AS [r] ON [m].[RoleId] = [r].[Id]
WHERE [r].[Id] = @__roleId_0
2022-02-08 16:31:16.881 -05:00 [INF] Executing ObjectResult, writing value of type 'Application.Utilities.Response`1[[System.Collections.Generic.IEnumerable`1[[Application.Config.MenuItem.Dto.MenuItemDto, Application, Version=1.0.0.0, Culture=neutral, PublicKeyToken=null]], System.Private.CoreLib, Version=6.0.0.0, Culture=neutral, PublicKeyToken=7cec85d7bea7798e]]'.
2022-02-08 16:31:16.883 -05:00 [INF] Executed action Api.Controllers.MenuItemController.GetByRole (Api) in 11.5782ms
2022-02-08 16:31:16.884 -05:00 [INF] Executed endpoint 'Api.Controllers.MenuItemController.GetByRole (Api)'
2022-02-08 16:31:16.885 -05:00 [INF] Response:
StatusCode: 200
Content-Type: application/json; charset=utf-8
Date: Tue, 08 Feb 2022 21:31:16 GMT
Server: Kestrel
Access-Control-Allow-Origin: [Redacted]
2022-02-08 16:31:16.886 -05:00 [INF] Request finished HTTP/2 GET https://localhost:7150/api/MenuItem/GetByRole/10000001-0001-0001-0001-000000000001 - - - 200 - application/json;+charset=utf-8 28.5467ms
2022-02-08 16:32:42.774 -05:00 [INF] Request starting HTTP/2 POST https://localhost:7150/api/MenuItem application/json 213
2022-02-08 16:32:42.776 -05:00 [INF] CORS policy execution successful.
2022-02-08 16:32:42.777 -05:00 [INF] Request:
Protocol: HTTP/2
Method: POST
Scheme: https
PathBase: 
Path: /api/MenuItem
Accept: text/plain
Host: localhost:7150
User-Agent: Mozilla/5.0 (Windows NT 10.0; Win64; x64) AppleWebKit/537.36 (KHTML, like Gecko) Chrome/98.0.4758.80 Safari/537.36 Edg/98.0.1108.43
:method: [Redacted]
Accept-Encoding: gzip, deflate, br
Accept-Language: es,es-ES;q=0.9,en;q=0.8,en-GB;q=0.7,en-US;q=0.6
Content-Type: application/json
Cookie: [Redacted]
Origin: [Redacted]
Referer: [Redacted]
Content-Length: 213
sec-ch-ua: [Redacted]
sec-ch-ua-mobile: [Redacted]
sec-ch-ua-platform: [Redacted]
sec-fetch-site: [Redacted]
sec-fetch-mode: [Redacted]
sec-fetch-dest: [Redacted]
2022-02-08 16:32:42.782 -05:00 [INF] Executing endpoint 'Api.Controllers.MenuItemController.Post (Api)'
2022-02-08 16:32:42.794 -05:00 [INF] Route matched with {action = "Post", controller = "MenuItem"}. Executing controller action with signature System.Threading.Tasks.Task`1[Microsoft.AspNetCore.Mvc.ActionResult`1[Application.Utilities.Response`1[Application.Config.MenuItem.Dto.MenuItemDto]]] Post(Application.Config.MenuItem.Commands.MenuItemCreateCommand) on controller Api.Controllers.MenuItemController (Api).
2022-02-08 16:32:42.831 -05:00 [INF] Entity Framework Core 5.0.10 initialized 'PersistenceContext' using provider 'Microsoft.EntityFrameworkCore.SqlServer' with options: MigrationsHistoryTable=Library._MigrationHistory 
2022-02-08 16:32:42.882 -05:00 [INF] Executed DbCommand (3ms) [Parameters=[@__get_Item_0='?' (DbType = Guid)], CommandType='"Text"', CommandTimeout='30']
SELECT TOP(1) [r].[Id], [r].[CreatedBy], [r].[CreatedOn], [r].[Description], [r].[LastModifiedOn], [r].[RoleName], [r].[Status], [r].[UpdatedBy]
FROM [Library].[Role] AS [r]
WHERE [r].[Id] = @__get_Item_0
2022-02-08 16:32:43.098 -05:00 [INF] Executed DbCommand (6ms) [Parameters=[@p0='?' (DbType = Guid), @p1='?' (Size = 4000), @p2='?' (DbType = DateTime2), @p3='?' (Size = 4000), @p4='?' (DbType = Guid), @p5='?' (Size = 4000), @p6='?' (DbType = Boolean), @p7='?' (Size = 4000), @p8='?' (Size = 4000)], CommandType='"Text"', CommandTimeout='30']
SET NOCOUNT ON;
INSERT INTO [Library].[MenuItem] ([Id], [CreatedBy], [CreatedOn], [IconClass], [RoleId], [Route], [Status], [Title], [UpdatedBy])
VALUES (@p0, @p1, @p2, @p3, @p4, @p5, @p6, @p7, @p8);
SELECT [LastModifiedOn]
FROM [Library].[MenuItem]
WHERE @@ROWCOUNT = 1 AND [Id] = @p0;
2022-02-08 16:32:43.137 -05:00 [INF] Executing ObjectResult, writing value of type 'Application.Utilities.Response`1[[Application.Config.MenuItem.Dto.MenuItemDto, Application, Version=1.0.0.0, Culture=neutral, PublicKeyToken=null]]'.
2022-02-08 16:32:43.142 -05:00 [INF] Executed action Api.Controllers.MenuItemController.Post (Api) in 345.2993ms
2022-02-08 16:32:43.143 -05:00 [INF] Executed endpoint 'Api.Controllers.MenuItemController.Post (Api)'
2022-02-08 16:32:43.144 -05:00 [INF] Response:
StatusCode: 200
Content-Type: application/json; charset=utf-8
Date: Tue, 08 Feb 2022 21:32:42 GMT
Server: Kestrel
Access-Control-Allow-Origin: [Redacted]
2022-02-08 16:32:43.146 -05:00 [INF] Request finished HTTP/2 POST https://localhost:7150/api/MenuItem application/json 213 - 200 - application/json;+charset=utf-8 371.2126ms
2022-02-08 16:32:53.464 -05:00 [INF] Request starting HTTP/2 GET https://localhost:7150/api/MenuItem/GetByRole/10000001-0001-0001-0001-000000000001 - -
2022-02-08 16:32:53.467 -05:00 [INF] CORS policy execution successful.
2022-02-08 16:32:53.469 -05:00 [INF] Request:
Protocol: HTTP/2
Method: GET
Scheme: https
PathBase: 
Path: /api/MenuItem/GetByRole/10000001-0001-0001-0001-000000000001
Accept: application/json, text/plain, */*
Host: localhost:7150
User-Agent: Mozilla/5.0 (Windows NT 10.0; Win64; x64) AppleWebKit/537.36 (KHTML, like Gecko) Chrome/98.0.4758.80 Safari/537.36 Edg/98.0.1108.43
:method: [Redacted]
Accept-Encoding: gzip, deflate, br
Accept-Language: es,es-ES;q=0.9,en;q=0.8,en-GB;q=0.7,en-US;q=0.6
Origin: [Redacted]
Referer: [Redacted]
sec-ch-ua: [Redacted]
sec-ch-ua-mobile: [Redacted]
sec-ch-ua-platform: [Redacted]
sec-fetch-site: [Redacted]
sec-fetch-mode: [Redacted]
sec-fetch-dest: [Redacted]
2022-02-08 16:32:53.475 -05:00 [INF] Executing endpoint 'Api.Controllers.MenuItemController.GetByRole (Api)'
2022-02-08 16:32:53.479 -05:00 [INF] Route matched with {action = "GetByRole", controller = "MenuItem"}. Executing controller action with signature System.Threading.Tasks.Task`1[Microsoft.AspNetCore.Mvc.ActionResult`1[Application.Utilities.Response`1[System.Collections.Generic.IEnumerable`1[Application.Config.MenuItem.Dto.MenuItemDto]]]] GetByRole(System.Guid) on controller Api.Controllers.MenuItemController (Api).
2022-02-08 16:32:53.483 -05:00 [INF] Entity Framework Core 5.0.10 initialized 'PersistenceContext' using provider 'Microsoft.EntityFrameworkCore.SqlServer' with options: MigrationsHistoryTable=Library._MigrationHistory 
2022-02-08 16:32:53.488 -05:00 [INF] Executed DbCommand (2ms) [Parameters=[@__roleId_0='?' (DbType = Guid)], CommandType='"Text"', CommandTimeout='30']
SELECT [m].[Id], [m].[CreatedBy], [m].[CreatedOn], [m].[IconClass], [m].[LastModifiedOn], [m].[RoleId], [m].[Route], [m].[Status], [m].[Title], [m].[UpdatedBy], [r].[Id], [r].[CreatedBy], [r].[CreatedOn], [r].[Description], [r].[LastModifiedOn], [r].[RoleName], [r].[Status], [r].[UpdatedBy]
FROM [Library].[MenuItem] AS [m]
LEFT JOIN [Library].[Role] AS [r] ON [m].[RoleId] = [r].[Id]
WHERE [r].[Id] = @__roleId_0
2022-02-08 16:32:53.492 -05:00 [INF] Executing ObjectResult, writing value of type 'Application.Utilities.Response`1[[System.Collections.Generic.IEnumerable`1[[Application.Config.MenuItem.Dto.MenuItemDto, Application, Version=1.0.0.0, Culture=neutral, PublicKeyToken=null]], System.Private.CoreLib, Version=6.0.0.0, Culture=neutral, PublicKeyToken=7cec85d7bea7798e]]'.
2022-02-08 16:32:53.495 -05:00 [INF] Executed action Api.Controllers.MenuItemController.GetByRole (Api) in 12.5906ms
2022-02-08 16:32:53.497 -05:00 [INF] Executed endpoint 'Api.Controllers.MenuItemController.GetByRole (Api)'
2022-02-08 16:32:53.498 -05:00 [INF] Response:
StatusCode: 200
Content-Type: application/json; charset=utf-8
Date: Tue, 08 Feb 2022 21:32:53 GMT
Server: Kestrel
Access-Control-Allow-Origin: [Redacted]
2022-02-08 16:32:53.499 -05:00 [INF] Request finished HTTP/2 GET https://localhost:7150/api/MenuItem/GetByRole/10000001-0001-0001-0001-000000000001 - - - 200 - application/json;+charset=utf-8 35.4248ms
2022-02-08 16:32:59.072 -05:00 [INF] Request starting HTTP/2 GET https://localhost:7150/api/MenuItem/GetByRole/10000001-0001-0001-0001-000000000001 - -
2022-02-08 16:32:59.074 -05:00 [INF] CORS policy execution successful.
2022-02-08 16:32:59.076 -05:00 [INF] Request:
Protocol: HTTP/2
Method: GET
Scheme: https
PathBase: 
Path: /api/MenuItem/GetByRole/10000001-0001-0001-0001-000000000001
Accept: application/json, text/plain, */*
Host: localhost:7150
User-Agent: Mozilla/5.0 (Windows NT 10.0; Win64; x64) AppleWebKit/537.36 (KHTML, like Gecko) Chrome/98.0.4758.80 Safari/537.36 Edg/98.0.1108.43
:method: [Redacted]
Accept-Encoding: gzip, deflate, br
Accept-Language: es,es-ES;q=0.9,en;q=0.8,en-GB;q=0.7,en-US;q=0.6
Origin: [Redacted]
Referer: [Redacted]
sec-ch-ua: [Redacted]
sec-ch-ua-mobile: [Redacted]
sec-ch-ua-platform: [Redacted]
sec-fetch-site: [Redacted]
sec-fetch-mode: [Redacted]
sec-fetch-dest: [Redacted]
2022-02-08 16:32:59.080 -05:00 [INF] Executing endpoint 'Api.Controllers.MenuItemController.GetByRole (Api)'
2022-02-08 16:32:59.082 -05:00 [INF] Route matched with {action = "GetByRole", controller = "MenuItem"}. Executing controller action with signature System.Threading.Tasks.Task`1[Microsoft.AspNetCore.Mvc.ActionResult`1[Application.Utilities.Response`1[System.Collections.Generic.IEnumerable`1[Application.Config.MenuItem.Dto.MenuItemDto]]]] GetByRole(System.Guid) on controller Api.Controllers.MenuItemController (Api).
2022-02-08 16:32:59.086 -05:00 [INF] Entity Framework Core 5.0.10 initialized 'PersistenceContext' using provider 'Microsoft.EntityFrameworkCore.SqlServer' with options: MigrationsHistoryTable=Library._MigrationHistory 
2022-02-08 16:32:59.091 -05:00 [INF] Executed DbCommand (1ms) [Parameters=[@__roleId_0='?' (DbType = Guid)], CommandType='"Text"', CommandTimeout='30']
SELECT [m].[Id], [m].[CreatedBy], [m].[CreatedOn], [m].[IconClass], [m].[LastModifiedOn], [m].[RoleId], [m].[Route], [m].[Status], [m].[Title], [m].[UpdatedBy], [r].[Id], [r].[CreatedBy], [r].[CreatedOn], [r].[Description], [r].[LastModifiedOn], [r].[RoleName], [r].[Status], [r].[UpdatedBy]
FROM [Library].[MenuItem] AS [m]
LEFT JOIN [Library].[Role] AS [r] ON [m].[RoleId] = [r].[Id]
WHERE [r].[Id] = @__roleId_0
2022-02-08 16:32:59.096 -05:00 [INF] Executing ObjectResult, writing value of type 'Application.Utilities.Response`1[[System.Collections.Generic.IEnumerable`1[[Application.Config.MenuItem.Dto.MenuItemDto, Application, Version=1.0.0.0, Culture=neutral, PublicKeyToken=null]], System.Private.CoreLib, Version=6.0.0.0, Culture=neutral, PublicKeyToken=7cec85d7bea7798e]]'.
2022-02-08 16:32:59.098 -05:00 [INF] Executed action Api.Controllers.MenuItemController.GetByRole (Api) in 12.6311ms
2022-02-08 16:32:59.099 -05:00 [INF] Executed endpoint 'Api.Controllers.MenuItemController.GetByRole (Api)'
2022-02-08 16:32:59.100 -05:00 [INF] Response:
StatusCode: 200
Content-Type: application/json; charset=utf-8
Date: Tue, 08 Feb 2022 21:32:58 GMT
Server: Kestrel
Access-Control-Allow-Origin: [Redacted]
2022-02-08 16:32:59.103 -05:00 [INF] Request finished HTTP/2 GET https://localhost:7150/api/MenuItem/GetByRole/10000001-0001-0001-0001-000000000001 - - - 200 - application/json;+charset=utf-8 31.2726ms
2022-02-08 16:33:28.325 -05:00 [INF] Request starting HTTP/2 GET https://localhost:7150/api/MenuItem/GetByRole/10000001-0001-0001-0001-000000000001 - -
2022-02-08 16:33:28.329 -05:00 [INF] CORS policy execution successful.
2022-02-08 16:33:28.332 -05:00 [INF] Request:
Protocol: HTTP/2
Method: GET
Scheme: https
PathBase: 
Path: /api/MenuItem/GetByRole/10000001-0001-0001-0001-000000000001
Accept: application/json, text/plain, */*
Host: localhost:7150
User-Agent: Mozilla/5.0 (Windows NT 10.0; Win64; x64) AppleWebKit/537.36 (KHTML, like Gecko) Chrome/98.0.4758.80 Safari/537.36 Edg/98.0.1108.43
:method: [Redacted]
Accept-Encoding: gzip, deflate, br
Accept-Language: es,es-ES;q=0.9,en;q=0.8,en-GB;q=0.7,en-US;q=0.6
Origin: [Redacted]
Referer: [Redacted]
sec-ch-ua: [Redacted]
sec-ch-ua-mobile: [Redacted]
sec-ch-ua-platform: [Redacted]
sec-fetch-site: [Redacted]
sec-fetch-mode: [Redacted]
sec-fetch-dest: [Redacted]
2022-02-08 16:33:28.342 -05:00 [INF] Executing endpoint 'Api.Controllers.MenuItemController.GetByRole (Api)'
2022-02-08 16:33:28.345 -05:00 [INF] Route matched with {action = "GetByRole", controller = "MenuItem"}. Executing controller action with signature System.Threading.Tasks.Task`1[Microsoft.AspNetCore.Mvc.ActionResult`1[Application.Utilities.Response`1[System.Collections.Generic.IEnumerable`1[Application.Config.MenuItem.Dto.MenuItemDto]]]] GetByRole(System.Guid) on controller Api.Controllers.MenuItemController (Api).
2022-02-08 16:33:28.352 -05:00 [INF] Entity Framework Core 5.0.10 initialized 'PersistenceContext' using provider 'Microsoft.EntityFrameworkCore.SqlServer' with options: MigrationsHistoryTable=Library._MigrationHistory 
2022-02-08 16:33:28.357 -05:00 [INF] Executed DbCommand (1ms) [Parameters=[@__roleId_0='?' (DbType = Guid)], CommandType='"Text"', CommandTimeout='30']
SELECT [m].[Id], [m].[CreatedBy], [m].[CreatedOn], [m].[IconClass], [m].[LastModifiedOn], [m].[RoleId], [m].[Route], [m].[Status], [m].[Title], [m].[UpdatedBy], [r].[Id], [r].[CreatedBy], [r].[CreatedOn], [r].[Description], [r].[LastModifiedOn], [r].[RoleName], [r].[Status], [r].[UpdatedBy]
FROM [Library].[MenuItem] AS [m]
LEFT JOIN [Library].[Role] AS [r] ON [m].[RoleId] = [r].[Id]
WHERE [r].[Id] = @__roleId_0
2022-02-08 16:33:28.363 -05:00 [INF] Executing ObjectResult, writing value of type 'Application.Utilities.Response`1[[System.Collections.Generic.IEnumerable`1[[Application.Config.MenuItem.Dto.MenuItemDto, Application, Version=1.0.0.0, Culture=neutral, PublicKeyToken=null]], System.Private.CoreLib, Version=6.0.0.0, Culture=neutral, PublicKeyToken=7cec85d7bea7798e]]'.
2022-02-08 16:33:28.365 -05:00 [INF] Executed action Api.Controllers.MenuItemController.GetByRole (Api) in 14.0413ms
2022-02-08 16:33:28.367 -05:00 [INF] Executed endpoint 'Api.Controllers.MenuItemController.GetByRole (Api)'
2022-02-08 16:33:28.369 -05:00 [INF] Response:
StatusCode: 200
Content-Type: application/json; charset=utf-8
Date: Tue, 08 Feb 2022 21:33:27 GMT
Server: Kestrel
Access-Control-Allow-Origin: [Redacted]
2022-02-08 16:33:28.371 -05:00 [INF] Request finished HTTP/2 GET https://localhost:7150/api/MenuItem/GetByRole/10000001-0001-0001-0001-000000000001 - - - 200 - application/json;+charset=utf-8 45.3435ms
2022-02-08 16:34:17.205 -05:00 [INF] Request starting HTTP/2 GET https://localhost:7150/api/MenuItem/GetByRole/10000001-0001-0001-0001-000000000001 - -
2022-02-08 16:34:17.207 -05:00 [INF] CORS policy execution successful.
2022-02-08 16:34:17.208 -05:00 [INF] Request:
Protocol: HTTP/2
Method: GET
Scheme: https
PathBase: 
Path: /api/MenuItem/GetByRole/10000001-0001-0001-0001-000000000001
Accept: application/json, text/plain, */*
Host: localhost:7150
User-Agent: Mozilla/5.0 (Windows NT 10.0; Win64; x64) AppleWebKit/537.36 (KHTML, like Gecko) Chrome/98.0.4758.80 Safari/537.36 Edg/98.0.1108.43
:method: [Redacted]
Accept-Encoding: gzip, deflate, br
Accept-Language: es,es-ES;q=0.9,en;q=0.8,en-GB;q=0.7,en-US;q=0.6
Origin: [Redacted]
Referer: [Redacted]
sec-ch-ua: [Redacted]
sec-ch-ua-mobile: [Redacted]
sec-ch-ua-platform: [Redacted]
sec-fetch-site: [Redacted]
sec-fetch-mode: [Redacted]
sec-fetch-dest: [Redacted]
2022-02-08 16:34:17.214 -05:00 [INF] Executing endpoint 'Api.Controllers.MenuItemController.GetByRole (Api)'
2022-02-08 16:34:17.215 -05:00 [INF] Route matched with {action = "GetByRole", controller = "MenuItem"}. Executing controller action with signature System.Threading.Tasks.Task`1[Microsoft.AspNetCore.Mvc.ActionResult`1[Application.Utilities.Response`1[System.Collections.Generic.IEnumerable`1[Application.Config.MenuItem.Dto.MenuItemDto]]]] GetByRole(System.Guid) on controller Api.Controllers.MenuItemController (Api).
2022-02-08 16:34:17.219 -05:00 [INF] Entity Framework Core 5.0.10 initialized 'PersistenceContext' using provider 'Microsoft.EntityFrameworkCore.SqlServer' with options: MigrationsHistoryTable=Library._MigrationHistory 
2022-02-08 16:34:17.231 -05:00 [INF] Executed DbCommand (6ms) [Parameters=[@__roleId_0='?' (DbType = Guid)], CommandType='"Text"', CommandTimeout='30']
SELECT [m].[Id], [m].[CreatedBy], [m].[CreatedOn], [m].[IconClass], [m].[LastModifiedOn], [m].[RoleId], [m].[Route], [m].[Status], [m].[Title], [m].[UpdatedBy], [r].[Id], [r].[CreatedBy], [r].[CreatedOn], [r].[Description], [r].[LastModifiedOn], [r].[RoleName], [r].[Status], [r].[UpdatedBy]
FROM [Library].[MenuItem] AS [m]
LEFT JOIN [Library].[Role] AS [r] ON [m].[RoleId] = [r].[Id]
WHERE [r].[Id] = @__roleId_0
2022-02-08 16:34:17.235 -05:00 [INF] Executing ObjectResult, writing value of type 'Application.Utilities.Response`1[[System.Collections.Generic.IEnumerable`1[[Application.Config.MenuItem.Dto.MenuItemDto, Application, Version=1.0.0.0, Culture=neutral, PublicKeyToken=null]], System.Private.CoreLib, Version=6.0.0.0, Culture=neutral, PublicKeyToken=7cec85d7bea7798e]]'.
2022-02-08 16:34:17.237 -05:00 [INF] Executed action Api.Controllers.MenuItemController.GetByRole (Api) in 19.4678ms
2022-02-08 16:34:17.239 -05:00 [INF] Executed endpoint 'Api.Controllers.MenuItemController.GetByRole (Api)'
2022-02-08 16:34:17.240 -05:00 [INF] Response:
StatusCode: 200
Content-Type: application/json; charset=utf-8
Date: Tue, 08 Feb 2022 21:34:16 GMT
Server: Kestrel
Access-Control-Allow-Origin: [Redacted]
2022-02-08 16:34:17.243 -05:00 [INF] Request finished HTTP/2 GET https://localhost:7150/api/MenuItem/GetByRole/10000001-0001-0001-0001-000000000001 - - - 200 - application/json;+charset=utf-8 37.5516ms
2022-02-08 16:34:19.057 -05:00 [INF] Request starting HTTP/2 GET https://localhost:7150/api/MenuItem/GetByRole/10000001-0001-0001-0001-000000000001 - -
2022-02-08 16:34:19.059 -05:00 [INF] CORS policy execution successful.
2022-02-08 16:34:19.060 -05:00 [INF] Request:
Protocol: HTTP/2
Method: GET
Scheme: https
PathBase: 
Path: /api/MenuItem/GetByRole/10000001-0001-0001-0001-000000000001
Accept: application/json, text/plain, */*
Host: localhost:7150
User-Agent: Mozilla/5.0 (Windows NT 10.0; Win64; x64) AppleWebKit/537.36 (KHTML, like Gecko) Chrome/98.0.4758.80 Safari/537.36 Edg/98.0.1108.43
:method: [Redacted]
Accept-Encoding: gzip, deflate, br
Accept-Language: es,es-ES;q=0.9,en;q=0.8,en-GB;q=0.7,en-US;q=0.6
Origin: [Redacted]
Referer: [Redacted]
sec-ch-ua: [Redacted]
sec-ch-ua-mobile: [Redacted]
sec-ch-ua-platform: [Redacted]
sec-fetch-site: [Redacted]
sec-fetch-mode: [Redacted]
sec-fetch-dest: [Redacted]
2022-02-08 16:34:19.064 -05:00 [INF] Executing endpoint 'Api.Controllers.MenuItemController.GetByRole (Api)'
2022-02-08 16:34:19.066 -05:00 [INF] Route matched with {action = "GetByRole", controller = "MenuItem"}. Executing controller action with signature System.Threading.Tasks.Task`1[Microsoft.AspNetCore.Mvc.ActionResult`1[Application.Utilities.Response`1[System.Collections.Generic.IEnumerable`1[Application.Config.MenuItem.Dto.MenuItemDto]]]] GetByRole(System.Guid) on controller Api.Controllers.MenuItemController (Api).
2022-02-08 16:34:19.068 -05:00 [INF] Entity Framework Core 5.0.10 initialized 'PersistenceContext' using provider 'Microsoft.EntityFrameworkCore.SqlServer' with options: MigrationsHistoryTable=Library._MigrationHistory 
2022-02-08 16:34:19.072 -05:00 [INF] Executed DbCommand (1ms) [Parameters=[@__roleId_0='?' (DbType = Guid)], CommandType='"Text"', CommandTimeout='30']
SELECT [m].[Id], [m].[CreatedBy], [m].[CreatedOn], [m].[IconClass], [m].[LastModifiedOn], [m].[RoleId], [m].[Route], [m].[Status], [m].[Title], [m].[UpdatedBy], [r].[Id], [r].[CreatedBy], [r].[CreatedOn], [r].[Description], [r].[LastModifiedOn], [r].[RoleName], [r].[Status], [r].[UpdatedBy]
FROM [Library].[MenuItem] AS [m]
LEFT JOIN [Library].[Role] AS [r] ON [m].[RoleId] = [r].[Id]
WHERE [r].[Id] = @__roleId_0
2022-02-08 16:34:19.078 -05:00 [INF] Executing ObjectResult, writing value of type 'Application.Utilities.Response`1[[System.Collections.Generic.IEnumerable`1[[Application.Config.MenuItem.Dto.MenuItemDto, Application, Version=1.0.0.0, Culture=neutral, PublicKeyToken=null]], System.Private.CoreLib, Version=6.0.0.0, Culture=neutral, PublicKeyToken=7cec85d7bea7798e]]'.
2022-02-08 16:34:19.080 -05:00 [INF] Executed action Api.Controllers.MenuItemController.GetByRole (Api) in 11.9428ms
2022-02-08 16:34:19.081 -05:00 [INF] Executed endpoint 'Api.Controllers.MenuItemController.GetByRole (Api)'
2022-02-08 16:34:19.082 -05:00 [INF] Response:
StatusCode: 200
Content-Type: application/json; charset=utf-8
Date: Tue, 08 Feb 2022 21:34:18 GMT
Server: Kestrel
Access-Control-Allow-Origin: [Redacted]
2022-02-08 16:34:19.084 -05:00 [INF] Request finished HTTP/2 GET https://localhost:7150/api/MenuItem/GetByRole/10000001-0001-0001-0001-000000000001 - - - 200 - application/json;+charset=utf-8 26.8067ms
2022-02-08 16:34:21.029 -05:00 [INF] Request starting HTTP/2 GET https://localhost:7150/api/MenuItem/GetByRole/10000001-0001-0001-0001-000000000001 - -
2022-02-08 16:34:21.030 -05:00 [INF] CORS policy execution successful.
2022-02-08 16:34:21.031 -05:00 [INF] Request:
Protocol: HTTP/2
Method: GET
Scheme: https
PathBase: 
Path: /api/MenuItem/GetByRole/10000001-0001-0001-0001-000000000001
Accept: application/json, text/plain, */*
Host: localhost:7150
User-Agent: Mozilla/5.0 (Windows NT 10.0; Win64; x64) AppleWebKit/537.36 (KHTML, like Gecko) Chrome/98.0.4758.80 Safari/537.36 Edg/98.0.1108.43
:method: [Redacted]
Accept-Encoding: gzip, deflate, br
Accept-Language: es,es-ES;q=0.9,en;q=0.8,en-GB;q=0.7,en-US;q=0.6
Origin: [Redacted]
Referer: [Redacted]
sec-ch-ua: [Redacted]
sec-ch-ua-mobile: [Redacted]
sec-ch-ua-platform: [Redacted]
sec-fetch-site: [Redacted]
sec-fetch-mode: [Redacted]
sec-fetch-dest: [Redacted]
2022-02-08 16:34:21.035 -05:00 [INF] Executing endpoint 'Api.Controllers.MenuItemController.GetByRole (Api)'
2022-02-08 16:34:21.036 -05:00 [INF] Route matched with {action = "GetByRole", controller = "MenuItem"}. Executing controller action with signature System.Threading.Tasks.Task`1[Microsoft.AspNetCore.Mvc.ActionResult`1[Application.Utilities.Response`1[System.Collections.Generic.IEnumerable`1[Application.Config.MenuItem.Dto.MenuItemDto]]]] GetByRole(System.Guid) on controller Api.Controllers.MenuItemController (Api).
2022-02-08 16:34:21.039 -05:00 [INF] Entity Framework Core 5.0.10 initialized 'PersistenceContext' using provider 'Microsoft.EntityFrameworkCore.SqlServer' with options: MigrationsHistoryTable=Library._MigrationHistory 
2022-02-08 16:34:21.045 -05:00 [INF] Executed DbCommand (1ms) [Parameters=[@__roleId_0='?' (DbType = Guid)], CommandType='"Text"', CommandTimeout='30']
SELECT [m].[Id], [m].[CreatedBy], [m].[CreatedOn], [m].[IconClass], [m].[LastModifiedOn], [m].[RoleId], [m].[Route], [m].[Status], [m].[Title], [m].[UpdatedBy], [r].[Id], [r].[CreatedBy], [r].[CreatedOn], [r].[Description], [r].[LastModifiedOn], [r].[RoleName], [r].[Status], [r].[UpdatedBy]
FROM [Library].[MenuItem] AS [m]
LEFT JOIN [Library].[Role] AS [r] ON [m].[RoleId] = [r].[Id]
WHERE [r].[Id] = @__roleId_0
2022-02-08 16:34:21.050 -05:00 [INF] Executing ObjectResult, writing value of type 'Application.Utilities.Response`1[[System.Collections.Generic.IEnumerable`1[[Application.Config.MenuItem.Dto.MenuItemDto, Application, Version=1.0.0.0, Culture=neutral, PublicKeyToken=null]], System.Private.CoreLib, Version=6.0.0.0, Culture=neutral, PublicKeyToken=7cec85d7bea7798e]]'.
2022-02-08 16:34:21.053 -05:00 [INF] Executed action Api.Controllers.MenuItemController.GetByRole (Api) in 14.1039ms
2022-02-08 16:34:21.054 -05:00 [INF] Executed endpoint 'Api.Controllers.MenuItemController.GetByRole (Api)'
2022-02-08 16:34:21.056 -05:00 [INF] Response:
StatusCode: 200
Content-Type: application/json; charset=utf-8
Date: Tue, 08 Feb 2022 21:34:20 GMT
Server: Kestrel
Access-Control-Allow-Origin: [Redacted]
2022-02-08 16:34:21.058 -05:00 [INF] Request finished HTTP/2 GET https://localhost:7150/api/MenuItem/GetByRole/10000001-0001-0001-0001-000000000001 - - - 200 - application/json;+charset=utf-8 29.0601ms
2022-02-08 16:34:23.110 -05:00 [INF] Request starting HTTP/2 GET https://localhost:7150/api/MenuItem/GetByRole/10000001-0001-0001-0001-000000000001 - -
2022-02-08 16:34:23.111 -05:00 [INF] CORS policy execution successful.
2022-02-08 16:34:23.112 -05:00 [INF] Request:
Protocol: HTTP/2
Method: GET
Scheme: https
PathBase: 
Path: /api/MenuItem/GetByRole/10000001-0001-0001-0001-000000000001
Accept: application/json, text/plain, */*
Host: localhost:7150
User-Agent: Mozilla/5.0 (Windows NT 10.0; Win64; x64) AppleWebKit/537.36 (KHTML, like Gecko) Chrome/98.0.4758.80 Safari/537.36 Edg/98.0.1108.43
:method: [Redacted]
Accept-Encoding: gzip, deflate, br
Accept-Language: es,es-ES;q=0.9,en;q=0.8,en-GB;q=0.7,en-US;q=0.6
Origin: [Redacted]
Referer: [Redacted]
sec-ch-ua: [Redacted]
sec-ch-ua-mobile: [Redacted]
sec-ch-ua-platform: [Redacted]
sec-fetch-site: [Redacted]
sec-fetch-mode: [Redacted]
sec-fetch-dest: [Redacted]
2022-02-08 16:34:23.116 -05:00 [INF] Executing endpoint 'Api.Controllers.MenuItemController.GetByRole (Api)'
2022-02-08 16:34:23.118 -05:00 [INF] Route matched with {action = "GetByRole", controller = "MenuItem"}. Executing controller action with signature System.Threading.Tasks.Task`1[Microsoft.AspNetCore.Mvc.ActionResult`1[Application.Utilities.Response`1[System.Collections.Generic.IEnumerable`1[Application.Config.MenuItem.Dto.MenuItemDto]]]] GetByRole(System.Guid) on controller Api.Controllers.MenuItemController (Api).
2022-02-08 16:34:23.120 -05:00 [INF] Entity Framework Core 5.0.10 initialized 'PersistenceContext' using provider 'Microsoft.EntityFrameworkCore.SqlServer' with options: MigrationsHistoryTable=Library._MigrationHistory 
2022-02-08 16:34:23.125 -05:00 [INF] Executed DbCommand (1ms) [Parameters=[@__roleId_0='?' (DbType = Guid)], CommandType='"Text"', CommandTimeout='30']
SELECT [m].[Id], [m].[CreatedBy], [m].[CreatedOn], [m].[IconClass], [m].[LastModifiedOn], [m].[RoleId], [m].[Route], [m].[Status], [m].[Title], [m].[UpdatedBy], [r].[Id], [r].[CreatedBy], [r].[CreatedOn], [r].[Description], [r].[LastModifiedOn], [r].[RoleName], [r].[Status], [r].[UpdatedBy]
FROM [Library].[MenuItem] AS [m]
LEFT JOIN [Library].[Role] AS [r] ON [m].[RoleId] = [r].[Id]
WHERE [r].[Id] = @__roleId_0
2022-02-08 16:34:23.129 -05:00 [INF] Executing ObjectResult, writing value of type 'Application.Utilities.Response`1[[System.Collections.Generic.IEnumerable`1[[Application.Config.MenuItem.Dto.MenuItemDto, Application, Version=1.0.0.0, Culture=neutral, PublicKeyToken=null]], System.Private.CoreLib, Version=6.0.0.0, Culture=neutral, PublicKeyToken=7cec85d7bea7798e]]'.
2022-02-08 16:34:23.131 -05:00 [INF] Executed action Api.Controllers.MenuItemController.GetByRole (Api) in 10.97ms
2022-02-08 16:34:23.132 -05:00 [INF] Executed endpoint 'Api.Controllers.MenuItemController.GetByRole (Api)'
2022-02-08 16:34:23.134 -05:00 [INF] Response:
StatusCode: 200
Content-Type: application/json; charset=utf-8
Date: Tue, 08 Feb 2022 21:34:22 GMT
Server: Kestrel
Access-Control-Allow-Origin: [Redacted]
2022-02-08 16:34:23.135 -05:00 [INF] Request finished HTTP/2 GET https://localhost:7150/api/MenuItem/GetByRole/10000001-0001-0001-0001-000000000001 - - - 200 - application/json;+charset=utf-8 25.3463ms
2022-02-08 16:34:27.800 -05:00 [INF] Request starting HTTP/2 GET https://localhost:7150/api/MenuItem/GetByRole/10000001-0001-0001-0001-000000000001 - -
2022-02-08 16:34:27.803 -05:00 [INF] CORS policy execution successful.
2022-02-08 16:34:27.804 -05:00 [INF] Request:
Protocol: HTTP/2
Method: GET
Scheme: https
PathBase: 
Path: /api/MenuItem/GetByRole/10000001-0001-0001-0001-000000000001
Accept: application/json, text/plain, */*
Host: localhost:7150
User-Agent: Mozilla/5.0 (Windows NT 10.0; Win64; x64) AppleWebKit/537.36 (KHTML, like Gecko) Chrome/98.0.4758.80 Safari/537.36 Edg/98.0.1108.43
:method: [Redacted]
Accept-Encoding: gzip, deflate, br
Accept-Language: es,es-ES;q=0.9,en;q=0.8,en-GB;q=0.7,en-US;q=0.6
Origin: [Redacted]
Referer: [Redacted]
sec-ch-ua: [Redacted]
sec-ch-ua-mobile: [Redacted]
sec-ch-ua-platform: [Redacted]
sec-fetch-site: [Redacted]
sec-fetch-mode: [Redacted]
sec-fetch-dest: [Redacted]
2022-02-08 16:34:27.808 -05:00 [INF] Executing endpoint 'Api.Controllers.MenuItemController.GetByRole (Api)'
2022-02-08 16:34:27.810 -05:00 [INF] Route matched with {action = "GetByRole", controller = "MenuItem"}. Executing controller action with signature System.Threading.Tasks.Task`1[Microsoft.AspNetCore.Mvc.ActionResult`1[Application.Utilities.Response`1[System.Collections.Generic.IEnumerable`1[Application.Config.MenuItem.Dto.MenuItemDto]]]] GetByRole(System.Guid) on controller Api.Controllers.MenuItemController (Api).
2022-02-08 16:34:27.813 -05:00 [INF] Entity Framework Core 5.0.10 initialized 'PersistenceContext' using provider 'Microsoft.EntityFrameworkCore.SqlServer' with options: MigrationsHistoryTable=Library._MigrationHistory 
2022-02-08 16:34:27.816 -05:00 [INF] Executed DbCommand (1ms) [Parameters=[@__roleId_0='?' (DbType = Guid)], CommandType='"Text"', CommandTimeout='30']
SELECT [m].[Id], [m].[CreatedBy], [m].[CreatedOn], [m].[IconClass], [m].[LastModifiedOn], [m].[RoleId], [m].[Route], [m].[Status], [m].[Title], [m].[UpdatedBy], [r].[Id], [r].[CreatedBy], [r].[CreatedOn], [r].[Description], [r].[LastModifiedOn], [r].[RoleName], [r].[Status], [r].[UpdatedBy]
FROM [Library].[MenuItem] AS [m]
LEFT JOIN [Library].[Role] AS [r] ON [m].[RoleId] = [r].[Id]
WHERE [r].[Id] = @__roleId_0
2022-02-08 16:34:27.822 -05:00 [INF] Executing ObjectResult, writing value of type 'Application.Utilities.Response`1[[System.Collections.Generic.IEnumerable`1[[Application.Config.MenuItem.Dto.MenuItemDto, Application, Version=1.0.0.0, Culture=neutral, PublicKeyToken=null]], System.Private.CoreLib, Version=6.0.0.0, Culture=neutral, PublicKeyToken=7cec85d7bea7798e]]'.
2022-02-08 16:34:27.824 -05:00 [INF] Executed action Api.Controllers.MenuItemController.GetByRole (Api) in 11.5977ms
2022-02-08 16:34:27.826 -05:00 [INF] Executed endpoint 'Api.Controllers.MenuItemController.GetByRole (Api)'
2022-02-08 16:34:27.827 -05:00 [INF] Response:
StatusCode: 200
Content-Type: application/json; charset=utf-8
Date: Tue, 08 Feb 2022 21:34:27 GMT
Server: Kestrel
Access-Control-Allow-Origin: [Redacted]
2022-02-08 16:34:27.829 -05:00 [INF] Request finished HTTP/2 GET https://localhost:7150/api/MenuItem/GetByRole/10000001-0001-0001-0001-000000000001 - - - 200 - application/json;+charset=utf-8 28.3097ms
2022-02-08 16:34:49.060 -05:00 [INF] Request starting HTTP/2 GET https://localhost:7150/api/MenuItem/GetByRole/10000001-0001-0001-0001-000000000001 - -
2022-02-08 16:34:49.062 -05:00 [INF] CORS policy execution successful.
2022-02-08 16:34:49.063 -05:00 [INF] Request:
Protocol: HTTP/2
Method: GET
Scheme: https
PathBase: 
Path: /api/MenuItem/GetByRole/10000001-0001-0001-0001-000000000001
Accept: application/json, text/plain, */*
Host: localhost:7150
User-Agent: Mozilla/5.0 (Windows NT 10.0; Win64; x64) AppleWebKit/537.36 (KHTML, like Gecko) Chrome/98.0.4758.80 Safari/537.36 Edg/98.0.1108.43
:method: [Redacted]
Accept-Encoding: gzip, deflate, br
Accept-Language: es,es-ES;q=0.9,en;q=0.8,en-GB;q=0.7,en-US;q=0.6
Origin: [Redacted]
Referer: [Redacted]
sec-ch-ua: [Redacted]
sec-ch-ua-mobile: [Redacted]
sec-ch-ua-platform: [Redacted]
sec-fetch-site: [Redacted]
sec-fetch-mode: [Redacted]
sec-fetch-dest: [Redacted]
2022-02-08 16:34:49.067 -05:00 [INF] Executing endpoint 'Api.Controllers.MenuItemController.GetByRole (Api)'
2022-02-08 16:34:49.068 -05:00 [INF] Route matched with {action = "GetByRole", controller = "MenuItem"}. Executing controller action with signature System.Threading.Tasks.Task`1[Microsoft.AspNetCore.Mvc.ActionResult`1[Application.Utilities.Response`1[System.Collections.Generic.IEnumerable`1[Application.Config.MenuItem.Dto.MenuItemDto]]]] GetByRole(System.Guid) on controller Api.Controllers.MenuItemController (Api).
2022-02-08 16:34:49.071 -05:00 [INF] Entity Framework Core 5.0.10 initialized 'PersistenceContext' using provider 'Microsoft.EntityFrameworkCore.SqlServer' with options: MigrationsHistoryTable=Library._MigrationHistory 
2022-02-08 16:34:49.078 -05:00 [INF] Executed DbCommand (3ms) [Parameters=[@__roleId_0='?' (DbType = Guid)], CommandType='"Text"', CommandTimeout='30']
SELECT [m].[Id], [m].[CreatedBy], [m].[CreatedOn], [m].[IconClass], [m].[LastModifiedOn], [m].[RoleId], [m].[Route], [m].[Status], [m].[Title], [m].[UpdatedBy], [r].[Id], [r].[CreatedBy], [r].[CreatedOn], [r].[Description], [r].[LastModifiedOn], [r].[RoleName], [r].[Status], [r].[UpdatedBy]
FROM [Library].[MenuItem] AS [m]
LEFT JOIN [Library].[Role] AS [r] ON [m].[RoleId] = [r].[Id]
WHERE [r].[Id] = @__roleId_0
2022-02-08 16:34:49.084 -05:00 [INF] Executing ObjectResult, writing value of type 'Application.Utilities.Response`1[[System.Collections.Generic.IEnumerable`1[[Application.Config.MenuItem.Dto.MenuItemDto, Application, Version=1.0.0.0, Culture=neutral, PublicKeyToken=null]], System.Private.CoreLib, Version=6.0.0.0, Culture=neutral, PublicKeyToken=7cec85d7bea7798e]]'.
2022-02-08 16:34:49.086 -05:00 [INF] Executed action Api.Controllers.MenuItemController.GetByRole (Api) in 15.7143ms
2022-02-08 16:34:49.087 -05:00 [INF] Executed endpoint 'Api.Controllers.MenuItemController.GetByRole (Api)'
2022-02-08 16:34:49.088 -05:00 [INF] Response:
StatusCode: 200
Content-Type: application/json; charset=utf-8
Date: Tue, 08 Feb 2022 21:34:48 GMT
Server: Kestrel
Access-Control-Allow-Origin: [Redacted]
2022-02-08 16:34:49.090 -05:00 [INF] Request finished HTTP/2 GET https://localhost:7150/api/MenuItem/GetByRole/10000001-0001-0001-0001-000000000001 - - - 200 - application/json;+charset=utf-8 30.3562ms
2022-02-08 16:34:57.808 -05:00 [INF] Request starting HTTP/2 GET https://localhost:7150/api/MenuItem/GetByRole/10000001-0001-0001-0001-000000000001 - -
2022-02-08 16:34:57.809 -05:00 [INF] CORS policy execution successful.
2022-02-08 16:34:57.810 -05:00 [INF] Request:
Protocol: HTTP/2
Method: GET
Scheme: https
PathBase: 
Path: /api/MenuItem/GetByRole/10000001-0001-0001-0001-000000000001
Accept: application/json, text/plain, */*
Host: localhost:7150
User-Agent: Mozilla/5.0 (Windows NT 10.0; Win64; x64) AppleWebKit/537.36 (KHTML, like Gecko) Chrome/98.0.4758.80 Safari/537.36 Edg/98.0.1108.43
:method: [Redacted]
Accept-Encoding: gzip, deflate, br
Accept-Language: es,es-ES;q=0.9,en;q=0.8,en-GB;q=0.7,en-US;q=0.6
Origin: [Redacted]
Referer: [Redacted]
sec-ch-ua: [Redacted]
sec-ch-ua-mobile: [Redacted]
sec-ch-ua-platform: [Redacted]
sec-fetch-site: [Redacted]
sec-fetch-mode: [Redacted]
sec-fetch-dest: [Redacted]
2022-02-08 16:34:57.815 -05:00 [INF] Executing endpoint 'Api.Controllers.MenuItemController.GetByRole (Api)'
2022-02-08 16:34:57.817 -05:00 [INF] Route matched with {action = "GetByRole", controller = "MenuItem"}. Executing controller action with signature System.Threading.Tasks.Task`1[Microsoft.AspNetCore.Mvc.ActionResult`1[Application.Utilities.Response`1[System.Collections.Generic.IEnumerable`1[Application.Config.MenuItem.Dto.MenuItemDto]]]] GetByRole(System.Guid) on controller Api.Controllers.MenuItemController (Api).
2022-02-08 16:34:57.822 -05:00 [INF] Entity Framework Core 5.0.10 initialized 'PersistenceContext' using provider 'Microsoft.EntityFrameworkCore.SqlServer' with options: MigrationsHistoryTable=Library._MigrationHistory 
2022-02-08 16:34:57.828 -05:00 [INF] Executed DbCommand (2ms) [Parameters=[@__roleId_0='?' (DbType = Guid)], CommandType='"Text"', CommandTimeout='30']
SELECT [m].[Id], [m].[CreatedBy], [m].[CreatedOn], [m].[IconClass], [m].[LastModifiedOn], [m].[RoleId], [m].[Route], [m].[Status], [m].[Title], [m].[UpdatedBy], [r].[Id], [r].[CreatedBy], [r].[CreatedOn], [r].[Description], [r].[LastModifiedOn], [r].[RoleName], [r].[Status], [r].[UpdatedBy]
FROM [Library].[MenuItem] AS [m]
LEFT JOIN [Library].[Role] AS [r] ON [m].[RoleId] = [r].[Id]
WHERE [r].[Id] = @__roleId_0
2022-02-08 16:34:57.835 -05:00 [INF] Executing ObjectResult, writing value of type 'Application.Utilities.Response`1[[System.Collections.Generic.IEnumerable`1[[Application.Config.MenuItem.Dto.MenuItemDto, Application, Version=1.0.0.0, Culture=neutral, PublicKeyToken=null]], System.Private.CoreLib, Version=6.0.0.0, Culture=neutral, PublicKeyToken=7cec85d7bea7798e]]'.
2022-02-08 16:34:57.839 -05:00 [INF] Executed action Api.Controllers.MenuItemController.GetByRole (Api) in 18.5633ms
2022-02-08 16:34:57.841 -05:00 [INF] Executed endpoint 'Api.Controllers.MenuItemController.GetByRole (Api)'
2022-02-08 16:34:57.842 -05:00 [INF] Response:
StatusCode: 200
Content-Type: application/json; charset=utf-8
Date: Tue, 08 Feb 2022 21:34:57 GMT
Server: Kestrel
Access-Control-Allow-Origin: [Redacted]
2022-02-08 16:34:57.844 -05:00 [INF] Request finished HTTP/2 GET https://localhost:7150/api/MenuItem/GetByRole/10000001-0001-0001-0001-000000000001 - - - 200 - application/json;+charset=utf-8 36.6135ms
2022-02-08 16:35:01.809 -05:00 [INF] Request starting HTTP/2 GET https://localhost:7150/api/MenuItem/GetByRole/10000001-0001-0001-0001-000000000001 - -
2022-02-08 16:35:01.811 -05:00 [INF] CORS policy execution successful.
2022-02-08 16:35:01.812 -05:00 [INF] Request:
Protocol: HTTP/2
Method: GET
Scheme: https
PathBase: 
Path: /api/MenuItem/GetByRole/10000001-0001-0001-0001-000000000001
Accept: application/json, text/plain, */*
Host: localhost:7150
User-Agent: Mozilla/5.0 (Windows NT 10.0; Win64; x64) AppleWebKit/537.36 (KHTML, like Gecko) Chrome/98.0.4758.80 Safari/537.36 Edg/98.0.1108.43
:method: [Redacted]
Accept-Encoding: gzip, deflate, br
Accept-Language: es,es-ES;q=0.9,en;q=0.8,en-GB;q=0.7,en-US;q=0.6
Origin: [Redacted]
Referer: [Redacted]
sec-ch-ua: [Redacted]
sec-ch-ua-mobile: [Redacted]
sec-ch-ua-platform: [Redacted]
sec-fetch-site: [Redacted]
sec-fetch-mode: [Redacted]
sec-fetch-dest: [Redacted]
2022-02-08 16:35:01.815 -05:00 [INF] Executing endpoint 'Api.Controllers.MenuItemController.GetByRole (Api)'
2022-02-08 16:35:01.817 -05:00 [INF] Route matched with {action = "GetByRole", controller = "MenuItem"}. Executing controller action with signature System.Threading.Tasks.Task`1[Microsoft.AspNetCore.Mvc.ActionResult`1[Application.Utilities.Response`1[System.Collections.Generic.IEnumerable`1[Application.Config.MenuItem.Dto.MenuItemDto]]]] GetByRole(System.Guid) on controller Api.Controllers.MenuItemController (Api).
2022-02-08 16:35:01.820 -05:00 [INF] Entity Framework Core 5.0.10 initialized 'PersistenceContext' using provider 'Microsoft.EntityFrameworkCore.SqlServer' with options: MigrationsHistoryTable=Library._MigrationHistory 
2022-02-08 16:35:01.823 -05:00 [INF] Executed DbCommand (1ms) [Parameters=[@__roleId_0='?' (DbType = Guid)], CommandType='"Text"', CommandTimeout='30']
SELECT [m].[Id], [m].[CreatedBy], [m].[CreatedOn], [m].[IconClass], [m].[LastModifiedOn], [m].[RoleId], [m].[Route], [m].[Status], [m].[Title], [m].[UpdatedBy], [r].[Id], [r].[CreatedBy], [r].[CreatedOn], [r].[Description], [r].[LastModifiedOn], [r].[RoleName], [r].[Status], [r].[UpdatedBy]
FROM [Library].[MenuItem] AS [m]
LEFT JOIN [Library].[Role] AS [r] ON [m].[RoleId] = [r].[Id]
WHERE [r].[Id] = @__roleId_0
2022-02-08 16:35:01.831 -05:00 [INF] Executing ObjectResult, writing value of type 'Application.Utilities.Response`1[[System.Collections.Generic.IEnumerable`1[[Application.Config.MenuItem.Dto.MenuItemDto, Application, Version=1.0.0.0, Culture=neutral, PublicKeyToken=null]], System.Private.CoreLib, Version=6.0.0.0, Culture=neutral, PublicKeyToken=7cec85d7bea7798e]]'.
2022-02-08 16:35:01.832 -05:00 [INF] Executed action Api.Controllers.MenuItemController.GetByRole (Api) in 13.179ms
2022-02-08 16:35:01.835 -05:00 [INF] Executed endpoint 'Api.Controllers.MenuItemController.GetByRole (Api)'
2022-02-08 16:35:01.836 -05:00 [INF] Response:
StatusCode: 200
Content-Type: application/json; charset=utf-8
Date: Tue, 08 Feb 2022 21:35:01 GMT
Server: Kestrel
Access-Control-Allow-Origin: [Redacted]
2022-02-08 16:35:01.838 -05:00 [INF] Request finished HTTP/2 GET https://localhost:7150/api/MenuItem/GetByRole/10000001-0001-0001-0001-000000000001 - - - 200 - application/json;+charset=utf-8 28.6558ms
2022-02-08 16:35:59.432 -05:00 [INF] Request starting HTTP/2 GET https://localhost:7150/api/MenuItem/GetByRole/10000001-0001-0001-0001-000000000001 - -
2022-02-08 16:35:59.434 -05:00 [INF] CORS policy execution successful.
2022-02-08 16:35:59.435 -05:00 [INF] Request:
Protocol: HTTP/2
Method: GET
Scheme: https
PathBase: 
Path: /api/MenuItem/GetByRole/10000001-0001-0001-0001-000000000001
Accept: application/json, text/plain, */*
Host: localhost:7150
User-Agent: Mozilla/5.0 (Windows NT 10.0; Win64; x64) AppleWebKit/537.36 (KHTML, like Gecko) Chrome/98.0.4758.80 Safari/537.36 Edg/98.0.1108.43
:method: [Redacted]
Accept-Encoding: gzip, deflate, br
Accept-Language: es,es-ES;q=0.9,en;q=0.8,en-GB;q=0.7,en-US;q=0.6
Origin: [Redacted]
Referer: [Redacted]
sec-ch-ua: [Redacted]
sec-ch-ua-mobile: [Redacted]
sec-ch-ua-platform: [Redacted]
sec-fetch-site: [Redacted]
sec-fetch-mode: [Redacted]
sec-fetch-dest: [Redacted]
2022-02-08 16:35:59.439 -05:00 [INF] Executing endpoint 'Api.Controllers.MenuItemController.GetByRole (Api)'
2022-02-08 16:35:59.440 -05:00 [INF] Route matched with {action = "GetByRole", controller = "MenuItem"}. Executing controller action with signature System.Threading.Tasks.Task`1[Microsoft.AspNetCore.Mvc.ActionResult`1[Application.Utilities.Response`1[System.Collections.Generic.IEnumerable`1[Application.Config.MenuItem.Dto.MenuItemDto]]]] GetByRole(System.Guid) on controller Api.Controllers.MenuItemController (Api).
2022-02-08 16:35:59.443 -05:00 [INF] Entity Framework Core 5.0.10 initialized 'PersistenceContext' using provider 'Microsoft.EntityFrameworkCore.SqlServer' with options: MigrationsHistoryTable=Library._MigrationHistory 
2022-02-08 16:35:59.453 -05:00 [INF] Executed DbCommand (7ms) [Parameters=[@__roleId_0='?' (DbType = Guid)], CommandType='"Text"', CommandTimeout='30']
SELECT [m].[Id], [m].[CreatedBy], [m].[CreatedOn], [m].[IconClass], [m].[LastModifiedOn], [m].[RoleId], [m].[Route], [m].[Status], [m].[Title], [m].[UpdatedBy], [r].[Id], [r].[CreatedBy], [r].[CreatedOn], [r].[Description], [r].[LastModifiedOn], [r].[RoleName], [r].[Status], [r].[UpdatedBy]
FROM [Library].[MenuItem] AS [m]
LEFT JOIN [Library].[Role] AS [r] ON [m].[RoleId] = [r].[Id]
WHERE [r].[Id] = @__roleId_0
2022-02-08 16:35:59.459 -05:00 [INF] Executing ObjectResult, writing value of type 'Application.Utilities.Response`1[[System.Collections.Generic.IEnumerable`1[[Application.Config.MenuItem.Dto.MenuItemDto, Application, Version=1.0.0.0, Culture=neutral, PublicKeyToken=null]], System.Private.CoreLib, Version=6.0.0.0, Culture=neutral, PublicKeyToken=7cec85d7bea7798e]]'.
2022-02-08 16:35:59.461 -05:00 [INF] Executed action Api.Controllers.MenuItemController.GetByRole (Api) in 18.8254ms
2022-02-08 16:35:59.462 -05:00 [INF] Executed endpoint 'Api.Controllers.MenuItemController.GetByRole (Api)'
2022-02-08 16:35:59.463 -05:00 [INF] Response:
StatusCode: 200
Content-Type: application/json; charset=utf-8
Date: Tue, 08 Feb 2022 21:35:58 GMT
Server: Kestrel
Access-Control-Allow-Origin: [Redacted]
2022-02-08 16:35:59.465 -05:00 [INF] Request finished HTTP/2 GET https://localhost:7150/api/MenuItem/GetByRole/10000001-0001-0001-0001-000000000001 - - - 200 - application/json;+charset=utf-8 32.7731ms
2022-02-08 17:09:03.974 -05:00 [INF] Request starting HTTP/2 GET https://localhost:7150/api/MenuItem/GetByRole/10000001-0001-0001-0001-000000000001 - -
2022-02-08 17:09:03.974 -05:00 [INF] Request starting HTTP/2 GET https://localhost:7150/api/BrandInfo/GetBrandInfo - -
2022-02-08 17:09:03.976 -05:00 [INF] CORS policy execution successful.
2022-02-08 17:09:03.977 -05:00 [INF] CORS policy execution successful.
2022-02-08 17:09:03.978 -05:00 [INF] Request:
Protocol: HTTP/2
Method: GET
Scheme: https
PathBase: 
Path: /api/MenuItem/GetByRole/10000001-0001-0001-0001-000000000001
Accept: application/json, text/plain, */*
Host: localhost:7150
User-Agent: Mozilla/5.0 (Windows NT 10.0; Win64; x64) AppleWebKit/537.36 (KHTML, like Gecko) Chrome/98.0.4758.80 Safari/537.36 Edg/98.0.1108.43
:method: [Redacted]
Accept-Encoding: gzip, deflate, br
Accept-Language: es,es-ES;q=0.9,en;q=0.8,en-GB;q=0.7,en-US;q=0.6
Origin: [Redacted]
Referer: [Redacted]
sec-ch-ua: [Redacted]
sec-ch-ua-mobile: [Redacted]
sec-ch-ua-platform: [Redacted]
sec-fetch-site: [Redacted]
sec-fetch-mode: [Redacted]
sec-fetch-dest: [Redacted]
2022-02-08 17:09:03.979 -05:00 [INF] Request:
Protocol: HTTP/2
Method: GET
Scheme: https
PathBase: 
Path: /api/BrandInfo/GetBrandInfo
Accept: application/json, text/plain, */*
Host: localhost:7150
User-Agent: Mozilla/5.0 (Windows NT 10.0; Win64; x64) AppleWebKit/537.36 (KHTML, like Gecko) Chrome/98.0.4758.80 Safari/537.36 Edg/98.0.1108.43
:method: [Redacted]
Accept-Encoding: gzip, deflate, br
Accept-Language: es,es-ES;q=0.9,en;q=0.8,en-GB;q=0.7,en-US;q=0.6
Origin: [Redacted]
Referer: [Redacted]
sec-ch-ua: [Redacted]
sec-ch-ua-mobile: [Redacted]
sec-ch-ua-platform: [Redacted]
sec-fetch-site: [Redacted]
sec-fetch-mode: [Redacted]
sec-fetch-dest: [Redacted]
2022-02-08 17:09:03.981 -05:00 [INF] Executing endpoint 'Api.Controllers.MenuItemController.GetByRole (Api)'
2022-02-08 17:09:03.984 -05:00 [INF] Response:
StatusCode: 404
2022-02-08 17:09:03.985 -05:00 [INF] Route matched with {action = "GetByRole", controller = "MenuItem"}. Executing controller action with signature System.Threading.Tasks.Task`1[Microsoft.AspNetCore.Mvc.ActionResult`1[Application.Utilities.Response`1[System.Collections.Generic.IEnumerable`1[Application.Config.MenuItem.Dto.MenuItemDto]]]] GetByRole(System.Guid) on controller Api.Controllers.MenuItemController (Api).
2022-02-08 17:09:03.987 -05:00 [INF] Request finished HTTP/2 GET https://localhost:7150/api/BrandInfo/GetBrandInfo - - - 404 0 - 12.6953ms
2022-02-08 17:09:03.991 -05:00 [INF] Entity Framework Core 5.0.10 initialized 'PersistenceContext' using provider 'Microsoft.EntityFrameworkCore.SqlServer' with options: MigrationsHistoryTable=Library._MigrationHistory 
2022-02-08 17:09:04.070 -05:00 [INF] Executed DbCommand (6ms) [Parameters=[@__roleId_0='?' (DbType = Guid)], CommandType='"Text"', CommandTimeout='30']
SELECT [m].[Id], [m].[CreatedBy], [m].[CreatedOn], [m].[IconClass], [m].[LastModifiedOn], [m].[RoleId], [m].[Route], [m].[Status], [m].[Title], [m].[UpdatedBy], [r].[Id], [r].[CreatedBy], [r].[CreatedOn], [r].[Description], [r].[LastModifiedOn], [r].[RoleName], [r].[Status], [r].[UpdatedBy]
FROM [Library].[MenuItem] AS [m]
LEFT JOIN [Library].[Role] AS [r] ON [m].[RoleId] = [r].[Id]
WHERE [r].[Id] = @__roleId_0
2022-02-08 17:09:04.073 -05:00 [INF] Executing ObjectResult, writing value of type 'Application.Utilities.Response`1[[System.Collections.Generic.IEnumerable`1[[Application.Config.MenuItem.Dto.MenuItemDto, Application, Version=1.0.0.0, Culture=neutral, PublicKeyToken=null]], System.Private.CoreLib, Version=6.0.0.0, Culture=neutral, PublicKeyToken=7cec85d7bea7798e]]'.
2022-02-08 17:09:04.075 -05:00 [INF] Executed action Api.Controllers.MenuItemController.GetByRole (Api) in 84.5047ms
2022-02-08 17:09:04.076 -05:00 [INF] Executed endpoint 'Api.Controllers.MenuItemController.GetByRole (Api)'
2022-02-08 17:09:04.077 -05:00 [INF] Response:
StatusCode: 200
Content-Type: application/json; charset=utf-8
Date: Tue, 08 Feb 2022 22:09:03 GMT
Server: Kestrel
Access-Control-Allow-Origin: [Redacted]
2022-02-08 17:09:04.078 -05:00 [INF] Request finished HTTP/2 GET https://localhost:7150/api/MenuItem/GetByRole/10000001-0001-0001-0001-000000000001 - - - 200 - application/json;+charset=utf-8 104.1306ms
2022-02-08 17:10:15.614 -05:00 [INF] Request starting HTTP/2 GET https://localhost:7150/api/BrandInfo/GetBrandInfo - -
2022-02-08 17:10:15.615 -05:00 [INF] Request starting HTTP/2 GET https://localhost:7150/api/MenuItem/GetByRole/10000001-0001-0001-0001-000000000001 - -
2022-02-08 17:10:15.616 -05:00 [INF] CORS policy execution successful.
2022-02-08 17:10:15.618 -05:00 [INF] CORS policy execution successful.
2022-02-08 17:10:15.619 -05:00 [INF] Request:
Protocol: HTTP/2
Method: GET
Scheme: https
PathBase: 
Path: /api/BrandInfo/GetBrandInfo
Accept: application/json, text/plain, */*
Host: localhost:7150
User-Agent: Mozilla/5.0 (Windows NT 10.0; Win64; x64) AppleWebKit/537.36 (KHTML, like Gecko) Chrome/98.0.4758.80 Safari/537.36 Edg/98.0.1108.43
:method: [Redacted]
Accept-Encoding: gzip, deflate, br
Accept-Language: es,es-ES;q=0.9,en;q=0.8,en-GB;q=0.7,en-US;q=0.6
Origin: [Redacted]
Referer: [Redacted]
sec-ch-ua: [Redacted]
sec-ch-ua-mobile: [Redacted]
sec-ch-ua-platform: [Redacted]
sec-fetch-site: [Redacted]
sec-fetch-mode: [Redacted]
sec-fetch-dest: [Redacted]
2022-02-08 17:10:15.620 -05:00 [INF] Request:
Protocol: HTTP/2
Method: GET
Scheme: https
PathBase: 
Path: /api/MenuItem/GetByRole/10000001-0001-0001-0001-000000000001
Accept: application/json, text/plain, */*
Host: localhost:7150
User-Agent: Mozilla/5.0 (Windows NT 10.0; Win64; x64) AppleWebKit/537.36 (KHTML, like Gecko) Chrome/98.0.4758.80 Safari/537.36 Edg/98.0.1108.43
:method: [Redacted]
Accept-Encoding: gzip, deflate, br
Accept-Language: es,es-ES;q=0.9,en;q=0.8,en-GB;q=0.7,en-US;q=0.6
Origin: [Redacted]
Referer: [Redacted]
sec-ch-ua: [Redacted]
sec-ch-ua-mobile: [Redacted]
sec-ch-ua-platform: [Redacted]
sec-fetch-site: [Redacted]
sec-fetch-mode: [Redacted]
sec-fetch-dest: [Redacted]
2022-02-08 17:10:15.626 -05:00 [INF] Response:
StatusCode: 404
2022-02-08 17:10:15.630 -05:00 [INF] Executing endpoint 'Api.Controllers.MenuItemController.GetByRole (Api)'
2022-02-08 17:10:15.631 -05:00 [INF] Request finished HTTP/2 GET https://localhost:7150/api/BrandInfo/GetBrandInfo - - - 404 0 - 17.2910ms
2022-02-08 17:10:15.634 -05:00 [INF] Route matched with {action = "GetByRole", controller = "MenuItem"}. Executing controller action with signature System.Threading.Tasks.Task`1[Microsoft.AspNetCore.Mvc.ActionResult`1[Application.Utilities.Response`1[System.Collections.Generic.IEnumerable`1[Application.Config.MenuItem.Dto.MenuItemDto]]]] GetByRole(System.Guid) on controller Api.Controllers.MenuItemController (Api).
2022-02-08 17:10:15.640 -05:00 [INF] Entity Framework Core 5.0.10 initialized 'PersistenceContext' using provider 'Microsoft.EntityFrameworkCore.SqlServer' with options: MigrationsHistoryTable=Library._MigrationHistory 
2022-02-08 17:10:15.650 -05:00 [INF] Executed DbCommand (7ms) [Parameters=[@__roleId_0='?' (DbType = Guid)], CommandType='"Text"', CommandTimeout='30']
SELECT [m].[Id], [m].[CreatedBy], [m].[CreatedOn], [m].[IconClass], [m].[LastModifiedOn], [m].[RoleId], [m].[Route], [m].[Status], [m].[Title], [m].[UpdatedBy], [r].[Id], [r].[CreatedBy], [r].[CreatedOn], [r].[Description], [r].[LastModifiedOn], [r].[RoleName], [r].[Status], [r].[UpdatedBy]
FROM [Library].[MenuItem] AS [m]
LEFT JOIN [Library].[Role] AS [r] ON [m].[RoleId] = [r].[Id]
WHERE [r].[Id] = @__roleId_0
2022-02-08 17:10:15.654 -05:00 [INF] Executing ObjectResult, writing value of type 'Application.Utilities.Response`1[[System.Collections.Generic.IEnumerable`1[[Application.Config.MenuItem.Dto.MenuItemDto, Application, Version=1.0.0.0, Culture=neutral, PublicKeyToken=null]], System.Private.CoreLib, Version=6.0.0.0, Culture=neutral, PublicKeyToken=7cec85d7bea7798e]]'.
2022-02-08 17:10:15.658 -05:00 [INF] Executed action Api.Controllers.MenuItemController.GetByRole (Api) in 18.4825ms
2022-02-08 17:10:15.659 -05:00 [INF] Executed endpoint 'Api.Controllers.MenuItemController.GetByRole (Api)'
2022-02-08 17:10:15.661 -05:00 [INF] Response:
StatusCode: 200
Content-Type: application/json; charset=utf-8
Date: Tue, 08 Feb 2022 22:10:14 GMT
Server: Kestrel
Access-Control-Allow-Origin: [Redacted]
2022-02-08 17:10:15.662 -05:00 [INF] Request finished HTTP/2 GET https://localhost:7150/api/MenuItem/GetByRole/10000001-0001-0001-0001-000000000001 - - - 200 - application/json;+charset=utf-8 47.7266ms
2022-02-08 17:10:28.635 -05:00 [INF] Request starting HTTP/2 GET https://localhost:7150/api/BrandInfo/GetBrandInfo - -
2022-02-08 17:10:28.636 -05:00 [INF] Request starting HTTP/2 GET https://localhost:7150/api/MenuItem/GetByRole/10000001-0001-0001-0001-000000000001 - -
2022-02-08 17:10:28.636 -05:00 [INF] CORS policy execution successful.
2022-02-08 17:10:28.637 -05:00 [INF] CORS policy execution successful.
2022-02-08 17:10:28.639 -05:00 [INF] Request:
Protocol: HTTP/2
Method: GET
Scheme: https
PathBase: 
Path: /api/BrandInfo/GetBrandInfo
Accept: application/json, text/plain, */*
Host: localhost:7150
User-Agent: Mozilla/5.0 (Windows NT 10.0; Win64; x64) AppleWebKit/537.36 (KHTML, like Gecko) Chrome/98.0.4758.80 Safari/537.36 Edg/98.0.1108.43
:method: [Redacted]
Accept-Encoding: gzip, deflate, br
Accept-Language: es,es-ES;q=0.9,en;q=0.8,en-GB;q=0.7,en-US;q=0.6
Origin: [Redacted]
Referer: [Redacted]
sec-ch-ua: [Redacted]
sec-ch-ua-mobile: [Redacted]
sec-ch-ua-platform: [Redacted]
sec-fetch-site: [Redacted]
sec-fetch-mode: [Redacted]
sec-fetch-dest: [Redacted]
2022-02-08 17:10:28.640 -05:00 [INF] Request:
Protocol: HTTP/2
Method: GET
Scheme: https
PathBase: 
Path: /api/MenuItem/GetByRole/10000001-0001-0001-0001-000000000001
Accept: application/json, text/plain, */*
Host: localhost:7150
User-Agent: Mozilla/5.0 (Windows NT 10.0; Win64; x64) AppleWebKit/537.36 (KHTML, like Gecko) Chrome/98.0.4758.80 Safari/537.36 Edg/98.0.1108.43
:method: [Redacted]
Accept-Encoding: gzip, deflate, br
Accept-Language: es,es-ES;q=0.9,en;q=0.8,en-GB;q=0.7,en-US;q=0.6
Origin: [Redacted]
Referer: [Redacted]
sec-ch-ua: [Redacted]
sec-ch-ua-mobile: [Redacted]
sec-ch-ua-platform: [Redacted]
sec-fetch-site: [Redacted]
sec-fetch-mode: [Redacted]
sec-fetch-dest: [Redacted]
2022-02-08 17:10:28.643 -05:00 [INF] Response:
StatusCode: 404
2022-02-08 17:10:28.646 -05:00 [INF] Executing endpoint 'Api.Controllers.MenuItemController.GetByRole (Api)'
2022-02-08 17:10:28.647 -05:00 [INF] Request finished HTTP/2 GET https://localhost:7150/api/BrandInfo/GetBrandInfo - - - 404 0 - 11.8171ms
2022-02-08 17:10:28.649 -05:00 [INF] Route matched with {action = "GetByRole", controller = "MenuItem"}. Executing controller action with signature System.Threading.Tasks.Task`1[Microsoft.AspNetCore.Mvc.ActionResult`1[Application.Utilities.Response`1[System.Collections.Generic.IEnumerable`1[Application.Config.MenuItem.Dto.MenuItemDto]]]] GetByRole(System.Guid) on controller Api.Controllers.MenuItemController (Api).
2022-02-08 17:10:28.653 -05:00 [INF] Entity Framework Core 5.0.10 initialized 'PersistenceContext' using provider 'Microsoft.EntityFrameworkCore.SqlServer' with options: MigrationsHistoryTable=Library._MigrationHistory 
2022-02-08 17:10:28.657 -05:00 [INF] Executed DbCommand (1ms) [Parameters=[@__roleId_0='?' (DbType = Guid)], CommandType='"Text"', CommandTimeout='30']
SELECT [m].[Id], [m].[CreatedBy], [m].[CreatedOn], [m].[IconClass], [m].[LastModifiedOn], [m].[RoleId], [m].[Route], [m].[Status], [m].[Title], [m].[UpdatedBy], [r].[Id], [r].[CreatedBy], [r].[CreatedOn], [r].[Description], [r].[LastModifiedOn], [r].[RoleName], [r].[Status], [r].[UpdatedBy]
FROM [Library].[MenuItem] AS [m]
LEFT JOIN [Library].[Role] AS [r] ON [m].[RoleId] = [r].[Id]
WHERE [r].[Id] = @__roleId_0
2022-02-08 17:10:28.662 -05:00 [INF] Executing ObjectResult, writing value of type 'Application.Utilities.Response`1[[System.Collections.Generic.IEnumerable`1[[Application.Config.MenuItem.Dto.MenuItemDto, Application, Version=1.0.0.0, Culture=neutral, PublicKeyToken=null]], System.Private.CoreLib, Version=6.0.0.0, Culture=neutral, PublicKeyToken=7cec85d7bea7798e]]'.
2022-02-08 17:10:28.663 -05:00 [INF] Executed action Api.Controllers.MenuItemController.GetByRole (Api) in 11.215ms
2022-02-08 17:10:28.665 -05:00 [INF] Executed endpoint 'Api.Controllers.MenuItemController.GetByRole (Api)'
2022-02-08 17:10:28.666 -05:00 [INF] Response:
StatusCode: 200
Content-Type: application/json; charset=utf-8
Date: Tue, 08 Feb 2022 22:10:27 GMT
Server: Kestrel
Access-Control-Allow-Origin: [Redacted]
2022-02-08 17:10:28.668 -05:00 [INF] Request finished HTTP/2 GET https://localhost:7150/api/MenuItem/GetByRole/10000001-0001-0001-0001-000000000001 - - - 200 - application/json;+charset=utf-8 31.4577ms
2022-02-08 17:11:27.620 -05:00 [INF] Application is shutting down...
