2022-01-30 12:42:14.279 -05:00 [INF] User profile is available. Using 'C:\Users\kevin\AppData\Local\ASP.NET\DataProtection-Keys' as key repository and Windows DPAPI to encrypt keys at rest.
2022-01-30 12:42:14.503 -05:00 [INF] Now listening on: https://localhost:7150
2022-01-30 12:42:14.505 -05:00 [INF] Now listening on: http://localhost:5150
2022-01-30 12:42:14.508 -05:00 [INF] Application started. Press Ctrl+C to shut down.
2022-01-30 12:42:14.509 -05:00 [INF] Hosting environment: Development
2022-01-30 12:42:14.510 -05:00 [INF] Content root path: C:\Users\kevin\RiderProjects\LibraryStore\Api\
2022-01-30 12:42:20.330 -05:00 [INF] Request starting HTTP/2 POST https://localhost:7150/api/Auth application/json 48
2022-01-30 12:42:20.414 -05:00 [INF] Request:
Protocol: HTTP/2
Method: POST
Scheme: https
PathBase: 
Path: /api/Auth
Accept: text/plain
Host: localhost:7150
User-Agent: Mozilla/5.0 (Windows NT 10.0; Win64; x64) AppleWebKit/537.36 (KHTML, like Gecko) Chrome/97.0.4692.99 Safari/537.36 Edg/97.0.1072.76
:method: [Redacted]
Accept-Encoding: gzip, deflate, br
Accept-Language: es,es-ES;q=0.9,en;q=0.8,en-GB;q=0.7,en-US;q=0.6
Content-Type: application/json
Cookie: [Redacted]
Origin: [Redacted]
Referer: [Redacted]
Content-Length: 48
sec-ch-ua: [Redacted]
sec-ch-ua-mobile: [Redacted]
sec-ch-ua-platform: [Redacted]
sec-fetch-site: [Redacted]
sec-fetch-mode: [Redacted]
sec-fetch-dest: [Redacted]
2022-01-30 12:42:20.481 -05:00 [INF] Executing endpoint 'Api.Controllers.AuthController.Post (Api)'
2022-01-30 12:42:20.528 -05:00 [INF] Route matched with {action = "Post", controller = "Auth"}. Executing controller action with signature System.Threading.Tasks.Task`1[Microsoft.AspNetCore.Mvc.ActionResult`1[Application.Utilities.Response`1[System.String]]] Post(Application.Security.User.Request.AuthRequest) on controller Api.Controllers.AuthController (Api).
2022-01-30 12:42:21.673 -05:00 [INF] Entity Framework Core 5.0.10 initialized 'PersistenceContext' using provider 'Microsoft.EntityFrameworkCore.SqlServer' with options: MigrationsHistoryTable=Library._MigrationHistory 
2022-01-30 12:42:22.528 -05:00 [INF] Executed DbCommand (71ms) [Parameters=[@__ToLower_0='?' (Size = 4000), @__GetSha256_1='?' (Size = 4000)], CommandType='"Text"', CommandTimeout='30']
SELECT TOP(1) [u].[RoleId], [u].[UserId], [u].[CreatedBy], [u].[CreatedOn], [u].[Id], [u].[LastModifiedOn], [u].[Status], [u].[UpdatedBy], [u0].[Id], [u0].[CreatedBy], [u0].[CreatedOn], [u0].[LastModifiedOn], [u0].[pass], [u0].[Status], [u0].[UpdatedBy], [u0].[UserName]
FROM [Library].[UsersRoles] AS [u]
INNER JOIN [Library].[User] AS [u0] ON [u].[UserId] = [u0].[Id]
WHERE (LOWER([u0].[UserName]) = @__ToLower_0) AND ([u0].[pass] = @__GetSha256_1)
2022-01-30 12:42:22.631 -05:00 [INF] Executed DbCommand (10ms) [Parameters=[@__entity_equality_user_User_0_Id='?' (DbType = Guid)], CommandType='"Text"', CommandTimeout='30']
SELECT [r].[Id], [r].[CreatedBy], [r].[CreatedOn], [r].[Description], [r].[LastModifiedOn], [r].[RoleName], [r].[Status], [r].[UpdatedBy]
FROM [Library].[Role] AS [r]
WHERE EXISTS (
    SELECT 1
    FROM [Library].[UsersRoles] AS [u]
    INNER JOIN [Library].[User] AS [u0] ON [u].[UserId] = [u0].[Id]
    WHERE ([r].[Id] = [u].[RoleId]) AND ([u0].[Id] = @__entity_equality_user_User_0_Id))
2022-01-30 12:42:22.983 -05:00 [INF] Executing ObjectResult, writing value of type 'Application.Utilities.Response`1[[System.String, System.Private.CoreLib, Version=6.0.0.0, Culture=neutral, PublicKeyToken=7cec85d7bea7798e]]'.
2022-01-30 12:42:23.014 -05:00 [INF] Executed action Api.Controllers.AuthController.Post (Api) in 2478.3696ms
2022-01-30 12:42:23.017 -05:00 [INF] Executed endpoint 'Api.Controllers.AuthController.Post (Api)'
2022-01-30 12:42:23.020 -05:00 [INF] Response:
StatusCode: 200
Content-Type: application/json; charset=utf-8
Date: Sun, 30 Jan 2022 17:42:22 GMT
Server: Kestrel
2022-01-30 12:42:23.032 -05:00 [INF] Request finished HTTP/2 POST https://localhost:7150/api/Auth application/json 48 - 200 - application/json;+charset=utf-8 2708.2344ms
2022-01-30 12:42:40.634 -05:00 [INF] Request starting HTTP/2 GET https://localhost:7150/api/Book/Get - -
2022-01-30 12:42:40.644 -05:00 [INF] Request:
Protocol: HTTP/2
Method: GET
Scheme: https
PathBase: 
Path: /api/Book/Get
Accept: text/plain
Host: localhost:7150
User-Agent: Mozilla/5.0 (Windows NT 10.0; Win64; x64) AppleWebKit/537.36 (KHTML, like Gecko) Chrome/97.0.4692.99 Safari/537.36 Edg/97.0.1072.76
:method: [Redacted]
Accept-Encoding: gzip, deflate, br
Accept-Language: es,es-ES;q=0.9,en;q=0.8,en-GB;q=0.7,en-US;q=0.6
Authorization: [Redacted]
Cookie: [Redacted]
Referer: [Redacted]
sec-ch-ua: [Redacted]
sec-ch-ua-mobile: [Redacted]
sec-ch-ua-platform: [Redacted]
sec-fetch-site: [Redacted]
sec-fetch-mode: [Redacted]
sec-fetch-dest: [Redacted]
2022-01-30 12:42:40.654 -05:00 [INF] Authorization failed. These requirements were not met:
DenyAnonymousAuthorizationRequirement: Requires an authenticated user.
2022-01-30 12:42:40.800 -05:00 [INF] Request starting HTTP/1.1 GET https://localhost:7150/.well-known/openid-configuration - -
2022-01-30 12:42:40.802 -05:00 [INF] Request:
Protocol: HTTP/1.1
Method: GET
Scheme: https
PathBase: 
Path: /.well-known/openid-configuration
Host: localhost:7150
User-Agent: Microsoft ASP.NET Core JwtBearer handler
traceparent: [Redacted]
2022-01-30 12:42:40.807 -05:00 [INF] Response:
StatusCode: 404
2022-01-30 12:42:40.812 -05:00 [INF] Request finished HTTP/1.1 GET https://localhost:7150/.well-known/openid-configuration - - - 404 0 - 12.1516ms
2022-01-30 12:42:40.857 -05:00 [ERR] Exception occurred while processing message.
System.InvalidOperationException: IDX20803: Unable to obtain configuration from: 'System.String'.
 ---> System.IO.IOException: IDX20807: Unable to retrieve document from: 'System.String'. HttpResponseMessage: 'System.Net.Http.HttpResponseMessage', HttpResponseMessage.Content: 'System.String'.
   at Microsoft.IdentityModel.Protocols.HttpDocumentRetriever.GetDocumentAsync(String address, CancellationToken cancel)
   at Microsoft.IdentityModel.Protocols.OpenIdConnect.OpenIdConnectConfigurationRetriever.GetAsync(String address, IDocumentRetriever retriever, CancellationToken cancel)
   at Microsoft.IdentityModel.Protocols.ConfigurationManager`1.GetConfigurationAsync(CancellationToken cancel)
   --- End of inner exception stack trace ---
   at Microsoft.IdentityModel.Protocols.ConfigurationManager`1.GetConfigurationAsync(CancellationToken cancel)
   at Microsoft.AspNetCore.Authentication.JwtBearer.JwtBearerHandler.HandleAuthenticateAsync()
2022-01-30 12:42:40.877 -05:00 [INF] AuthenticationScheme: Bearer was challenged.
2022-01-30 12:42:40.879 -05:00 [INF] Response:
StatusCode: 401
WWW-Authenticate: [Redacted]
2022-01-30 12:42:40.880 -05:00 [INF] Request finished HTTP/2 GET https://localhost:7150/api/Book/Get - - - 401 0 - 245.8624ms
2022-01-30 12:47:25.484 -05:00 [INF] Application is shutting down...
