2022-01-11 13:48:48.595 -05:00 [INF] Now listening on: https://localhost:7150
2022-01-11 13:48:48.675 -05:00 [INF] Now listening on: http://localhost:5150
2022-01-11 13:48:48.683 -05:00 [INF] Application started. Press Ctrl+C to shut down.
2022-01-11 13:48:48.684 -05:00 [INF] Hosting environment: Development
2022-01-11 13:48:48.685 -05:00 [INF] Content root path: C:\Users\kevin\RiderProjects\LibraryStore\Api\
2022-01-11 13:48:49.208 -05:00 [INF] Request starting HTTP/2 GET https://localhost:7150/swagger/index.html - -
2022-01-11 13:48:49.409 -05:00 [INF] Request finished HTTP/2 GET https://localhost:7150/swagger/index.html - - - 200 - text/html;charset=utf-8 203.8452ms
2022-01-11 13:48:49.742 -05:00 [INF] Request starting HTTP/2 GET https://localhost:7150/swagger/v1/swagger.json - -
2022-01-11 13:48:49.903 -05:00 [INF] Request finished HTTP/2 GET https://localhost:7150/swagger/v1/swagger.json - - - 200 - application/json;charset=utf-8 160.9857ms
2022-01-11 13:48:54.675 -05:00 [INF] Request starting HTTP/2 GET https://localhost:7150/api/Book/Get - -
2022-01-11 13:48:54.712 -05:00 [INF] Request:
Protocol: HTTP/2
Method: GET
Scheme: https
PathBase: 
Path: /api/Book/Get
Accept: text/plain
Host: localhost:7150
User-Agent: Mozilla/5.0 (Windows NT 10.0; Win64; x64) AppleWebKit/537.36 (KHTML, like Gecko) Chrome/97.0.4692.71 Safari/537.36 Edg/97.0.1072.55
:method: [Redacted]
Accept-Encoding: gzip, deflate, br
Accept-Language: es,es-ES;q=0.9,en;q=0.8,en-GB;q=0.7,en-US;q=0.6
Cookie: [Redacted]
Referer: [Redacted]
sec-ch-ua: [Redacted]
sec-ch-ua-mobile: [Redacted]
sec-ch-ua-platform: [Redacted]
sec-fetch-site: [Redacted]
sec-fetch-mode: [Redacted]
sec-fetch-dest: [Redacted]
2022-01-11 13:48:54.720 -05:00 [INF] Executing endpoint 'Api.Controllers.BookController.Get (Api)'
2022-01-11 13:48:54.752 -05:00 [INF] Route matched with {action = "Get", controller = "Book"}. Executing controller action with signature System.Threading.Tasks.Task`1[Microsoft.AspNetCore.Mvc.ActionResult`1[Application.Utilities.Response`1[System.Collections.Generic.IEnumerable`1[Application.Book.Dto.BookDto]]]] Get() on controller Api.Controllers.BookController (Api).
2022-01-11 13:48:56.322 -05:00 [INF] Entity Framework Core 5.0.10 initialized 'PersistenceContext' using provider 'Microsoft.EntityFrameworkCore.SqlServer' with options: MigrationsHistoryTable=_MigrationHistory 
2022-01-11 13:48:57.145 -05:00 [INF] Executed DbCommand (55ms) [Parameters=[], CommandType='"Text"', CommandTimeout='30']
SELECT [b].[Id], [b].[AuthorId], [b].[CreatedBy], [b].[CreatedOn], [b].[Description], [b].[GenreId], [b].[LastModifiedOn], [b].[Name], [b].[Price], [b].[PublisherId], [b].[State], [b].[UpdatedBy]
FROM [Book] AS [b]
2022-01-11 13:48:57.245 -05:00 [INF] Executing ObjectResult, writing value of type 'Application.Utilities.Response`1[[System.Collections.Generic.IEnumerable`1[[Application.Book.Dto.BookDto, Application, Version=1.0.0.0, Culture=neutral, PublicKeyToken=null]], System.Private.CoreLib, Version=6.0.0.0, Culture=neutral, PublicKeyToken=7cec85d7bea7798e]]'.
2022-01-11 13:48:57.261 -05:00 [INF] Executed action Api.Controllers.BookController.Get (Api) in 2496.7972ms
2022-01-11 13:48:57.264 -05:00 [INF] Executed endpoint 'Api.Controllers.BookController.Get (Api)'
2022-01-11 13:48:57.267 -05:00 [INF] Response:
StatusCode: 200
Content-Type: application/json; charset=utf-8
Date: Tue, 11 Jan 2022 18:48:56 GMT
Server: Kestrel
2022-01-11 13:48:57.286 -05:00 [INF] Request finished HTTP/2 GET https://localhost:7150/api/Book/Get - - - 200 - application/json;+charset=utf-8 2611.0902ms
2022-01-11 13:49:02.275 -05:00 [INF] Request starting HTTP/2 GET https://localhost:7150/api/Book/Get - -
2022-01-11 13:49:02.277 -05:00 [INF] Request:
Protocol: HTTP/2
Method: GET
Scheme: https
PathBase: 
Path: /api/Book/Get
Accept: text/plain
Host: localhost:7150
User-Agent: Mozilla/5.0 (Windows NT 10.0; Win64; x64) AppleWebKit/537.36 (KHTML, like Gecko) Chrome/97.0.4692.71 Safari/537.36 Edg/97.0.1072.55
:method: [Redacted]
Accept-Encoding: gzip, deflate, br
Accept-Language: es,es-ES;q=0.9,en;q=0.8,en-GB;q=0.7,en-US;q=0.6
Cookie: [Redacted]
Referer: [Redacted]
sec-ch-ua: [Redacted]
sec-ch-ua-mobile: [Redacted]
sec-ch-ua-platform: [Redacted]
sec-fetch-site: [Redacted]
sec-fetch-mode: [Redacted]
sec-fetch-dest: [Redacted]
2022-01-11 13:49:02.279 -05:00 [INF] Executing endpoint 'Api.Controllers.BookController.Get (Api)'
2022-01-11 13:49:02.281 -05:00 [INF] Route matched with {action = "Get", controller = "Book"}. Executing controller action with signature System.Threading.Tasks.Task`1[Microsoft.AspNetCore.Mvc.ActionResult`1[Application.Utilities.Response`1[System.Collections.Generic.IEnumerable`1[Application.Book.Dto.BookDto]]]] Get() on controller Api.Controllers.BookController (Api).
2022-01-11 13:49:02.327 -05:00 [INF] Entity Framework Core 5.0.10 initialized 'PersistenceContext' using provider 'Microsoft.EntityFrameworkCore.SqlServer' with options: MigrationsHistoryTable=_MigrationHistory 
2022-01-11 13:49:02.343 -05:00 [INF] Executed DbCommand (5ms) [Parameters=[], CommandType='"Text"', CommandTimeout='30']
SELECT [b].[Id], [b].[AuthorId], [b].[CreatedBy], [b].[CreatedOn], [b].[Description], [b].[GenreId], [b].[LastModifiedOn], [b].[Name], [b].[Price], [b].[PublisherId], [b].[State], [b].[UpdatedBy]
FROM [Book] AS [b]
2022-01-11 13:49:02.347 -05:00 [INF] Executing ObjectResult, writing value of type 'Application.Utilities.Response`1[[System.Collections.Generic.IEnumerable`1[[Application.Book.Dto.BookDto, Application, Version=1.0.0.0, Culture=neutral, PublicKeyToken=null]], System.Private.CoreLib, Version=6.0.0.0, Culture=neutral, PublicKeyToken=7cec85d7bea7798e]]'.
2022-01-11 13:49:02.351 -05:00 [INF] Executed action Api.Controllers.BookController.Get (Api) in 68.2436ms
2022-01-11 13:49:02.353 -05:00 [INF] Executed endpoint 'Api.Controllers.BookController.Get (Api)'
2022-01-11 13:49:02.355 -05:00 [INF] Response:
StatusCode: 200
Content-Type: application/json; charset=utf-8
Date: Tue, 11 Jan 2022 18:49:01 GMT
Server: Kestrel
2022-01-11 13:49:02.356 -05:00 [INF] Request finished HTTP/2 GET https://localhost:7150/api/Book/Get - - - 200 - application/json;+charset=utf-8 80.7968ms
2022-01-11 13:49:03.518 -05:00 [INF] Request starting HTTP/2 GET https://localhost:7150/api/Book/Get - -
2022-01-11 13:49:03.523 -05:00 [INF] Request:
Protocol: HTTP/2
Method: GET
Scheme: https
PathBase: 
Path: /api/Book/Get
Accept: text/plain
Host: localhost:7150
User-Agent: Mozilla/5.0 (Windows NT 10.0; Win64; x64) AppleWebKit/537.36 (KHTML, like Gecko) Chrome/97.0.4692.71 Safari/537.36 Edg/97.0.1072.55
:method: [Redacted]
Accept-Encoding: gzip, deflate, br
Accept-Language: es,es-ES;q=0.9,en;q=0.8,en-GB;q=0.7,en-US;q=0.6
Cookie: [Redacted]
Referer: [Redacted]
sec-ch-ua: [Redacted]
sec-ch-ua-mobile: [Redacted]
sec-ch-ua-platform: [Redacted]
sec-fetch-site: [Redacted]
sec-fetch-mode: [Redacted]
sec-fetch-dest: [Redacted]
2022-01-11 13:49:03.525 -05:00 [INF] Executing endpoint 'Api.Controllers.BookController.Get (Api)'
2022-01-11 13:49:03.527 -05:00 [INF] Route matched with {action = "Get", controller = "Book"}. Executing controller action with signature System.Threading.Tasks.Task`1[Microsoft.AspNetCore.Mvc.ActionResult`1[Application.Utilities.Response`1[System.Collections.Generic.IEnumerable`1[Application.Book.Dto.BookDto]]]] Get() on controller Api.Controllers.BookController (Api).
2022-01-11 13:49:03.542 -05:00 [INF] Entity Framework Core 5.0.10 initialized 'PersistenceContext' using provider 'Microsoft.EntityFrameworkCore.SqlServer' with options: MigrationsHistoryTable=_MigrationHistory 
2022-01-11 13:49:03.548 -05:00 [INF] Executed DbCommand (1ms) [Parameters=[], CommandType='"Text"', CommandTimeout='30']
SELECT [b].[Id], [b].[AuthorId], [b].[CreatedBy], [b].[CreatedOn], [b].[Description], [b].[GenreId], [b].[LastModifiedOn], [b].[Name], [b].[Price], [b].[PublisherId], [b].[State], [b].[UpdatedBy]
FROM [Book] AS [b]
2022-01-11 13:49:03.551 -05:00 [INF] Executing ObjectResult, writing value of type 'Application.Utilities.Response`1[[System.Collections.Generic.IEnumerable`1[[Application.Book.Dto.BookDto, Application, Version=1.0.0.0, Culture=neutral, PublicKeyToken=null]], System.Private.CoreLib, Version=6.0.0.0, Culture=neutral, PublicKeyToken=7cec85d7bea7798e]]'.
2022-01-11 13:49:03.553 -05:00 [INF] Executed action Api.Controllers.BookController.Get (Api) in 23.7047ms
2022-01-11 13:49:03.554 -05:00 [INF] Executed endpoint 'Api.Controllers.BookController.Get (Api)'
2022-01-11 13:49:03.555 -05:00 [INF] Response:
StatusCode: 200
Content-Type: application/json; charset=utf-8
Date: Tue, 11 Jan 2022 18:49:02 GMT
Server: Kestrel
2022-01-11 13:49:03.557 -05:00 [INF] Request finished HTTP/2 GET https://localhost:7150/api/Book/Get - - - 200 - application/json;+charset=utf-8 38.4249ms
