2022-02-08 01:50:18.639 -05:00 [INF] User profile is available. Using 'C:\Users\kevin\AppData\Local\ASP.NET\DataProtection-Keys' as key repository and Windows DPAPI to encrypt keys at rest.
2022-02-08 01:50:18.833 -05:00 [INF] Now listening on: https://localhost:7150
2022-02-08 01:50:18.835 -05:00 [INF] Now listening on: http://localhost:5150
2022-02-08 01:50:18.839 -05:00 [INF] Application started. Press Ctrl+C to shut down.
2022-02-08 01:50:18.841 -05:00 [INF] Hosting environment: Development
2022-02-08 01:50:18.843 -05:00 [INF] Content root path: C:\Users\kevin\RiderProjects\LibraryStore\Api\
2022-02-08 01:50:19.466 -05:00 [INF] Request starting HTTP/2 GET https://localhost:7150/swagger/index.html - -
2022-02-08 01:50:19.547 -05:00 [INF] Request finished HTTP/2 GET https://localhost:7150/swagger/index.html - - - 200 - text/html;charset=utf-8 84.5950ms
2022-02-08 01:50:19.707 -05:00 [INF] Request starting HTTP/2 GET https://localhost:7150/swagger/v1/swagger.json - -
2022-02-08 01:50:19.819 -05:00 [INF] Request finished HTTP/2 GET https://localhost:7150/swagger/v1/swagger.json - - - 200 - application/json;charset=utf-8 112.5496ms
2022-02-08 01:50:28.231 -05:00 [INF] Request starting HTTP/2 GET https://localhost:7150/api/MenuItem/GetByRole/10000001-0001-0001-0001-000000000001 - -
2022-02-08 01:50:28.257 -05:00 [INF] Request:
Protocol: HTTP/2
Method: GET
Scheme: https
PathBase: 
Path: /api/MenuItem/GetByRole/10000001-0001-0001-0001-000000000001
Accept: text/plain
Host: localhost:7150
User-Agent: Mozilla/5.0 (Windows NT 10.0; Win64; x64) AppleWebKit/537.36 (KHTML, like Gecko) Chrome/98.0.4758.80 Safari/537.36 Edg/98.0.1108.43
:method: [Redacted]
Accept-Encoding: gzip, deflate, br
Accept-Language: es,es-ES;q=0.9,en;q=0.8,en-GB;q=0.7,en-US;q=0.6
Cookie: [Redacted]
Referer: [Redacted]
sec-ch-ua: [Redacted]
sec-ch-ua-mobile: [Redacted]
sec-ch-ua-platform: [Redacted]
sec-fetch-site: [Redacted]
sec-fetch-mode: [Redacted]
sec-fetch-dest: [Redacted]
2022-02-08 01:50:28.294 -05:00 [INF] Executing endpoint 'Api.Controllers.MenuItemController.GetByRole (Api)'
2022-02-08 01:50:28.321 -05:00 [INF] Route matched with {action = "GetByRole", controller = "MenuItem"}. Executing controller action with signature System.Threading.Tasks.Task`1[Microsoft.AspNetCore.Mvc.ActionResult`1[Application.Utilities.Response`1[System.Collections.Generic.IEnumerable`1[Application.Config.MenuItem.Dto.MenuItemDto]]]] GetByRole(System.Guid) on controller Api.Controllers.MenuItemController (Api).
2022-02-08 01:50:29.252 -05:00 [INF] Entity Framework Core 5.0.10 initialized 'PersistenceContext' using provider 'Microsoft.EntityFrameworkCore.SqlServer' with options: MigrationsHistoryTable=Library._MigrationHistory 
2022-02-08 01:50:29.903 -05:00 [INF] Executed DbCommand (53ms) [Parameters=[@__roleId_0='?' (DbType = Guid)], CommandType='"Text"', CommandTimeout='30']
SELECT [m].[Id], [m].[CreatedBy], [m].[CreatedOn], [m].[IconClass], [m].[LastModifiedOn], [m].[RoleId], [m].[Route], [m].[Status], [m].[Title], [m].[UpdatedBy]
FROM [Library].[MenuItem] AS [m]
LEFT JOIN [Library].[Role] AS [r] ON [m].[RoleId] = [r].[Id]
WHERE [r].[Id] = @__roleId_0
2022-02-08 01:50:29.952 -05:00 [INF] Executing ObjectResult, writing value of type 'Application.Utilities.Response`1[[System.Collections.Generic.IEnumerable`1[[Application.Config.MenuItem.Dto.MenuItemDto, Application, Version=1.0.0.0, Culture=neutral, PublicKeyToken=null]], System.Private.CoreLib, Version=6.0.0.0, Culture=neutral, PublicKeyToken=7cec85d7bea7798e]]'.
2022-02-08 01:50:29.969 -05:00 [INF] Executed action Api.Controllers.MenuItemController.GetByRole (Api) in 1639.7074ms
2022-02-08 01:50:29.971 -05:00 [INF] Executed endpoint 'Api.Controllers.MenuItemController.GetByRole (Api)'
2022-02-08 01:50:29.974 -05:00 [INF] Response:
StatusCode: 200
Content-Type: application/json; charset=utf-8
Date: Tue, 08 Feb 2022 06:50:29 GMT
Server: Kestrel
2022-02-08 01:50:29.987 -05:00 [INF] Request finished HTTP/2 GET https://localhost:7150/api/MenuItem/GetByRole/10000001-0001-0001-0001-000000000001 - - - 200 - application/json;+charset=utf-8 1755.6735ms
2022-02-08 01:51:47.566 -05:00 [INF] Request starting HTTP/2 GET https://localhost:7150/api/MenuItem/GetByRole/10000001-0001-0001-0001-000000000001 - -
2022-02-08 01:51:47.569 -05:00 [INF] Request:
Protocol: HTTP/2
Method: GET
Scheme: https
PathBase: 
Path: /api/MenuItem/GetByRole/10000001-0001-0001-0001-000000000001
Accept: text/plain
Host: localhost:7150
User-Agent: Mozilla/5.0 (Windows NT 10.0; Win64; x64) AppleWebKit/537.36 (KHTML, like Gecko) Chrome/98.0.4758.80 Safari/537.36 Edg/98.0.1108.43
:method: [Redacted]
Accept-Encoding: gzip, deflate, br
Accept-Language: es,es-ES;q=0.9,en;q=0.8,en-GB;q=0.7,en-US;q=0.6
Cookie: [Redacted]
Referer: [Redacted]
sec-ch-ua: [Redacted]
sec-ch-ua-mobile: [Redacted]
sec-ch-ua-platform: [Redacted]
sec-fetch-site: [Redacted]
sec-fetch-mode: [Redacted]
sec-fetch-dest: [Redacted]
2022-02-08 01:51:47.572 -05:00 [INF] Executing endpoint 'Api.Controllers.MenuItemController.GetByRole (Api)'
2022-02-08 01:51:47.574 -05:00 [INF] Route matched with {action = "GetByRole", controller = "MenuItem"}. Executing controller action with signature System.Threading.Tasks.Task`1[Microsoft.AspNetCore.Mvc.ActionResult`1[Application.Utilities.Response`1[System.Collections.Generic.IEnumerable`1[Application.Config.MenuItem.Dto.MenuItemDto]]]] GetByRole(System.Guid) on controller Api.Controllers.MenuItemController (Api).
2022-02-08 01:51:47.608 -05:00 [INF] Entity Framework Core 5.0.10 initialized 'PersistenceContext' using provider 'Microsoft.EntityFrameworkCore.SqlServer' with options: MigrationsHistoryTable=Library._MigrationHistory 
2022-02-08 01:51:47.624 -05:00 [INF] Executed DbCommand (6ms) [Parameters=[@__roleId_0='?' (DbType = Guid)], CommandType='"Text"', CommandTimeout='30']
SELECT [m].[Id], [m].[CreatedBy], [m].[CreatedOn], [m].[IconClass], [m].[LastModifiedOn], [m].[RoleId], [m].[Route], [m].[Status], [m].[Title], [m].[UpdatedBy]
FROM [Library].[MenuItem] AS [m]
LEFT JOIN [Library].[Role] AS [r] ON [m].[RoleId] = [r].[Id]
WHERE [r].[Id] = @__roleId_0
2022-02-08 01:51:47.642 -05:00 [INF] Executing ObjectResult, writing value of type 'Application.Utilities.Response`1[[System.Collections.Generic.IEnumerable`1[[Application.Config.MenuItem.Dto.MenuItemDto, Application, Version=1.0.0.0, Culture=neutral, PublicKeyToken=null]], System.Private.CoreLib, Version=6.0.0.0, Culture=neutral, PublicKeyToken=7cec85d7bea7798e]]'.
2022-02-08 01:51:47.647 -05:00 [INF] Executed action Api.Controllers.MenuItemController.GetByRole (Api) in 70.4734ms
2022-02-08 01:51:47.648 -05:00 [INF] Executed endpoint 'Api.Controllers.MenuItemController.GetByRole (Api)'
2022-02-08 01:51:47.650 -05:00 [INF] Response:
StatusCode: 200
Content-Type: application/json; charset=utf-8
Date: Tue, 08 Feb 2022 06:51:47 GMT
Server: Kestrel
2022-02-08 01:51:47.651 -05:00 [INF] Request finished HTTP/2 GET https://localhost:7150/api/MenuItem/GetByRole/10000001-0001-0001-0001-000000000001 - - - 200 - application/json;+charset=utf-8 85.4592ms
2022-02-08 02:00:56.780 -05:00 [INF] Application is shutting down...
