2022-02-08 01:34:56.835 -05:00 [INF] User profile is available. Using 'C:\Users\kevin\AppData\Local\ASP.NET\DataProtection-Keys' as key repository and Windows DPAPI to encrypt keys at rest.
2022-02-08 01:34:57.141 -05:00 [INF] Now listening on: https://localhost:7150
2022-02-08 01:34:57.143 -05:00 [INF] Now listening on: http://localhost:5150
2022-02-08 01:34:57.148 -05:00 [INF] Application started. Press Ctrl+C to shut down.
2022-02-08 01:34:57.150 -05:00 [INF] Hosting environment: Development
2022-02-08 01:34:57.152 -05:00 [INF] Content root path: C:\Users\kevin\RiderProjects\LibraryStore\Api\
2022-02-08 01:35:08.097 -05:00 [INF] Request starting HTTP/2 POST https://localhost:7150/api/MenuItem application/json 129
2022-02-08 01:35:08.146 -05:00 [INF] Request:
Protocol: HTTP/2
Method: POST
Scheme: https
PathBase: 
Path: /api/MenuItem
Accept: text/plain
Host: localhost:7150
User-Agent: Mozilla/5.0 (Windows NT 10.0; Win64; x64) AppleWebKit/537.36 (KHTML, like Gecko) Chrome/98.0.4758.80 Safari/537.36 Edg/98.0.1108.43
:method: [Redacted]
Accept-Encoding: gzip, deflate, br
Accept-Language: es,es-ES;q=0.9,en;q=0.8,en-GB;q=0.7,en-US;q=0.6
Content-Type: application/json
Cookie: [Redacted]
Origin: [Redacted]
Referer: [Redacted]
Content-Length: 129
sec-ch-ua: [Redacted]
sec-ch-ua-mobile: [Redacted]
sec-ch-ua-platform: [Redacted]
sec-fetch-site: [Redacted]
sec-fetch-mode: [Redacted]
sec-fetch-dest: [Redacted]
2022-02-08 01:35:08.224 -05:00 [INF] Executing endpoint 'Api.Controllers.MenuItemController.Post (Api)'
2022-02-08 01:35:08.260 -05:00 [INF] Route matched with {action = "Post", controller = "MenuItem"}. Executing controller action with signature System.Threading.Tasks.Task`1[Microsoft.AspNetCore.Mvc.ActionResult`1[Application.Utilities.Response`1[Application.Config.MenuItem.Dto.MenuItemDto]]] Post(Application.Config.MenuItem.Commands.MenuItemCreateCommand) on controller Api.Controllers.MenuItemController (Api).
2022-02-08 01:35:41.264 -05:00 [INF] Entity Framework Core 5.0.10 initialized 'PersistenceContext' using provider 'Microsoft.EntityFrameworkCore.SqlServer' with options: MigrationsHistoryTable=Library._MigrationHistory 
