2022-01-16 00:51:54.153 -05:00 [INF] User profile is available. Using 'C:\Users\kevin\AppData\Local\ASP.NET\DataProtection-Keys' as key repository and Windows DPAPI to encrypt keys at rest.
2022-01-16 00:51:54.922 -05:00 [INF] Now listening on: https://localhost:7150
2022-01-16 00:51:54.923 -05:00 [INF] Now listening on: http://localhost:5150
2022-01-16 00:51:54.928 -05:00 [INF] Application started. Press Ctrl+C to shut down.
2022-01-16 00:51:54.928 -05:00 [INF] Hosting environment: Development
2022-01-16 00:51:54.929 -05:00 [INF] Content root path: C:\Users\kevin\RiderProjects\LibraryStore\Api\
2022-01-16 00:51:56.203 -05:00 [INF] Request starting HTTP/2 GET https://localhost:7150/swagger - -
2022-01-16 00:51:56.377 -05:00 [INF] Request finished HTTP/2 GET https://localhost:7150/swagger - - - 301 0 - 179.5010ms
2022-01-16 00:51:56.399 -05:00 [INF] Request starting HTTP/2 GET https://localhost:7150/swagger/index.html - -
2022-01-16 00:51:56.533 -05:00 [INF] Request finished HTTP/2 GET https://localhost:7150/swagger/index.html - - - 200 - text/html;charset=utf-8 133.4976ms
2022-01-16 00:51:56.680 -05:00 [INF] Request starting HTTP/2 GET https://localhost:7150/swagger/swagger-ui-standalone-preset.js - -
2022-01-16 00:51:56.680 -05:00 [INF] Request starting HTTP/2 GET https://localhost:7150/swagger/swagger-ui-bundle.js - -
2022-01-16 00:51:56.680 -05:00 [INF] Request starting HTTP/2 GET https://localhost:7150/swagger/swagger-ui.css - -
2022-01-16 00:51:56.740 -05:00 [INF] Sending file. Request path: '/swagger-ui-standalone-preset.js'. Physical path: 'N/A'
2022-01-16 00:51:56.740 -05:00 [INF] Sending file. Request path: '/swagger-ui.css'. Physical path: 'N/A'
2022-01-16 00:51:56.748 -05:00 [INF] Request finished HTTP/2 GET https://localhost:7150/swagger/swagger-ui.css - - - 200 143632 text/css 67.9481ms
2022-01-16 00:51:56.748 -05:00 [INF] Request finished HTTP/2 GET https://localhost:7150/swagger/swagger-ui-standalone-preset.js - - - 200 337162 application/javascript 68.3160ms
2022-01-16 00:51:56.755 -05:00 [INF] Sending file. Request path: '/swagger-ui-bundle.js'. Physical path: 'N/A'
2022-01-16 00:51:56.757 -05:00 [INF] Request finished HTTP/2 GET https://localhost:7150/swagger/swagger-ui-bundle.js - - - 200 1092889 application/javascript 76.1623ms
2022-01-16 00:51:57.207 -05:00 [INF] Request starting HTTP/2 GET https://localhost:7150/swagger/v1/swagger.json - -
2022-01-16 00:51:57.457 -05:00 [INF] Request finished HTTP/2 GET https://localhost:7150/swagger/v1/swagger.json - - - 200 - application/json;charset=utf-8 249.9364ms
2022-01-16 00:54:26.780 -05:00 [INF] Application is shutting down...
