2022-01-22 00:38:22.668 -05:00 [INF] User profile is available. Using 'C:\Users\kevin\AppData\Local\ASP.NET\DataProtection-Keys' as key repository and Windows DPAPI to encrypt keys at rest.
2022-01-22 00:38:22.987 -05:00 [INF] Now listening on: https://localhost:7150
2022-01-22 00:38:22.988 -05:00 [INF] Now listening on: http://localhost:5150
2022-01-22 00:38:22.994 -05:00 [INF] Application started. Press Ctrl+C to shut down.
2022-01-22 00:38:22.996 -05:00 [INF] Hosting environment: Development
2022-01-22 00:38:22.997 -05:00 [INF] Content root path: C:\Users\kevin\RiderProjects\LibraryStore\Api\
2022-01-22 00:38:23.330 -05:00 [INF] Request starting HTTP/2 GET https://localhost:7150/swagger/index.html - -
2022-01-22 00:38:23.539 -05:00 [INF] Request finished HTTP/2 GET https://localhost:7150/swagger/index.html - - - 200 - text/html;charset=utf-8 214.3553ms
2022-01-22 00:38:23.838 -05:00 [INF] Request starting HTTP/2 GET https://localhost:7150/swagger/v1/swagger.json - -
2022-01-22 00:38:24.088 -05:00 [INF] Request finished HTTP/2 GET https://localhost:7150/swagger/v1/swagger.json - - - 200 - application/json;charset=utf-8 250.2839ms
2022-01-22 00:38:27.814 -05:00 [INF] Request starting HTTP/2 POST https://localhost:7150/api/Auth application/json 48
2022-01-22 00:38:27.861 -05:00 [INF] Request:
Protocol: HTTP/2
Method: POST
Scheme: https
PathBase: 
Path: /api/Auth
Accept: text/plain
Host: localhost:7150
User-Agent: Mozilla/5.0 (Windows NT 10.0; Win64; x64) AppleWebKit/537.36 (KHTML, like Gecko) Chrome/97.0.4692.71 Safari/537.36 Edg/97.0.1072.62
:method: [Redacted]
Accept-Encoding: gzip, deflate, br
Accept-Language: es,es-ES;q=0.9,en;q=0.8,en-GB;q=0.7,en-US;q=0.6
Authorization: [Redacted]
Content-Type: application/json
Cookie: [Redacted]
Origin: [Redacted]
Referer: [Redacted]
Content-Length: 48
sec-ch-ua: [Redacted]
sec-ch-ua-mobile: [Redacted]
sec-ch-ua-platform: [Redacted]
sec-fetch-site: [Redacted]
sec-fetch-mode: [Redacted]
sec-fetch-dest: [Redacted]
2022-01-22 00:38:28.184 -05:00 [INF] Executing endpoint 'Api.Controllers.AuthController.Post (Api)'
2022-01-22 00:38:28.230 -05:00 [INF] Route matched with {action = "Post", controller = "Auth"}. Executing controller action with signature System.Threading.Tasks.Task`1[Microsoft.AspNetCore.Mvc.ActionResult`1[Application.Utilities.Response`1[System.String]]] Post(Application.Security.User.Request.AuthRequest) on controller Api.Controllers.AuthController (Api).
2022-01-22 00:38:29.798 -05:00 [INF] Entity Framework Core 5.0.10 initialized 'PersistenceContext' using provider 'Microsoft.EntityFrameworkCore.SqlServer' with options: MigrationsHistoryTable=Library._MigrationHistory 
2022-01-22 00:38:30.862 -05:00 [INF] Executed DbCommand (88ms) [Parameters=[@__ToLower_0='?' (Size = 4000), @__GetSha256_1='?' (Size = 4000)], CommandType='"Text"', CommandTimeout='30']
SELECT TOP(1) [u].[RoleId], [u].[UserId], [u].[CreatedBy], [u].[CreatedOn], [u].[Id], [u].[LastModifiedOn], [u].[Status], [u].[UpdatedBy], [u0].[Id], [u0].[CreatedBy], [u0].[CreatedOn], [u0].[LastModifiedOn], [u0].[pass], [u0].[Status], [u0].[UpdatedBy], [u0].[UserName]
FROM [Library].[UsersRoles] AS [u]
INNER JOIN [Library].[User] AS [u0] ON [u].[UserId] = [u0].[Id]
WHERE (LOWER([u0].[UserName]) = @__ToLower_0) AND ([u0].[pass] = @__GetSha256_1)
2022-01-22 00:38:31.001 -05:00 [INF] Executed DbCommand (12ms) [Parameters=[@__entity_equality_user_User_0_Id='?' (DbType = Guid)], CommandType='"Text"', CommandTimeout='30']
SELECT [r].[Id], [r].[CreatedBy], [r].[CreatedOn], [r].[Description], [r].[LastModifiedOn], [r].[RoleName], [r].[Status], [r].[UpdatedBy]
FROM [Library].[Role] AS [r]
WHERE EXISTS (
    SELECT 1
    FROM [Library].[UsersRoles] AS [u]
    INNER JOIN [Library].[User] AS [u0] ON [u].[UserId] = [u0].[Id]
    WHERE ([r].[Id] = [u].[RoleId]) AND ([u0].[Id] = @__entity_equality_user_User_0_Id))
2022-01-22 00:38:31.051 -05:00 [INF] Executing ObjectResult, writing value of type 'Application.Utilities.Response`1[[System.String, System.Private.CoreLib, Version=6.0.0.0, Culture=neutral, PublicKeyToken=7cec85d7bea7798e]]'.
2022-01-22 00:38:31.079 -05:00 [INF] Executed action Api.Controllers.AuthController.Post (Api) in 2832.9178ms
2022-01-22 00:38:31.082 -05:00 [INF] Executed endpoint 'Api.Controllers.AuthController.Post (Api)'
2022-01-22 00:38:31.088 -05:00 [INF] Response:
StatusCode: 200
Content-Type: application/json; charset=utf-8
Date: Sat, 22 Jan 2022 05:38:30 GMT
Server: Kestrel
2022-01-22 00:38:31.107 -05:00 [INF] Request finished HTTP/2 POST https://localhost:7150/api/Auth application/json 48 - 200 - application/json;+charset=utf-8 3292.5101ms
2022-01-22 00:38:35.335 -05:00 [INF] Request starting HTTP/2 POST https://localhost:7150/api/Auth application/json 48
2022-01-22 00:38:35.338 -05:00 [INF] Request:
Protocol: HTTP/2
Method: POST
Scheme: https
PathBase: 
Path: /api/Auth
Accept: text/plain
Host: localhost:7150
User-Agent: Mozilla/5.0 (Windows NT 10.0; Win64; x64) AppleWebKit/537.36 (KHTML, like Gecko) Chrome/97.0.4692.71 Safari/537.36 Edg/97.0.1072.62
:method: [Redacted]
Accept-Encoding: gzip, deflate, br
Accept-Language: es,es-ES;q=0.9,en;q=0.8,en-GB;q=0.7,en-US;q=0.6
Authorization: [Redacted]
Content-Type: application/json
Cookie: [Redacted]
Origin: [Redacted]
Referer: [Redacted]
Content-Length: 48
sec-ch-ua: [Redacted]
sec-ch-ua-mobile: [Redacted]
sec-ch-ua-platform: [Redacted]
sec-fetch-site: [Redacted]
sec-fetch-mode: [Redacted]
sec-fetch-dest: [Redacted]
2022-01-22 00:38:35.342 -05:00 [INF] Executing endpoint 'Api.Controllers.AuthController.Post (Api)'
2022-01-22 00:38:35.343 -05:00 [INF] Route matched with {action = "Post", controller = "Auth"}. Executing controller action with signature System.Threading.Tasks.Task`1[Microsoft.AspNetCore.Mvc.ActionResult`1[Application.Utilities.Response`1[System.String]]] Post(Application.Security.User.Request.AuthRequest) on controller Api.Controllers.AuthController (Api).
2022-01-22 00:38:35.403 -05:00 [INF] Entity Framework Core 5.0.10 initialized 'PersistenceContext' using provider 'Microsoft.EntityFrameworkCore.SqlServer' with options: MigrationsHistoryTable=Library._MigrationHistory 
2022-01-22 00:38:35.416 -05:00 [INF] Executed DbCommand (1ms) [Parameters=[@__ToLower_0='?' (Size = 4000), @__GetSha256_1='?' (Size = 4000)], CommandType='"Text"', CommandTimeout='30']
SELECT TOP(1) [u].[RoleId], [u].[UserId], [u].[CreatedBy], [u].[CreatedOn], [u].[Id], [u].[LastModifiedOn], [u].[Status], [u].[UpdatedBy], [u0].[Id], [u0].[CreatedBy], [u0].[CreatedOn], [u0].[LastModifiedOn], [u0].[pass], [u0].[Status], [u0].[UpdatedBy], [u0].[UserName]
FROM [Library].[UsersRoles] AS [u]
INNER JOIN [Library].[User] AS [u0] ON [u].[UserId] = [u0].[Id]
WHERE (LOWER([u0].[UserName]) = @__ToLower_0) AND ([u0].[pass] = @__GetSha256_1)
2022-01-22 00:38:35.421 -05:00 [INF] Executed DbCommand (1ms) [Parameters=[@__entity_equality_user_User_0_Id='?' (DbType = Guid)], CommandType='"Text"', CommandTimeout='30']
SELECT [r].[Id], [r].[CreatedBy], [r].[CreatedOn], [r].[Description], [r].[LastModifiedOn], [r].[RoleName], [r].[Status], [r].[UpdatedBy]
FROM [Library].[Role] AS [r]
WHERE EXISTS (
    SELECT 1
    FROM [Library].[UsersRoles] AS [u]
    INNER JOIN [Library].[User] AS [u0] ON [u].[UserId] = [u0].[Id]
    WHERE ([r].[Id] = [u].[RoleId]) AND ([u0].[Id] = @__entity_equality_user_User_0_Id))
2022-01-22 00:38:35.424 -05:00 [INF] Executing ObjectResult, writing value of type 'Application.Utilities.Response`1[[System.String, System.Private.CoreLib, Version=6.0.0.0, Culture=neutral, PublicKeyToken=7cec85d7bea7798e]]'.
2022-01-22 00:38:35.426 -05:00 [INF] Executed action Api.Controllers.AuthController.Post (Api) in 76.0633ms
2022-01-22 00:38:35.427 -05:00 [INF] Executed endpoint 'Api.Controllers.AuthController.Post (Api)'
2022-01-22 00:38:35.428 -05:00 [INF] Response:
StatusCode: 200
Content-Type: application/json; charset=utf-8
Date: Sat, 22 Jan 2022 05:38:34 GMT
Server: Kestrel
2022-01-22 00:38:35.430 -05:00 [INF] Request finished HTTP/2 POST https://localhost:7150/api/Auth application/json 48 - 200 - application/json;+charset=utf-8 95.0612ms
2022-01-22 00:38:36.464 -05:00 [INF] Request starting HTTP/2 POST https://localhost:7150/api/Auth application/json 48
2022-01-22 00:38:36.466 -05:00 [INF] Request:
Protocol: HTTP/2
Method: POST
Scheme: https
PathBase: 
Path: /api/Auth
Accept: text/plain
Host: localhost:7150
User-Agent: Mozilla/5.0 (Windows NT 10.0; Win64; x64) AppleWebKit/537.36 (KHTML, like Gecko) Chrome/97.0.4692.71 Safari/537.36 Edg/97.0.1072.62
:method: [Redacted]
Accept-Encoding: gzip, deflate, br
Accept-Language: es,es-ES;q=0.9,en;q=0.8,en-GB;q=0.7,en-US;q=0.6
Authorization: [Redacted]
Content-Type: application/json
Cookie: [Redacted]
Origin: [Redacted]
Referer: [Redacted]
Content-Length: 48
sec-ch-ua: [Redacted]
sec-ch-ua-mobile: [Redacted]
sec-ch-ua-platform: [Redacted]
sec-fetch-site: [Redacted]
sec-fetch-mode: [Redacted]
sec-fetch-dest: [Redacted]
2022-01-22 00:38:36.472 -05:00 [INF] Executing endpoint 'Api.Controllers.AuthController.Post (Api)'
2022-01-22 00:38:36.489 -05:00 [INF] Route matched with {action = "Post", controller = "Auth"}. Executing controller action with signature System.Threading.Tasks.Task`1[Microsoft.AspNetCore.Mvc.ActionResult`1[Application.Utilities.Response`1[System.String]]] Post(Application.Security.User.Request.AuthRequest) on controller Api.Controllers.AuthController (Api).
2022-01-22 00:38:36.516 -05:00 [INF] Entity Framework Core 5.0.10 initialized 'PersistenceContext' using provider 'Microsoft.EntityFrameworkCore.SqlServer' with options: MigrationsHistoryTable=Library._MigrationHistory 
2022-01-22 00:38:36.522 -05:00 [INF] Executed DbCommand (1ms) [Parameters=[@__ToLower_0='?' (Size = 4000), @__GetSha256_1='?' (Size = 4000)], CommandType='"Text"', CommandTimeout='30']
SELECT TOP(1) [u].[RoleId], [u].[UserId], [u].[CreatedBy], [u].[CreatedOn], [u].[Id], [u].[LastModifiedOn], [u].[Status], [u].[UpdatedBy], [u0].[Id], [u0].[CreatedBy], [u0].[CreatedOn], [u0].[LastModifiedOn], [u0].[pass], [u0].[Status], [u0].[UpdatedBy], [u0].[UserName]
FROM [Library].[UsersRoles] AS [u]
INNER JOIN [Library].[User] AS [u0] ON [u].[UserId] = [u0].[Id]
WHERE (LOWER([u0].[UserName]) = @__ToLower_0) AND ([u0].[pass] = @__GetSha256_1)
2022-01-22 00:38:36.531 -05:00 [INF] Executed DbCommand (1ms) [Parameters=[@__entity_equality_user_User_0_Id='?' (DbType = Guid)], CommandType='"Text"', CommandTimeout='30']
SELECT [r].[Id], [r].[CreatedBy], [r].[CreatedOn], [r].[Description], [r].[LastModifiedOn], [r].[RoleName], [r].[Status], [r].[UpdatedBy]
FROM [Library].[Role] AS [r]
WHERE EXISTS (
    SELECT 1
    FROM [Library].[UsersRoles] AS [u]
    INNER JOIN [Library].[User] AS [u0] ON [u].[UserId] = [u0].[Id]
    WHERE ([r].[Id] = [u].[RoleId]) AND ([u0].[Id] = @__entity_equality_user_User_0_Id))
2022-01-22 00:38:36.534 -05:00 [INF] Executing ObjectResult, writing value of type 'Application.Utilities.Response`1[[System.String, System.Private.CoreLib, Version=6.0.0.0, Culture=neutral, PublicKeyToken=7cec85d7bea7798e]]'.
2022-01-22 00:38:36.536 -05:00 [INF] Executed action Api.Controllers.AuthController.Post (Api) in 38.4533ms
2022-01-22 00:38:36.537 -05:00 [INF] Executed endpoint 'Api.Controllers.AuthController.Post (Api)'
2022-01-22 00:38:36.538 -05:00 [INF] Response:
StatusCode: 200
Content-Type: application/json; charset=utf-8
Date: Sat, 22 Jan 2022 05:38:35 GMT
Server: Kestrel
2022-01-22 00:38:36.541 -05:00 [INF] Request finished HTTP/2 POST https://localhost:7150/api/Auth application/json 48 - 200 - application/json;+charset=utf-8 76.7334ms
2022-01-22 00:38:37.215 -05:00 [INF] Request starting HTTP/2 POST https://localhost:7150/api/Auth application/json 48
2022-01-22 00:38:37.216 -05:00 [INF] Request:
Protocol: HTTP/2
Method: POST
Scheme: https
PathBase: 
Path: /api/Auth
Accept: text/plain
Host: localhost:7150
User-Agent: Mozilla/5.0 (Windows NT 10.0; Win64; x64) AppleWebKit/537.36 (KHTML, like Gecko) Chrome/97.0.4692.71 Safari/537.36 Edg/97.0.1072.62
:method: [Redacted]
Accept-Encoding: gzip, deflate, br
Accept-Language: es,es-ES;q=0.9,en;q=0.8,en-GB;q=0.7,en-US;q=0.6
Authorization: [Redacted]
Content-Type: application/json
Cookie: [Redacted]
Origin: [Redacted]
Referer: [Redacted]
Content-Length: 48
sec-ch-ua: [Redacted]
sec-ch-ua-mobile: [Redacted]
sec-ch-ua-platform: [Redacted]
sec-fetch-site: [Redacted]
sec-fetch-mode: [Redacted]
sec-fetch-dest: [Redacted]
2022-01-22 00:38:37.218 -05:00 [INF] Executing endpoint 'Api.Controllers.AuthController.Post (Api)'
2022-01-22 00:38:37.219 -05:00 [INF] Route matched with {action = "Post", controller = "Auth"}. Executing controller action with signature System.Threading.Tasks.Task`1[Microsoft.AspNetCore.Mvc.ActionResult`1[Application.Utilities.Response`1[System.String]]] Post(Application.Security.User.Request.AuthRequest) on controller Api.Controllers.AuthController (Api).
2022-01-22 00:38:37.222 -05:00 [INF] Entity Framework Core 5.0.10 initialized 'PersistenceContext' using provider 'Microsoft.EntityFrameworkCore.SqlServer' with options: MigrationsHistoryTable=Library._MigrationHistory 
2022-01-22 00:38:37.227 -05:00 [INF] Executed DbCommand (1ms) [Parameters=[@__ToLower_0='?' (Size = 4000), @__GetSha256_1='?' (Size = 4000)], CommandType='"Text"', CommandTimeout='30']
SELECT TOP(1) [u].[RoleId], [u].[UserId], [u].[CreatedBy], [u].[CreatedOn], [u].[Id], [u].[LastModifiedOn], [u].[Status], [u].[UpdatedBy], [u0].[Id], [u0].[CreatedBy], [u0].[CreatedOn], [u0].[LastModifiedOn], [u0].[pass], [u0].[Status], [u0].[UpdatedBy], [u0].[UserName]
FROM [Library].[UsersRoles] AS [u]
INNER JOIN [Library].[User] AS [u0] ON [u].[UserId] = [u0].[Id]
WHERE (LOWER([u0].[UserName]) = @__ToLower_0) AND ([u0].[pass] = @__GetSha256_1)
2022-01-22 00:38:37.232 -05:00 [INF] Executed DbCommand (1ms) [Parameters=[@__entity_equality_user_User_0_Id='?' (DbType = Guid)], CommandType='"Text"', CommandTimeout='30']
SELECT [r].[Id], [r].[CreatedBy], [r].[CreatedOn], [r].[Description], [r].[LastModifiedOn], [r].[RoleName], [r].[Status], [r].[UpdatedBy]
FROM [Library].[Role] AS [r]
WHERE EXISTS (
    SELECT 1
    FROM [Library].[UsersRoles] AS [u]
    INNER JOIN [Library].[User] AS [u0] ON [u].[UserId] = [u0].[Id]
    WHERE ([r].[Id] = [u].[RoleId]) AND ([u0].[Id] = @__entity_equality_user_User_0_Id))
2022-01-22 00:38:37.235 -05:00 [INF] Executing ObjectResult, writing value of type 'Application.Utilities.Response`1[[System.String, System.Private.CoreLib, Version=6.0.0.0, Culture=neutral, PublicKeyToken=7cec85d7bea7798e]]'.
2022-01-22 00:38:37.237 -05:00 [INF] Executed action Api.Controllers.AuthController.Post (Api) in 15.6657ms
2022-01-22 00:38:37.238 -05:00 [INF] Executed endpoint 'Api.Controllers.AuthController.Post (Api)'
2022-01-22 00:38:37.243 -05:00 [INF] Response:
StatusCode: 200
Content-Type: application/json; charset=utf-8
Date: Sat, 22 Jan 2022 05:38:36 GMT
Server: Kestrel
2022-01-22 00:38:37.247 -05:00 [INF] Request finished HTTP/2 POST https://localhost:7150/api/Auth application/json 48 - 200 - application/json;+charset=utf-8 31.5686ms
2022-01-22 00:38:37.848 -05:00 [INF] Request starting HTTP/2 POST https://localhost:7150/api/Auth application/json 48
2022-01-22 00:38:37.849 -05:00 [INF] Request:
Protocol: HTTP/2
Method: POST
Scheme: https
PathBase: 
Path: /api/Auth
Accept: text/plain
Host: localhost:7150
User-Agent: Mozilla/5.0 (Windows NT 10.0; Win64; x64) AppleWebKit/537.36 (KHTML, like Gecko) Chrome/97.0.4692.71 Safari/537.36 Edg/97.0.1072.62
:method: [Redacted]
Accept-Encoding: gzip, deflate, br
Accept-Language: es,es-ES;q=0.9,en;q=0.8,en-GB;q=0.7,en-US;q=0.6
Authorization: [Redacted]
Content-Type: application/json
Cookie: [Redacted]
Origin: [Redacted]
Referer: [Redacted]
Content-Length: 48
sec-ch-ua: [Redacted]
sec-ch-ua-mobile: [Redacted]
sec-ch-ua-platform: [Redacted]
sec-fetch-site: [Redacted]
sec-fetch-mode: [Redacted]
sec-fetch-dest: [Redacted]
2022-01-22 00:38:37.851 -05:00 [INF] Executing endpoint 'Api.Controllers.AuthController.Post (Api)'
2022-01-22 00:38:37.852 -05:00 [INF] Route matched with {action = "Post", controller = "Auth"}. Executing controller action with signature System.Threading.Tasks.Task`1[Microsoft.AspNetCore.Mvc.ActionResult`1[Application.Utilities.Response`1[System.String]]] Post(Application.Security.User.Request.AuthRequest) on controller Api.Controllers.AuthController (Api).
2022-01-22 00:38:37.856 -05:00 [INF] Entity Framework Core 5.0.10 initialized 'PersistenceContext' using provider 'Microsoft.EntityFrameworkCore.SqlServer' with options: MigrationsHistoryTable=Library._MigrationHistory 
2022-01-22 00:38:37.860 -05:00 [INF] Executed DbCommand (1ms) [Parameters=[@__ToLower_0='?' (Size = 4000), @__GetSha256_1='?' (Size = 4000)], CommandType='"Text"', CommandTimeout='30']
SELECT TOP(1) [u].[RoleId], [u].[UserId], [u].[CreatedBy], [u].[CreatedOn], [u].[Id], [u].[LastModifiedOn], [u].[Status], [u].[UpdatedBy], [u0].[Id], [u0].[CreatedBy], [u0].[CreatedOn], [u0].[LastModifiedOn], [u0].[pass], [u0].[Status], [u0].[UpdatedBy], [u0].[UserName]
FROM [Library].[UsersRoles] AS [u]
INNER JOIN [Library].[User] AS [u0] ON [u].[UserId] = [u0].[Id]
WHERE (LOWER([u0].[UserName]) = @__ToLower_0) AND ([u0].[pass] = @__GetSha256_1)
2022-01-22 00:38:37.864 -05:00 [INF] Executed DbCommand (1ms) [Parameters=[@__entity_equality_user_User_0_Id='?' (DbType = Guid)], CommandType='"Text"', CommandTimeout='30']
SELECT [r].[Id], [r].[CreatedBy], [r].[CreatedOn], [r].[Description], [r].[LastModifiedOn], [r].[RoleName], [r].[Status], [r].[UpdatedBy]
FROM [Library].[Role] AS [r]
WHERE EXISTS (
    SELECT 1
    FROM [Library].[UsersRoles] AS [u]
    INNER JOIN [Library].[User] AS [u0] ON [u].[UserId] = [u0].[Id]
    WHERE ([r].[Id] = [u].[RoleId]) AND ([u0].[Id] = @__entity_equality_user_User_0_Id))
2022-01-22 00:38:37.868 -05:00 [INF] Executing ObjectResult, writing value of type 'Application.Utilities.Response`1[[System.String, System.Private.CoreLib, Version=6.0.0.0, Culture=neutral, PublicKeyToken=7cec85d7bea7798e]]'.
2022-01-22 00:38:37.871 -05:00 [INF] Executed action Api.Controllers.AuthController.Post (Api) in 16.5014ms
2022-01-22 00:38:37.872 -05:00 [INF] Executed endpoint 'Api.Controllers.AuthController.Post (Api)'
2022-01-22 00:38:37.873 -05:00 [INF] Response:
StatusCode: 200
Content-Type: application/json; charset=utf-8
Date: Sat, 22 Jan 2022 05:38:36 GMT
Server: Kestrel
2022-01-22 00:38:37.874 -05:00 [INF] Request finished HTTP/2 POST https://localhost:7150/api/Auth application/json 48 - 200 - application/json;+charset=utf-8 26.1771ms
2022-01-22 00:38:38.409 -05:00 [INF] Request starting HTTP/2 POST https://localhost:7150/api/Auth application/json 48
2022-01-22 00:38:38.410 -05:00 [INF] Request:
Protocol: HTTP/2
Method: POST
Scheme: https
PathBase: 
Path: /api/Auth
Accept: text/plain
Host: localhost:7150
User-Agent: Mozilla/5.0 (Windows NT 10.0; Win64; x64) AppleWebKit/537.36 (KHTML, like Gecko) Chrome/97.0.4692.71 Safari/537.36 Edg/97.0.1072.62
:method: [Redacted]
Accept-Encoding: gzip, deflate, br
Accept-Language: es,es-ES;q=0.9,en;q=0.8,en-GB;q=0.7,en-US;q=0.6
Authorization: [Redacted]
Content-Type: application/json
Cookie: [Redacted]
Origin: [Redacted]
Referer: [Redacted]
Content-Length: 48
sec-ch-ua: [Redacted]
sec-ch-ua-mobile: [Redacted]
sec-ch-ua-platform: [Redacted]
sec-fetch-site: [Redacted]
sec-fetch-mode: [Redacted]
sec-fetch-dest: [Redacted]
2022-01-22 00:38:38.413 -05:00 [INF] Executing endpoint 'Api.Controllers.AuthController.Post (Api)'
2022-01-22 00:38:38.414 -05:00 [INF] Route matched with {action = "Post", controller = "Auth"}. Executing controller action with signature System.Threading.Tasks.Task`1[Microsoft.AspNetCore.Mvc.ActionResult`1[Application.Utilities.Response`1[System.String]]] Post(Application.Security.User.Request.AuthRequest) on controller Api.Controllers.AuthController (Api).
2022-01-22 00:38:38.417 -05:00 [INF] Entity Framework Core 5.0.10 initialized 'PersistenceContext' using provider 'Microsoft.EntityFrameworkCore.SqlServer' with options: MigrationsHistoryTable=Library._MigrationHistory 
2022-01-22 00:38:38.424 -05:00 [INF] Executed DbCommand (1ms) [Parameters=[@__ToLower_0='?' (Size = 4000), @__GetSha256_1='?' (Size = 4000)], CommandType='"Text"', CommandTimeout='30']
SELECT TOP(1) [u].[RoleId], [u].[UserId], [u].[CreatedBy], [u].[CreatedOn], [u].[Id], [u].[LastModifiedOn], [u].[Status], [u].[UpdatedBy], [u0].[Id], [u0].[CreatedBy], [u0].[CreatedOn], [u0].[LastModifiedOn], [u0].[pass], [u0].[Status], [u0].[UpdatedBy], [u0].[UserName]
FROM [Library].[UsersRoles] AS [u]
INNER JOIN [Library].[User] AS [u0] ON [u].[UserId] = [u0].[Id]
WHERE (LOWER([u0].[UserName]) = @__ToLower_0) AND ([u0].[pass] = @__GetSha256_1)
2022-01-22 00:38:38.429 -05:00 [INF] Executed DbCommand (1ms) [Parameters=[@__entity_equality_user_User_0_Id='?' (DbType = Guid)], CommandType='"Text"', CommandTimeout='30']
SELECT [r].[Id], [r].[CreatedBy], [r].[CreatedOn], [r].[Description], [r].[LastModifiedOn], [r].[RoleName], [r].[Status], [r].[UpdatedBy]
FROM [Library].[Role] AS [r]
WHERE EXISTS (
    SELECT 1
    FROM [Library].[UsersRoles] AS [u]
    INNER JOIN [Library].[User] AS [u0] ON [u].[UserId] = [u0].[Id]
    WHERE ([r].[Id] = [u].[RoleId]) AND ([u0].[Id] = @__entity_equality_user_User_0_Id))
2022-01-22 00:38:38.435 -05:00 [INF] Executing ObjectResult, writing value of type 'Application.Utilities.Response`1[[System.String, System.Private.CoreLib, Version=6.0.0.0, Culture=neutral, PublicKeyToken=7cec85d7bea7798e]]'.
2022-01-22 00:38:38.436 -05:00 [INF] Executed action Api.Controllers.AuthController.Post (Api) in 20.8136ms
2022-01-22 00:38:38.438 -05:00 [INF] Executed endpoint 'Api.Controllers.AuthController.Post (Api)'
2022-01-22 00:38:38.439 -05:00 [INF] Response:
StatusCode: 200
Content-Type: application/json; charset=utf-8
Date: Sat, 22 Jan 2022 05:38:37 GMT
Server: Kestrel
2022-01-22 00:38:38.442 -05:00 [INF] Request finished HTTP/2 POST https://localhost:7150/api/Auth application/json 48 - 200 - application/json;+charset=utf-8 32.9434ms
2022-01-22 00:38:38.985 -05:00 [INF] Request starting HTTP/2 POST https://localhost:7150/api/Auth application/json 48
2022-01-22 00:38:38.988 -05:00 [INF] Request:
Protocol: HTTP/2
Method: POST
Scheme: https
PathBase: 
Path: /api/Auth
Accept: text/plain
Host: localhost:7150
User-Agent: Mozilla/5.0 (Windows NT 10.0; Win64; x64) AppleWebKit/537.36 (KHTML, like Gecko) Chrome/97.0.4692.71 Safari/537.36 Edg/97.0.1072.62
:method: [Redacted]
Accept-Encoding: gzip, deflate, br
Accept-Language: es,es-ES;q=0.9,en;q=0.8,en-GB;q=0.7,en-US;q=0.6
Authorization: [Redacted]
Content-Type: application/json
Cookie: [Redacted]
Origin: [Redacted]
Referer: [Redacted]
Content-Length: 48
sec-ch-ua: [Redacted]
sec-ch-ua-mobile: [Redacted]
sec-ch-ua-platform: [Redacted]
sec-fetch-site: [Redacted]
sec-fetch-mode: [Redacted]
sec-fetch-dest: [Redacted]
2022-01-22 00:38:38.990 -05:00 [INF] Executing endpoint 'Api.Controllers.AuthController.Post (Api)'
2022-01-22 00:38:38.992 -05:00 [INF] Route matched with {action = "Post", controller = "Auth"}. Executing controller action with signature System.Threading.Tasks.Task`1[Microsoft.AspNetCore.Mvc.ActionResult`1[Application.Utilities.Response`1[System.String]]] Post(Application.Security.User.Request.AuthRequest) on controller Api.Controllers.AuthController (Api).
2022-01-22 00:38:38.997 -05:00 [INF] Entity Framework Core 5.0.10 initialized 'PersistenceContext' using provider 'Microsoft.EntityFrameworkCore.SqlServer' with options: MigrationsHistoryTable=Library._MigrationHistory 
2022-01-22 00:38:39.002 -05:00 [INF] Executed DbCommand (1ms) [Parameters=[@__ToLower_0='?' (Size = 4000), @__GetSha256_1='?' (Size = 4000)], CommandType='"Text"', CommandTimeout='30']
SELECT TOP(1) [u].[RoleId], [u].[UserId], [u].[CreatedBy], [u].[CreatedOn], [u].[Id], [u].[LastModifiedOn], [u].[Status], [u].[UpdatedBy], [u0].[Id], [u0].[CreatedBy], [u0].[CreatedOn], [u0].[LastModifiedOn], [u0].[pass], [u0].[Status], [u0].[UpdatedBy], [u0].[UserName]
FROM [Library].[UsersRoles] AS [u]
INNER JOIN [Library].[User] AS [u0] ON [u].[UserId] = [u0].[Id]
WHERE (LOWER([u0].[UserName]) = @__ToLower_0) AND ([u0].[pass] = @__GetSha256_1)
2022-01-22 00:38:39.006 -05:00 [INF] Executed DbCommand (1ms) [Parameters=[@__entity_equality_user_User_0_Id='?' (DbType = Guid)], CommandType='"Text"', CommandTimeout='30']
SELECT [r].[Id], [r].[CreatedBy], [r].[CreatedOn], [r].[Description], [r].[LastModifiedOn], [r].[RoleName], [r].[Status], [r].[UpdatedBy]
FROM [Library].[Role] AS [r]
WHERE EXISTS (
    SELECT 1
    FROM [Library].[UsersRoles] AS [u]
    INNER JOIN [Library].[User] AS [u0] ON [u].[UserId] = [u0].[Id]
    WHERE ([r].[Id] = [u].[RoleId]) AND ([u0].[Id] = @__entity_equality_user_User_0_Id))
2022-01-22 00:38:39.011 -05:00 [INF] Executing ObjectResult, writing value of type 'Application.Utilities.Response`1[[System.String, System.Private.CoreLib, Version=6.0.0.0, Culture=neutral, PublicKeyToken=7cec85d7bea7798e]]'.
2022-01-22 00:38:39.013 -05:00 [INF] Executed action Api.Controllers.AuthController.Post (Api) in 16.5738ms
2022-01-22 00:38:39.020 -05:00 [INF] Executed endpoint 'Api.Controllers.AuthController.Post (Api)'
2022-01-22 00:38:39.021 -05:00 [INF] Response:
StatusCode: 200
Content-Type: application/json; charset=utf-8
Date: Sat, 22 Jan 2022 05:38:38 GMT
Server: Kestrel
2022-01-22 00:38:39.022 -05:00 [INF] Request finished HTTP/2 POST https://localhost:7150/api/Auth application/json 48 - 200 - application/json;+charset=utf-8 37.1891ms
2022-01-22 00:38:39.573 -05:00 [INF] Request starting HTTP/2 POST https://localhost:7150/api/Auth application/json 48
2022-01-22 00:38:39.574 -05:00 [INF] Request:
Protocol: HTTP/2
Method: POST
Scheme: https
PathBase: 
Path: /api/Auth
Accept: text/plain
Host: localhost:7150
User-Agent: Mozilla/5.0 (Windows NT 10.0; Win64; x64) AppleWebKit/537.36 (KHTML, like Gecko) Chrome/97.0.4692.71 Safari/537.36 Edg/97.0.1072.62
:method: [Redacted]
Accept-Encoding: gzip, deflate, br
Accept-Language: es,es-ES;q=0.9,en;q=0.8,en-GB;q=0.7,en-US;q=0.6
Authorization: [Redacted]
Content-Type: application/json
Cookie: [Redacted]
Origin: [Redacted]
Referer: [Redacted]
Content-Length: 48
sec-ch-ua: [Redacted]
sec-ch-ua-mobile: [Redacted]
sec-ch-ua-platform: [Redacted]
sec-fetch-site: [Redacted]
sec-fetch-mode: [Redacted]
sec-fetch-dest: [Redacted]
2022-01-22 00:38:39.576 -05:00 [INF] Executing endpoint 'Api.Controllers.AuthController.Post (Api)'
2022-01-22 00:38:39.577 -05:00 [INF] Route matched with {action = "Post", controller = "Auth"}. Executing controller action with signature System.Threading.Tasks.Task`1[Microsoft.AspNetCore.Mvc.ActionResult`1[Application.Utilities.Response`1[System.String]]] Post(Application.Security.User.Request.AuthRequest) on controller Api.Controllers.AuthController (Api).
2022-01-22 00:38:39.580 -05:00 [INF] Entity Framework Core 5.0.10 initialized 'PersistenceContext' using provider 'Microsoft.EntityFrameworkCore.SqlServer' with options: MigrationsHistoryTable=Library._MigrationHistory 
2022-01-22 00:38:39.589 -05:00 [INF] Executed DbCommand (1ms) [Parameters=[@__ToLower_0='?' (Size = 4000), @__GetSha256_1='?' (Size = 4000)], CommandType='"Text"', CommandTimeout='30']
SELECT TOP(1) [u].[RoleId], [u].[UserId], [u].[CreatedBy], [u].[CreatedOn], [u].[Id], [u].[LastModifiedOn], [u].[Status], [u].[UpdatedBy], [u0].[Id], [u0].[CreatedBy], [u0].[CreatedOn], [u0].[LastModifiedOn], [u0].[pass], [u0].[Status], [u0].[UpdatedBy], [u0].[UserName]
FROM [Library].[UsersRoles] AS [u]
INNER JOIN [Library].[User] AS [u0] ON [u].[UserId] = [u0].[Id]
WHERE (LOWER([u0].[UserName]) = @__ToLower_0) AND ([u0].[pass] = @__GetSha256_1)
2022-01-22 00:38:39.594 -05:00 [INF] Executed DbCommand (1ms) [Parameters=[@__entity_equality_user_User_0_Id='?' (DbType = Guid)], CommandType='"Text"', CommandTimeout='30']
SELECT [r].[Id], [r].[CreatedBy], [r].[CreatedOn], [r].[Description], [r].[LastModifiedOn], [r].[RoleName], [r].[Status], [r].[UpdatedBy]
FROM [Library].[Role] AS [r]
WHERE EXISTS (
    SELECT 1
    FROM [Library].[UsersRoles] AS [u]
    INNER JOIN [Library].[User] AS [u0] ON [u].[UserId] = [u0].[Id]
    WHERE ([r].[Id] = [u].[RoleId]) AND ([u0].[Id] = @__entity_equality_user_User_0_Id))
2022-01-22 00:38:39.599 -05:00 [INF] Executing ObjectResult, writing value of type 'Application.Utilities.Response`1[[System.String, System.Private.CoreLib, Version=6.0.0.0, Culture=neutral, PublicKeyToken=7cec85d7bea7798e]]'.
2022-01-22 00:38:39.600 -05:00 [INF] Executed action Api.Controllers.AuthController.Post (Api) in 21.0893ms
2022-01-22 00:38:39.601 -05:00 [INF] Executed endpoint 'Api.Controllers.AuthController.Post (Api)'
2022-01-22 00:38:39.602 -05:00 [INF] Response:
StatusCode: 200
Content-Type: application/json; charset=utf-8
Date: Sat, 22 Jan 2022 05:38:38 GMT
Server: Kestrel
2022-01-22 00:38:39.604 -05:00 [INF] Request finished HTTP/2 POST https://localhost:7150/api/Auth application/json 48 - 200 - application/json;+charset=utf-8 30.7373ms
2022-01-22 00:38:54.620 -05:00 [INF] Request starting HTTP/2 GET https://localhost:7150/api/Book/Get - -
2022-01-22 00:38:54.621 -05:00 [INF] Request:
Protocol: HTTP/2
Method: GET
Scheme: https
PathBase: 
Path: /api/Book/Get
Accept: text/plain
Host: localhost:7150
User-Agent: Mozilla/5.0 (Windows NT 10.0; Win64; x64) AppleWebKit/537.36 (KHTML, like Gecko) Chrome/97.0.4692.71 Safari/537.36 Edg/97.0.1072.62
:method: [Redacted]
Accept-Encoding: gzip, deflate, br
Accept-Language: es,es-ES;q=0.9,en;q=0.8,en-GB;q=0.7,en-US;q=0.6
Authorization: [Redacted]
Cookie: [Redacted]
Referer: [Redacted]
sec-ch-ua: [Redacted]
sec-ch-ua-mobile: [Redacted]
sec-ch-ua-platform: [Redacted]
sec-fetch-site: [Redacted]
sec-fetch-mode: [Redacted]
sec-fetch-dest: [Redacted]
2022-01-22 00:38:54.632 -05:00 [INF] Authorization failed. These requirements were not met:
DenyAnonymousAuthorizationRequirement: Requires an authenticated user.
2022-01-22 00:38:54.640 -05:00 [INF] AuthenticationScheme: Bearer was challenged.
2022-01-22 00:38:54.642 -05:00 [INF] Response:
StatusCode: 401
WWW-Authenticate: [Redacted]
2022-01-22 00:38:54.644 -05:00 [INF] Request finished HTTP/2 GET https://localhost:7150/api/Book/Get - - - 401 0 - 23.9584ms
2022-01-22 00:39:00.610 -05:00 [INF] Request starting HTTP/2 GET https://localhost:7150/api/Book/Get - -
2022-01-22 00:39:00.612 -05:00 [INF] Request:
Protocol: HTTP/2
Method: GET
Scheme: https
PathBase: 
Path: /api/Book/Get
Accept: text/plain
Host: localhost:7150
User-Agent: Mozilla/5.0 (Windows NT 10.0; Win64; x64) AppleWebKit/537.36 (KHTML, like Gecko) Chrome/97.0.4692.71 Safari/537.36 Edg/97.0.1072.62
:method: [Redacted]
Accept-Encoding: gzip, deflate, br
Accept-Language: es,es-ES;q=0.9,en;q=0.8,en-GB;q=0.7,en-US;q=0.6
Authorization: [Redacted]
Cookie: [Redacted]
Referer: [Redacted]
sec-ch-ua: [Redacted]
sec-ch-ua-mobile: [Redacted]
sec-ch-ua-platform: [Redacted]
sec-fetch-site: [Redacted]
sec-fetch-mode: [Redacted]
sec-fetch-dest: [Redacted]
2022-01-22 00:39:00.616 -05:00 [INF] Authorization failed. These requirements were not met:
DenyAnonymousAuthorizationRequirement: Requires an authenticated user.
2022-01-22 00:39:00.617 -05:00 [INF] AuthenticationScheme: Bearer was challenged.
2022-01-22 00:39:00.618 -05:00 [INF] Response:
StatusCode: 401
WWW-Authenticate: [Redacted]
2022-01-22 00:39:00.621 -05:00 [INF] Request finished HTTP/2 GET https://localhost:7150/api/Book/Get - - - 401 0 - 11.5229ms
2022-01-22 00:39:05.944 -05:00 [INF] Request starting HTTP/2 GET https://localhost:7150/api/Book/Get - -
2022-01-22 00:39:05.946 -05:00 [INF] Request:
Protocol: HTTP/2
Method: GET
Scheme: https
PathBase: 
Path: /api/Book/Get
Accept: text/plain
Host: localhost:7150
User-Agent: Mozilla/5.0 (Windows NT 10.0; Win64; x64) AppleWebKit/537.36 (KHTML, like Gecko) Chrome/97.0.4692.71 Safari/537.36 Edg/97.0.1072.62
:method: [Redacted]
Accept-Encoding: gzip, deflate, br
Accept-Language: es,es-ES;q=0.9,en;q=0.8,en-GB;q=0.7,en-US;q=0.6
Authorization: [Redacted]
Cookie: [Redacted]
Referer: [Redacted]
sec-ch-ua: [Redacted]
sec-ch-ua-mobile: [Redacted]
sec-ch-ua-platform: [Redacted]
sec-fetch-site: [Redacted]
sec-fetch-mode: [Redacted]
sec-fetch-dest: [Redacted]
2022-01-22 00:39:05.949 -05:00 [INF] Authorization failed. These requirements were not met:
DenyAnonymousAuthorizationRequirement: Requires an authenticated user.
2022-01-22 00:39:05.952 -05:00 [INF] AuthenticationScheme: Bearer was challenged.
2022-01-22 00:39:05.954 -05:00 [INF] Response:
StatusCode: 401
WWW-Authenticate: [Redacted]
2022-01-22 00:39:05.957 -05:00 [INF] Request finished HTTP/2 GET https://localhost:7150/api/Book/Get - - - 401 0 - 12.3485ms
2022-01-22 00:39:06.592 -05:00 [INF] Request starting HTTP/2 GET https://localhost:7150/api/Book/Get - -
2022-01-22 00:39:06.593 -05:00 [INF] Request:
Protocol: HTTP/2
Method: GET
Scheme: https
PathBase: 
Path: /api/Book/Get
Accept: text/plain
Host: localhost:7150
User-Agent: Mozilla/5.0 (Windows NT 10.0; Win64; x64) AppleWebKit/537.36 (KHTML, like Gecko) Chrome/97.0.4692.71 Safari/537.36 Edg/97.0.1072.62
:method: [Redacted]
Accept-Encoding: gzip, deflate, br
Accept-Language: es,es-ES;q=0.9,en;q=0.8,en-GB;q=0.7,en-US;q=0.6
Authorization: [Redacted]
Cookie: [Redacted]
Referer: [Redacted]
sec-ch-ua: [Redacted]
sec-ch-ua-mobile: [Redacted]
sec-ch-ua-platform: [Redacted]
sec-fetch-site: [Redacted]
sec-fetch-mode: [Redacted]
sec-fetch-dest: [Redacted]
2022-01-22 00:39:06.595 -05:00 [INF] Authorization failed. These requirements were not met:
DenyAnonymousAuthorizationRequirement: Requires an authenticated user.
2022-01-22 00:39:06.596 -05:00 [INF] AuthenticationScheme: Bearer was challenged.
2022-01-22 00:39:06.597 -05:00 [INF] Response:
StatusCode: 401
WWW-Authenticate: [Redacted]
2022-01-22 00:39:06.599 -05:00 [INF] Request finished HTTP/2 GET https://localhost:7150/api/Book/Get - - - 401 0 - 7.3322ms
2022-01-22 00:39:07.091 -05:00 [INF] Request starting HTTP/2 GET https://localhost:7150/api/Book/Get - -
2022-01-22 00:39:07.092 -05:00 [INF] Request:
Protocol: HTTP/2
Method: GET
Scheme: https
PathBase: 
Path: /api/Book/Get
Accept: text/plain
Host: localhost:7150
User-Agent: Mozilla/5.0 (Windows NT 10.0; Win64; x64) AppleWebKit/537.36 (KHTML, like Gecko) Chrome/97.0.4692.71 Safari/537.36 Edg/97.0.1072.62
:method: [Redacted]
Accept-Encoding: gzip, deflate, br
Accept-Language: es,es-ES;q=0.9,en;q=0.8,en-GB;q=0.7,en-US;q=0.6
Authorization: [Redacted]
Cookie: [Redacted]
Referer: [Redacted]
sec-ch-ua: [Redacted]
sec-ch-ua-mobile: [Redacted]
sec-ch-ua-platform: [Redacted]
sec-fetch-site: [Redacted]
sec-fetch-mode: [Redacted]
sec-fetch-dest: [Redacted]
2022-01-22 00:39:07.094 -05:00 [INF] Authorization failed. These requirements were not met:
DenyAnonymousAuthorizationRequirement: Requires an authenticated user.
2022-01-22 00:39:07.095 -05:00 [INF] AuthenticationScheme: Bearer was challenged.
2022-01-22 00:39:07.096 -05:00 [INF] Response:
StatusCode: 401
WWW-Authenticate: [Redacted]
2022-01-22 00:39:07.098 -05:00 [INF] Request finished HTTP/2 GET https://localhost:7150/api/Book/Get - - - 401 0 - 7.0321ms
2022-01-22 00:39:07.618 -05:00 [INF] Request starting HTTP/2 GET https://localhost:7150/api/Book/Get - -
2022-01-22 00:39:07.620 -05:00 [INF] Request:
Protocol: HTTP/2
Method: GET
Scheme: https
PathBase: 
Path: /api/Book/Get
Accept: text/plain
Host: localhost:7150
User-Agent: Mozilla/5.0 (Windows NT 10.0; Win64; x64) AppleWebKit/537.36 (KHTML, like Gecko) Chrome/97.0.4692.71 Safari/537.36 Edg/97.0.1072.62
:method: [Redacted]
Accept-Encoding: gzip, deflate, br
Accept-Language: es,es-ES;q=0.9,en;q=0.8,en-GB;q=0.7,en-US;q=0.6
Authorization: [Redacted]
Cookie: [Redacted]
Referer: [Redacted]
sec-ch-ua: [Redacted]
sec-ch-ua-mobile: [Redacted]
sec-ch-ua-platform: [Redacted]
sec-fetch-site: [Redacted]
sec-fetch-mode: [Redacted]
sec-fetch-dest: [Redacted]
2022-01-22 00:39:07.621 -05:00 [INF] Authorization failed. These requirements were not met:
DenyAnonymousAuthorizationRequirement: Requires an authenticated user.
2022-01-22 00:39:07.623 -05:00 [INF] AuthenticationScheme: Bearer was challenged.
2022-01-22 00:39:07.624 -05:00 [INF] Response:
StatusCode: 401
WWW-Authenticate: [Redacted]
2022-01-22 00:39:07.625 -05:00 [INF] Request finished HTTP/2 GET https://localhost:7150/api/Book/Get - - - 401 0 - 6.5157ms
