2022-01-11 15:18:35.630 -05:00 [INF] Now listening on: https://localhost:7150
2022-01-11 15:18:35.709 -05:00 [INF] Now listening on: http://localhost:5150
2022-01-11 15:18:35.718 -05:00 [INF] Application started. Press Ctrl+C to shut down.
2022-01-11 15:18:35.722 -05:00 [INF] Hosting environment: Development
2022-01-11 15:18:35.725 -05:00 [INF] Content root path: C:\Users\kevin\RiderProjects\LibraryStore\Api\
2022-01-11 15:18:36.187 -05:00 [INF] Request starting HTTP/2 GET https://localhost:7150/swagger/index.html - -
2022-01-11 15:18:36.333 -05:00 [INF] Request finished HTTP/2 GET https://localhost:7150/swagger/index.html - - - 200 - text/html;charset=utf-8 148.0814ms
2022-01-11 15:18:36.678 -05:00 [INF] Request starting HTTP/2 GET https://localhost:7150/swagger/v1/swagger.json - -
2022-01-11 15:18:36.820 -05:00 [INF] Request finished HTTP/2 GET https://localhost:7150/swagger/v1/swagger.json - - - 200 - application/json;charset=utf-8 141.3683ms
2022-01-11 15:18:38.804 -05:00 [INF] Request starting HTTP/2 GET https://localhost:7150/api/Book/GetById/C147653A-DC3E-434A-DDAC-08D9D53A531D - -
2022-01-11 15:18:38.841 -05:00 [INF] Request:
Protocol: HTTP/2
Method: GET
Scheme: https
PathBase: 
Path: /api/Book/GetById/C147653A-DC3E-434A-DDAC-08D9D53A531D
Accept: text/plain
Host: localhost:7150
User-Agent: Mozilla/5.0 (Windows NT 10.0; Win64; x64) AppleWebKit/537.36 (KHTML, like Gecko) Chrome/97.0.4692.71 Safari/537.36 Edg/97.0.1072.55
:method: [Redacted]
Accept-Encoding: gzip, deflate, br
Accept-Language: es,es-ES;q=0.9,en;q=0.8,en-GB;q=0.7,en-US;q=0.6
Cookie: [Redacted]
Referer: [Redacted]
sec-ch-ua: [Redacted]
sec-ch-ua-mobile: [Redacted]
sec-ch-ua-platform: [Redacted]
sec-fetch-site: [Redacted]
sec-fetch-mode: [Redacted]
sec-fetch-dest: [Redacted]
2022-01-11 15:18:38.848 -05:00 [INF] Executing endpoint 'Api.Controllers.BookController.Get (Api)'
2022-01-11 15:18:38.871 -05:00 [INF] Route matched with {action = "Get", controller = "Book"}. Executing controller action with signature System.Threading.Tasks.Task`1[Microsoft.AspNetCore.Mvc.ActionResult`1[Application.Utilities.Response`1[Application.Book.Dto.BookDto]]] Get(System.Guid) on controller Api.Controllers.BookController (Api).
2022-01-11 15:18:46.255 -05:00 [INF] Entity Framework Core 5.0.10 initialized 'PersistenceContext' using provider 'Microsoft.EntityFrameworkCore.SqlServer' with options: MigrationsHistoryTable=_MigrationHistory 
2022-01-11 15:18:47.091 -05:00 [INF] Executed DbCommand (63ms) [Parameters=[@__get_Item_0='?' (DbType = Guid)], CommandType='"Text"', CommandTimeout='30']
SELECT TOP(1) [b].[Id], [b].[AuthorId], [b].[CreatedBy], [b].[CreatedOn], [b].[Description], [b].[GenreId], [b].[LastModifiedOn], [b].[Name], [b].[Price], [b].[PublisherId], [b].[State], [b].[UpdatedBy]
FROM [Book] AS [b]
WHERE [b].[Id] = @__get_Item_0
2022-01-11 15:19:28.719 -05:00 [ERR] Object reference not set to an instance of an object.
System.NullReferenceException: Object reference not set to an instance of an object.
   at Application.Utilities.Response`1..ctor(HttpStatusCode statusCode, String message, Boolean success, T data, Exception exception) in C:\Users\kevin\RiderProjects\LibraryStore\Application\Utilities\Response.cs:line 15
   at Application.Book.Service.BookService.FindAsync(Guid id) in C:\Users\kevin\RiderProjects\LibraryStore\Application\Book\Service\BookService.cs:line 107
   at Api.Controllers.BookController.Get(Guid id) in C:\Users\kevin\RiderProjects\LibraryStore\Api\Controllers\BookController.cs:line 27
   at lambda_method6(Closure , Object )
   at Microsoft.AspNetCore.Mvc.Infrastructure.ActionMethodExecutor.AwaitableObjectResultExecutor.Execute(IActionResultTypeMapper mapper, ObjectMethodExecutor executor, Object controller, Object[] arguments)
   at Microsoft.AspNetCore.Mvc.Infrastructure.ControllerActionInvoker.<InvokeActionMethodAsync>g__Awaited|12_0(ControllerActionInvoker invoker, ValueTask`1 actionResultValueTask)
   at Microsoft.AspNetCore.Mvc.Infrastructure.ControllerActionInvoker.<InvokeNextActionFilterAsync>g__Awaited|10_0(ControllerActionInvoker invoker, Task lastTask, State next, Scope scope, Object state, Boolean isCompleted)
   at Microsoft.AspNetCore.Mvc.Infrastructure.ControllerActionInvoker.Rethrow(ActionExecutedContextSealed context)
   at Microsoft.AspNetCore.Mvc.Infrastructure.ControllerActionInvoker.Next(State& next, Scope& scope, Object& state, Boolean& isCompleted)
   at Microsoft.AspNetCore.Mvc.Infrastructure.ControllerActionInvoker.<InvokeInnerFilterAsync>g__Awaited|13_0(ControllerActionInvoker invoker, Task lastTask, State next, Scope scope, Object state, Boolean isCompleted)
   at Microsoft.AspNetCore.Mvc.Infrastructure.ResourceInvoker.<InvokeNextExceptionFilterAsync>g__Awaited|26_0(ResourceInvoker invoker, Task lastTask, State next, Scope scope, Object state, Boolean isCompleted)
2022-01-11 15:19:28.734 -05:00 [INF] Executing ObjectResult, writing value of type '<>f__AnonymousType0`1[[System.String, System.Private.CoreLib, Version=6.0.0.0, Culture=neutral, PublicKeyToken=7cec85d7bea7798e]]'.
2022-01-11 15:19:28.747 -05:00 [INF] Executed action Api.Controllers.BookController.Get (Api) in 49868.4214ms
2022-01-11 15:19:28.750 -05:00 [INF] Executed endpoint 'Api.Controllers.BookController.Get (Api)'
2022-01-11 15:19:28.753 -05:00 [INF] Response:
StatusCode: 500
Content-Type: application/json; charset=utf-8
Date: Tue, 11 Jan 2022 20:19:28 GMT
Server: Kestrel
2022-01-11 15:19:28.762 -05:00 [INF] Request finished HTTP/2 GET https://localhost:7150/api/Book/GetById/C147653A-DC3E-434A-DDAC-08D9D53A531D - - - 500 - application/json;+charset=utf-8 49957.3118ms
