2022-02-08 01:44:43.415 -05:00 [INF] User profile is available. Using 'C:\Users\kevin\AppData\Local\ASP.NET\DataProtection-Keys' as key repository and Windows DPAPI to encrypt keys at rest.
2022-02-08 01:44:43.598 -05:00 [INF] Now listening on: https://localhost:7150
2022-02-08 01:44:43.600 -05:00 [INF] Now listening on: http://localhost:5150
2022-02-08 01:44:43.604 -05:00 [INF] Application started. Press Ctrl+C to shut down.
2022-02-08 01:44:43.606 -05:00 [INF] Hosting environment: Development
2022-02-08 01:44:43.607 -05:00 [INF] Content root path: C:\Users\kevin\RiderProjects\LibraryStore\Api\
2022-02-08 01:45:52.113 -05:00 [INF] Request starting HTTP/2 POST https://localhost:7150/api/MenuItem application/json 129
2022-02-08 01:45:52.167 -05:00 [INF] Request:
Protocol: HTTP/2
Method: POST
Scheme: https
PathBase: 
Path: /api/MenuItem
Accept: text/plain
Host: localhost:7150
User-Agent: Mozilla/5.0 (Windows NT 10.0; Win64; x64) AppleWebKit/537.36 (KHTML, like Gecko) Chrome/98.0.4758.80 Safari/537.36 Edg/98.0.1108.43
:method: [Redacted]
Accept-Encoding: gzip, deflate, br
Accept-Language: es,es-ES;q=0.9,en;q=0.8,en-GB;q=0.7,en-US;q=0.6
Content-Type: application/json
Cookie: [Redacted]
Origin: [Redacted]
Referer: [Redacted]
Content-Length: 129
sec-ch-ua: [Redacted]
sec-ch-ua-mobile: [Redacted]
sec-ch-ua-platform: [Redacted]
sec-fetch-site: [Redacted]
sec-fetch-mode: [Redacted]
sec-fetch-dest: [Redacted]
2022-02-08 01:45:52.209 -05:00 [INF] Executing endpoint 'Api.Controllers.MenuItemController.Post (Api)'
2022-02-08 01:45:52.238 -05:00 [INF] Route matched with {action = "Post", controller = "MenuItem"}. Executing controller action with signature System.Threading.Tasks.Task`1[Microsoft.AspNetCore.Mvc.ActionResult`1[Application.Utilities.Response`1[Application.Config.MenuItem.Dto.MenuItemDto]]] Post(Application.Config.MenuItem.Commands.MenuItemCreateCommand) on controller Api.Controllers.MenuItemController (Api).
2022-02-08 01:45:52.285 -05:00 [INF] Executing BadRequestObjectResult, writing value of type 'Microsoft.AspNetCore.Mvc.ValidationProblemDetails'.
2022-02-08 01:45:52.303 -05:00 [INF] Executed action Api.Controllers.MenuItemController.Post (Api) in 58.243ms
2022-02-08 01:45:52.308 -05:00 [INF] Executed endpoint 'Api.Controllers.MenuItemController.Post (Api)'
2022-02-08 01:45:52.310 -05:00 [INF] Response:
StatusCode: 400
Content-Type: application/problem+json; charset=utf-8
Date: Tue, 08 Feb 2022 06:45:51 GMT
Server: Kestrel
2022-02-08 01:45:52.314 -05:00 [INF] Request finished HTTP/2 POST https://localhost:7150/api/MenuItem application/json 129 - 400 - application/problem+json;+charset=utf-8 203.8877ms
2022-02-08 01:46:29.538 -05:00 [INF] Request starting HTTP/2 POST https://localhost:7150/api/MenuItem application/json 173
2022-02-08 01:46:29.541 -05:00 [INF] Request:
Protocol: HTTP/2
Method: POST
Scheme: https
PathBase: 
Path: /api/MenuItem
Accept: text/plain
Host: localhost:7150
User-Agent: Mozilla/5.0 (Windows NT 10.0; Win64; x64) AppleWebKit/537.36 (KHTML, like Gecko) Chrome/98.0.4758.80 Safari/537.36 Edg/98.0.1108.43
:method: [Redacted]
Accept-Encoding: gzip, deflate, br
Accept-Language: es,es-ES;q=0.9,en;q=0.8,en-GB;q=0.7,en-US;q=0.6
Content-Type: application/json
Cookie: [Redacted]
Origin: [Redacted]
Referer: [Redacted]
Content-Length: 173
sec-ch-ua: [Redacted]
sec-ch-ua-mobile: [Redacted]
sec-ch-ua-platform: [Redacted]
sec-fetch-site: [Redacted]
sec-fetch-mode: [Redacted]
sec-fetch-dest: [Redacted]
2022-02-08 01:46:29.546 -05:00 [INF] Executing endpoint 'Api.Controllers.MenuItemController.Post (Api)'
2022-02-08 01:46:29.548 -05:00 [INF] Route matched with {action = "Post", controller = "MenuItem"}. Executing controller action with signature System.Threading.Tasks.Task`1[Microsoft.AspNetCore.Mvc.ActionResult`1[Application.Utilities.Response`1[Application.Config.MenuItem.Dto.MenuItemDto]]] Post(Application.Config.MenuItem.Commands.MenuItemCreateCommand) on controller Api.Controllers.MenuItemController (Api).
2022-02-08 01:46:30.435 -05:00 [INF] Entity Framework Core 5.0.10 initialized 'PersistenceContext' using provider 'Microsoft.EntityFrameworkCore.SqlServer' with options: MigrationsHistoryTable=Library._MigrationHistory 
2022-02-08 01:46:30.989 -05:00 [INF] Executed DbCommand (46ms) [Parameters=[@p0='?' (DbType = Guid), @p1='?' (Size = 4000), @p2='?' (DbType = DateTime2), @p3='?' (Size = 4000), @p4='?' (DbType = Guid), @p5='?' (Size = 4000), @p6='?' (DbType = Boolean), @p7='?' (Size = 4000), @p8='?' (Size = 4000)], CommandType='"Text"', CommandTimeout='30']
SET NOCOUNT ON;
INSERT INTO [Library].[MenuItem] ([Id], [CreatedBy], [CreatedOn], [IconClass], [RoleId], [Route], [Status], [Title], [UpdatedBy])
VALUES (@p0, @p1, @p2, @p3, @p4, @p5, @p6, @p7, @p8);
SELECT [LastModifiedOn]
FROM [Library].[MenuItem]
WHERE @@ROWCOUNT = 1 AND [Id] = @p0;
2022-02-08 01:46:31.049 -05:00 [INF] Executing ObjectResult, writing value of type 'Application.Utilities.Response`1[[Application.Config.MenuItem.Dto.MenuItemDto, Application, Version=1.0.0.0, Culture=neutral, PublicKeyToken=null]]'.
2022-02-08 01:46:31.068 -05:00 [INF] Executed action Api.Controllers.MenuItemController.Post (Api) in 1515.9927ms
2022-02-08 01:46:31.070 -05:00 [INF] Executed endpoint 'Api.Controllers.MenuItemController.Post (Api)'
2022-02-08 01:46:31.073 -05:00 [INF] Response:
StatusCode: 200
Content-Type: application/json; charset=utf-8
Date: Tue, 08 Feb 2022 06:46:30 GMT
Server: Kestrel
2022-02-08 01:46:31.079 -05:00 [INF] Request finished HTTP/2 POST https://localhost:7150/api/MenuItem application/json 173 - 200 - application/json;+charset=utf-8 1541.2352ms
2022-02-08 01:47:48.808 -05:00 [INF] Application is shutting down...
