2022-01-11 15:05:48.772 -05:00 [INF] Now listening on: https://localhost:7150
2022-01-11 15:05:48.839 -05:00 [INF] Now listening on: http://localhost:5150
2022-01-11 15:05:48.850 -05:00 [INF] Application started. Press Ctrl+C to shut down.
2022-01-11 15:05:48.851 -05:00 [INF] Hosting environment: Development
2022-01-11 15:05:48.852 -05:00 [INF] Content root path: C:\Users\kevin\RiderProjects\LibraryStore\Api\
2022-01-11 15:05:49.337 -05:00 [INF] Request starting HTTP/2 GET https://localhost:7150/swagger/index.html - -
2022-01-11 15:05:49.501 -05:00 [INF] Request finished HTTP/2 GET https://localhost:7150/swagger/index.html - - - 200 - text/html;charset=utf-8 167.5937ms
2022-01-11 15:05:49.807 -05:00 [INF] Request starting HTTP/2 GET https://localhost:7150/swagger/v1/swagger.json - -
2022-01-11 15:05:49.964 -05:00 [INF] Request finished HTTP/2 GET https://localhost:7150/swagger/v1/swagger.json - - - 200 - application/json;charset=utf-8 157.0889ms
2022-01-11 15:06:01.439 -05:00 [INF] Request starting HTTP/2 GET https://localhost:7150/api/Book/Get - -
2022-01-11 15:06:01.479 -05:00 [INF] Request:
Protocol: HTTP/2
Method: GET
Scheme: https
PathBase: 
Path: /api/Book/Get
Accept: text/plain
Host: localhost:7150
User-Agent: Mozilla/5.0 (Windows NT 10.0; Win64; x64) AppleWebKit/537.36 (KHTML, like Gecko) Chrome/97.0.4692.71 Safari/537.36 Edg/97.0.1072.55
:method: [Redacted]
Accept-Encoding: gzip, deflate, br
Accept-Language: es,es-ES;q=0.9,en;q=0.8,en-GB;q=0.7,en-US;q=0.6
Cookie: [Redacted]
Referer: [Redacted]
sec-ch-ua: [Redacted]
sec-ch-ua-mobile: [Redacted]
sec-ch-ua-platform: [Redacted]
sec-fetch-site: [Redacted]
sec-fetch-mode: [Redacted]
sec-fetch-dest: [Redacted]
2022-01-11 15:06:01.488 -05:00 [INF] Executing endpoint 'Api.Controllers.BookController.Get (Api)'
2022-01-11 15:06:01.512 -05:00 [INF] Route matched with {action = "Get", controller = "Book"}. Executing controller action with signature System.Threading.Tasks.Task`1[Microsoft.AspNetCore.Mvc.ActionResult`1[Application.Utilities.Response`1[System.Collections.Generic.List`1[Application.Book.Dto.BookDto]]]] Get() on controller Api.Controllers.BookController (Api).
2022-01-11 15:06:03.071 -05:00 [INF] Entity Framework Core 5.0.10 initialized 'PersistenceContext' using provider 'Microsoft.EntityFrameworkCore.SqlServer' with options: MigrationsHistoryTable=_MigrationHistory 
2022-01-11 15:06:03.991 -05:00 [INF] Executed DbCommand (62ms) [Parameters=[], CommandType='"Text"', CommandTimeout='30']
SELECT [b].[Id], [b].[AuthorId], [b].[CreatedBy], [b].[CreatedOn], [b].[Description], [b].[GenreId], [b].[LastModifiedOn], [b].[Name], [b].[Price], [b].[PublisherId], [b].[State], [b].[UpdatedBy], [p].[Id], [p].[CreatedBy], [p].[CreatedOn], [p].[LastModifiedOn], [p].[Name], [p].[State], [p].[UpdatedBy], [a].[Id], [a].[BirthDate], [a].[CreatedBy], [a].[CreatedOn], [a].[FirstName], [a].[LastModifiedOn], [a].[LastName], [a].[State], [a].[UpdatedBy], [g].[Id], [g].[CreatedBy], [g].[CreatedOn], [g].[Description], [g].[LastModifiedOn], [g].[Name], [g].[State], [g].[UpdatedBy]
FROM [Book] AS [b]
INNER JOIN [Publisher] AS [p] ON [b].[PublisherId] = [p].[Id]
INNER JOIN [Author] AS [a] ON [b].[AuthorId] = [a].[Id]
INNER JOIN [Genre] AS [g] ON [b].[GenreId] = [g].[Id]
2022-01-11 15:06:04.080 -05:00 [ERR] An exception occurred while iterating over the results of a query for context type 'Infrastructure.Repository.PersistenceContext'.
System.Data.SqlTypes.SqlNullValueException: Data is Null. This method or property cannot be called on Null values.
   at Microsoft.Data.SqlClient.SqlBuffer.ThrowIfNull()
   at Microsoft.Data.SqlClient.SqlBuffer.get_String()
   at Microsoft.Data.SqlClient.SqlDataReader.GetString(Int32 i)
   at lambda_method66(Closure , QueryContext , DbDataReader , ResultContext , SingleQueryResultCoordinator )
   at Microsoft.EntityFrameworkCore.Query.Internal.SingleQueryingEnumerable`1.AsyncEnumerator.MoveNextAsync()
System.Data.SqlTypes.SqlNullValueException: Data is Null. This method or property cannot be called on Null values.
   at Microsoft.Data.SqlClient.SqlBuffer.ThrowIfNull()
   at Microsoft.Data.SqlClient.SqlBuffer.get_String()
   at Microsoft.Data.SqlClient.SqlDataReader.GetString(Int32 i)
   at lambda_method66(Closure , QueryContext , DbDataReader , ResultContext , SingleQueryResultCoordinator )
   at Microsoft.EntityFrameworkCore.Query.Internal.SingleQueryingEnumerable`1.AsyncEnumerator.MoveNextAsync()
2022-01-11 15:06:04.149 -05:00 [ERR] Data is Null. This method or property cannot be called on Null values.
System.Data.SqlTypes.SqlNullValueException: Data is Null. This method or property cannot be called on Null values.
   at Microsoft.Data.SqlClient.SqlBuffer.ThrowIfNull()
   at Microsoft.Data.SqlClient.SqlBuffer.get_String()
   at Microsoft.Data.SqlClient.SqlDataReader.GetString(Int32 i)
   at lambda_method66(Closure , QueryContext , DbDataReader , ResultContext , SingleQueryResultCoordinator )
   at Microsoft.EntityFrameworkCore.Query.Internal.SingleQueryingEnumerable`1.AsyncEnumerator.MoveNextAsync()
   at Microsoft.EntityFrameworkCore.EntityFrameworkQueryableExtensions.ToListAsync[TSource](IQueryable`1 source, CancellationToken cancellationToken)
   at Microsoft.EntityFrameworkCore.EntityFrameworkQueryableExtensions.ToListAsync[TSource](IQueryable`1 source, CancellationToken cancellationToken)
   at Infrastructure.Repository.GenericRepository`1.GetAsync(Expression`1 filter, Func`2 orderBy, Boolean isTracking, String includeStringProperties) in C:\Users\kevin\RiderProjects\LibraryStore\Infrastructure\Repository\GenericRepository.cs:line 0
   at Domain.Services.BookService.GetAsync(Expression`1 filter, Func`2 orderBy, Boolean isTracking, String includeStringProperties) in C:\Users\kevin\RiderProjects\LibraryStore\Domain\Services\BookService.cs:line 30
   at Application.Book.Service.BookService.GetAsync() in C:\Users\kevin\RiderProjects\LibraryStore\Application\Book\Service\BookService.cs:line 97
   at Api.Controllers.BookController.Get() in C:\Users\kevin\RiderProjects\LibraryStore\Api\Controllers\BookController.cs:line 33
   at lambda_method6(Closure , Object )
   at Microsoft.AspNetCore.Mvc.Infrastructure.ActionMethodExecutor.AwaitableObjectResultExecutor.Execute(IActionResultTypeMapper mapper, ObjectMethodExecutor executor, Object controller, Object[] arguments)
   at Microsoft.AspNetCore.Mvc.Infrastructure.ControllerActionInvoker.<InvokeActionMethodAsync>g__Awaited|12_0(ControllerActionInvoker invoker, ValueTask`1 actionResultValueTask)
   at Microsoft.AspNetCore.Mvc.Infrastructure.ControllerActionInvoker.<InvokeNextActionFilterAsync>g__Awaited|10_0(ControllerActionInvoker invoker, Task lastTask, State next, Scope scope, Object state, Boolean isCompleted)
   at Microsoft.AspNetCore.Mvc.Infrastructure.ControllerActionInvoker.Rethrow(ActionExecutedContextSealed context)
   at Microsoft.AspNetCore.Mvc.Infrastructure.ControllerActionInvoker.Next(State& next, Scope& scope, Object& state, Boolean& isCompleted)
   at Microsoft.AspNetCore.Mvc.Infrastructure.ControllerActionInvoker.<InvokeInnerFilterAsync>g__Awaited|13_0(ControllerActionInvoker invoker, Task lastTask, State next, Scope scope, Object state, Boolean isCompleted)
   at Microsoft.AspNetCore.Mvc.Infrastructure.ResourceInvoker.<InvokeNextExceptionFilterAsync>g__Awaited|26_0(ResourceInvoker invoker, Task lastTask, State next, Scope scope, Object state, Boolean isCompleted)
2022-01-11 15:06:04.170 -05:00 [INF] Executing ObjectResult, writing value of type '<>f__AnonymousType0`1[[System.String, System.Private.CoreLib, Version=6.0.0.0, Culture=neutral, PublicKeyToken=7cec85d7bea7798e]]'.
2022-01-11 15:06:04.191 -05:00 [INF] Executed action Api.Controllers.BookController.Get (Api) in 2665.7748ms
2022-01-11 15:06:04.197 -05:00 [INF] Executed endpoint 'Api.Controllers.BookController.Get (Api)'
2022-01-11 15:06:04.201 -05:00 [INF] Response:
StatusCode: 500
Content-Type: application/json; charset=utf-8
Date: Tue, 11 Jan 2022 20:06:03 GMT
Server: Kestrel
2022-01-11 15:06:04.222 -05:00 [INF] Request finished HTTP/2 GET https://localhost:7150/api/Book/Get - - - 500 - application/json;+charset=utf-8 2782.8006ms
