2022-01-11 14:18:04.956 -05:00 [INF] Now listening on: https://localhost:7150
2022-01-11 14:18:05.029 -05:00 [INF] Now listening on: http://localhost:5150
2022-01-11 14:18:05.037 -05:00 [INF] Application started. Press Ctrl+C to shut down.
2022-01-11 14:18:05.040 -05:00 [INF] Hosting environment: Development
2022-01-11 14:18:05.043 -05:00 [INF] Content root path: C:\Users\kevin\RiderProjects\LibraryStore\Api\
2022-01-11 14:18:05.630 -05:00 [INF] Request starting HTTP/2 GET https://localhost:7150/swagger/index.html - -
2022-01-11 14:18:05.839 -05:00 [INF] Request finished HTTP/2 GET https://localhost:7150/swagger/index.html - - - 200 - text/html;charset=utf-8 210.4789ms
2022-01-11 14:18:06.324 -05:00 [INF] Request starting HTTP/2 GET https://localhost:7150/swagger/v1/swagger.json - -
2022-01-11 14:18:06.558 -05:00 [INF] Request finished HTTP/2 GET https://localhost:7150/swagger/v1/swagger.json - - - 200 - application/json;charset=utf-8 234.0263ms
2022-01-11 14:18:12.644 -05:00 [INF] Request starting HTTP/2 GET https://localhost:7150/api/Book/Get - -
2022-01-11 14:18:12.677 -05:00 [INF] Request:
Protocol: HTTP/2
Method: GET
Scheme: https
PathBase: 
Path: /api/Book/Get
Accept: */*
Host: localhost:7150
User-Agent: Mozilla/5.0 (Windows NT 10.0; Win64; x64) AppleWebKit/537.36 (KHTML, like Gecko) Chrome/97.0.4692.71 Safari/537.36 Edg/97.0.1072.55
:method: [Redacted]
Accept-Encoding: gzip, deflate, br
Accept-Language: es,es-ES;q=0.9,en;q=0.8,en-GB;q=0.7,en-US;q=0.6
Cookie: [Redacted]
Referer: [Redacted]
sec-ch-ua: [Redacted]
sec-ch-ua-mobile: [Redacted]
sec-ch-ua-platform: [Redacted]
sec-fetch-site: [Redacted]
sec-fetch-mode: [Redacted]
sec-fetch-dest: [Redacted]
2022-01-11 14:18:12.686 -05:00 [INF] Executing endpoint 'Api.Controllers.BookController.Get (Api)'
2022-01-11 14:18:12.707 -05:00 [INF] Route matched with {action = "Get", controller = "Book"}. Executing controller action with signature System.Threading.Tasks.Task Get() on controller Api.Controllers.BookController (Api).
2022-01-11 14:18:13.640 -05:00 [INF] Entity Framework Core 5.0.10 initialized 'PersistenceContext' using provider 'Microsoft.EntityFrameworkCore.SqlServer' with options: MigrationsHistoryTable=_MigrationHistory 
2022-01-11 14:18:14.327 -05:00 [INF] Executed DbCommand (46ms) [Parameters=[], CommandType='"Text"', CommandTimeout='30']
SELECT [b].[Id], [b].[AuthorId], [b].[CreatedBy], [b].[CreatedOn], [b].[Description], [b].[GenreId], [b].[LastModifiedOn], [b].[Name], [b].[Price], [b].[PublisherId], [b].[State], [b].[UpdatedBy]
FROM [Book] AS [b]
2022-01-11 14:18:14.411 -05:00 [INF] Executed action Api.Controllers.BookController.Get (Api) in 1695.4548ms
2022-01-11 14:18:14.414 -05:00 [INF] Executed endpoint 'Api.Controllers.BookController.Get (Api)'
2022-01-11 14:18:14.417 -05:00 [INF] Response:
StatusCode: 200
2022-01-11 14:18:14.428 -05:00 [INF] Request finished HTTP/2 GET https://localhost:7150/api/Book/Get - - - 200 0 - 1783.6560ms
