2022-02-08 16:06:49.981 -05:00 [INF] User profile is available. Using 'C:\Users\kevin\AppData\Local\ASP.NET\DataProtection-Keys' as key repository and Windows DPAPI to encrypt keys at rest.
2022-02-08 16:06:50.210 -05:00 [INF] Now listening on: https://localhost:7150
2022-02-08 16:06:50.212 -05:00 [INF] Now listening on: http://localhost:5150
2022-02-08 16:06:50.217 -05:00 [INF] Application started. Press Ctrl+C to shut down.
2022-02-08 16:06:50.218 -05:00 [INF] Hosting environment: Development
2022-02-08 16:06:50.220 -05:00 [INF] Content root path: C:\Users\kevin\RiderProjects\LibraryStore\Api\
2022-02-08 16:07:02.881 -05:00 [INF] Request starting HTTP/2 GET https://localhost:7150/api/MenuItem/GetByRole/10000001-0001-0001-0001-000000000001 - -
2022-02-08 16:07:02.963 -05:00 [INF] Request:
Protocol: HTTP/2
Method: GET
Scheme: https
PathBase: 
Path: /api/MenuItem/GetByRole/10000001-0001-0001-0001-000000000001
Accept: application/json, text/plain, */*
Host: localhost:7150
User-Agent: Mozilla/5.0 (Windows NT 10.0; Win64; x64) AppleWebKit/537.36 (KHTML, like Gecko) Chrome/98.0.4758.80 Safari/537.36 Edg/98.0.1108.43
:method: [Redacted]
Accept-Encoding: gzip, deflate, br
Accept-Language: es,es-ES;q=0.9,en;q=0.8,en-GB;q=0.7,en-US;q=0.6
Origin: [Redacted]
Referer: [Redacted]
sec-ch-ua: [Redacted]
sec-ch-ua-mobile: [Redacted]
sec-ch-ua-platform: [Redacted]
sec-fetch-site: [Redacted]
sec-fetch-mode: [Redacted]
sec-fetch-dest: [Redacted]
2022-02-08 16:07:03.008 -05:00 [INF] Executing endpoint 'Api.Controllers.MenuItemController.GetByRole (Api)'
2022-02-08 16:07:03.040 -05:00 [INF] Route matched with {action = "GetByRole", controller = "MenuItem"}. Executing controller action with signature System.Threading.Tasks.Task`1[Microsoft.AspNetCore.Mvc.ActionResult`1[Application.Utilities.Response`1[System.Collections.Generic.IEnumerable`1[Application.Config.MenuItem.Dto.MenuItemDto]]]] GetByRole(System.Guid) on controller Api.Controllers.MenuItemController (Api).
2022-02-08 16:07:03.993 -05:00 [INF] Entity Framework Core 5.0.10 initialized 'PersistenceContext' using provider 'Microsoft.EntityFrameworkCore.SqlServer' with options: MigrationsHistoryTable=Library._MigrationHistory 
2022-02-08 16:07:04.675 -05:00 [INF] Executed DbCommand (50ms) [Parameters=[@__roleId_0='?' (DbType = Guid)], CommandType='"Text"', CommandTimeout='30']
SELECT [m].[Id], [m].[CreatedBy], [m].[CreatedOn], [m].[IconClass], [m].[LastModifiedOn], [m].[RoleId], [m].[Route], [m].[Status], [m].[Title], [m].[UpdatedBy], [r].[Id], [r].[CreatedBy], [r].[CreatedOn], [r].[Description], [r].[LastModifiedOn], [r].[RoleName], [r].[Status], [r].[UpdatedBy]
FROM [Library].[MenuItem] AS [m]
LEFT JOIN [Library].[Role] AS [r] ON [m].[RoleId] = [r].[Id]
WHERE [r].[Id] = @__roleId_0
2022-02-08 16:07:04.737 -05:00 [INF] Executing ObjectResult, writing value of type 'Application.Utilities.Response`1[[System.Collections.Generic.IEnumerable`1[[Application.Config.MenuItem.Dto.MenuItemDto, Application, Version=1.0.0.0, Culture=neutral, PublicKeyToken=null]], System.Private.CoreLib, Version=6.0.0.0, Culture=neutral, PublicKeyToken=7cec85d7bea7798e]]'.
2022-02-08 16:07:04.822 -05:00 [INF] Executed action Api.Controllers.MenuItemController.GetByRole (Api) in 1770.5331ms
2022-02-08 16:07:04.825 -05:00 [INF] Executed endpoint 'Api.Controllers.MenuItemController.GetByRole (Api)'
2022-02-08 16:07:04.828 -05:00 [INF] Response:
StatusCode: 200
Content-Type: application/json; charset=utf-8
Date: Tue, 08 Feb 2022 21:07:04 GMT
Server: Kestrel
2022-02-08 16:07:04.837 -05:00 [INF] Request finished HTTP/2 GET https://localhost:7150/api/MenuItem/GetByRole/10000001-0001-0001-0001-000000000001 - - - 200 - application/json;+charset=utf-8 1960.8832ms
2022-02-08 16:07:43.946 -05:00 [INF] Application is shutting down...
