2022-02-08 21:59:15.875 -05:00 [INF] User profile is available. Using 'C:\Users\kevin\AppData\Local\ASP.NET\DataProtection-Keys' as key repository and Windows DPAPI to encrypt keys at rest.
2022-02-08 21:59:16.471 -05:00 [INF] Now listening on: https://localhost:7150
2022-02-08 21:59:16.473 -05:00 [INF] Now listening on: http://localhost:5150
2022-02-08 21:59:16.477 -05:00 [INF] Application started. Press Ctrl+C to shut down.
2022-02-08 21:59:16.479 -05:00 [INF] Hosting environment: Development
2022-02-08 21:59:16.480 -05:00 [INF] Content root path: C:\Users\kevin\RiderProjects\LibraryStore\Api\
2022-02-08 22:00:44.688 -05:00 [INF] Request starting HTTP/2 GET https://localhost:7150/api/MenuItem/GetByRole/10000001-0001-0001-0001-000000000001 - -
2022-02-08 22:00:44.688 -05:00 [INF] Request starting HTTP/2 GET https://localhost:7150/api/BrandInfo/GetBrandInfo - -
2022-02-08 22:00:44.737 -05:00 [INF] CORS policy execution successful.
2022-02-08 22:00:44.737 -05:00 [INF] CORS policy execution successful.
2022-02-08 22:00:44.782 -05:00 [INF] Request:
Protocol: HTTP/2
Method: GET
Scheme: https
PathBase: 
Path: /api/MenuItem/GetByRole/10000001-0001-0001-0001-000000000001
Accept: application/json, text/plain, */*
Host: localhost:7150
User-Agent: Mozilla/5.0 (Windows NT 10.0; Win64; x64) AppleWebKit/537.36 (KHTML, like Gecko) Chrome/98.0.4758.80 Safari/537.36 Edg/98.0.1108.43
:method: [Redacted]
Accept-Encoding: gzip, deflate, br
Accept-Language: es,es-ES;q=0.9,en;q=0.8,en-GB;q=0.7,en-US;q=0.6
Origin: [Redacted]
Referer: [Redacted]
sec-ch-ua: [Redacted]
sec-ch-ua-mobile: [Redacted]
sec-ch-ua-platform: [Redacted]
sec-fetch-site: [Redacted]
sec-fetch-mode: [Redacted]
sec-fetch-dest: [Redacted]
2022-02-08 22:00:44.782 -05:00 [INF] Request:
Protocol: HTTP/2
Method: GET
Scheme: https
PathBase: 
Path: /api/BrandInfo/GetBrandInfo
Accept: application/json, text/plain, */*
Host: localhost:7150
User-Agent: Mozilla/5.0 (Windows NT 10.0; Win64; x64) AppleWebKit/537.36 (KHTML, like Gecko) Chrome/98.0.4758.80 Safari/537.36 Edg/98.0.1108.43
:method: [Redacted]
Accept-Encoding: gzip, deflate, br
Accept-Language: es,es-ES;q=0.9,en;q=0.8,en-GB;q=0.7,en-US;q=0.6
Origin: [Redacted]
Referer: [Redacted]
sec-ch-ua: [Redacted]
sec-ch-ua-mobile: [Redacted]
sec-ch-ua-platform: [Redacted]
sec-fetch-site: [Redacted]
sec-fetch-mode: [Redacted]
sec-fetch-dest: [Redacted]
2022-02-08 22:00:45.391 -05:00 [INF] Response:
StatusCode: 404
2022-02-08 22:00:45.395 -05:00 [INF] Executing endpoint 'Api.Controllers.MenuItemController.GetByRole (Api)'
2022-02-08 22:00:45.401 -05:00 [INF] Request finished HTTP/2 GET https://localhost:7150/api/BrandInfo/GetBrandInfo - - - 404 0 - 717.2371ms
2022-02-08 22:00:45.459 -05:00 [INF] Route matched with {action = "GetByRole", controller = "MenuItem"}. Executing controller action with signature System.Threading.Tasks.Task`1[Microsoft.AspNetCore.Mvc.ActionResult`1[Application.Utilities.Response`1[System.Collections.Generic.IEnumerable`1[Application.Config.MenuItem.Dto.MenuItemDto]]]] GetByRole(System.Guid) on controller Api.Controllers.MenuItemController (Api).
2022-02-08 22:00:47.330 -05:00 [INF] Entity Framework Core 5.0.10 initialized 'PersistenceContext' using provider 'Microsoft.EntityFrameworkCore.SqlServer' with options: MigrationsHistoryTable=Library._MigrationHistory 
2022-02-08 22:00:49.404 -05:00 [INF] Request starting HTTP/2 GET https://localhost:7150/api/BrandInfo/GetBrandInfo - -
2022-02-08 22:00:49.407 -05:00 [INF] Request starting HTTP/2 GET https://localhost:7150/api/MenuItem/GetByRole/10000001-0001-0001-0001-000000000001 - -
2022-02-08 22:00:49.408 -05:00 [INF] CORS policy execution successful.
2022-02-08 22:00:49.409 -05:00 [INF] CORS policy execution successful.
2022-02-08 22:00:49.415 -05:00 [INF] Request:
Protocol: HTTP/2
Method: GET
Scheme: https
PathBase: 
Path: /api/MenuItem/GetByRole/10000001-0001-0001-0001-000000000001
Accept: application/json, text/plain, */*
Host: localhost:7150
User-Agent: Mozilla/5.0 (Windows NT 10.0; Win64; x64) AppleWebKit/537.36 (KHTML, like Gecko) Chrome/98.0.4758.80 Safari/537.36 Edg/98.0.1108.43
:method: [Redacted]
Accept-Encoding: gzip, deflate, br
Accept-Language: es,es-ES;q=0.9,en;q=0.8,en-GB;q=0.7,en-US;q=0.6
Origin: [Redacted]
Referer: [Redacted]
sec-ch-ua: [Redacted]
sec-ch-ua-mobile: [Redacted]
sec-ch-ua-platform: [Redacted]
sec-fetch-site: [Redacted]
sec-fetch-mode: [Redacted]
sec-fetch-dest: [Redacted]
2022-02-08 22:00:49.416 -05:00 [INF] Request:
Protocol: HTTP/2
Method: GET
Scheme: https
PathBase: 
Path: /api/BrandInfo/GetBrandInfo
Accept: application/json, text/plain, */*
Host: localhost:7150
User-Agent: Mozilla/5.0 (Windows NT 10.0; Win64; x64) AppleWebKit/537.36 (KHTML, like Gecko) Chrome/98.0.4758.80 Safari/537.36 Edg/98.0.1108.43
:method: [Redacted]
Accept-Encoding: gzip, deflate, br
Accept-Language: es,es-ES;q=0.9,en;q=0.8,en-GB;q=0.7,en-US;q=0.6
Origin: [Redacted]
Referer: [Redacted]
sec-ch-ua: [Redacted]
sec-ch-ua-mobile: [Redacted]
sec-ch-ua-platform: [Redacted]
sec-fetch-site: [Redacted]
sec-fetch-mode: [Redacted]
sec-fetch-dest: [Redacted]
2022-02-08 22:00:49.433 -05:00 [INF] Response:
StatusCode: 404
2022-02-08 22:00:49.436 -05:00 [INF] Request finished HTTP/2 GET https://localhost:7150/api/BrandInfo/GetBrandInfo - - - 404 0 - 31.4138ms
2022-02-08 22:00:49.433 -05:00 [INF] Executing endpoint 'Api.Controllers.MenuItemController.GetByRole (Api)'
2022-02-08 22:00:49.446 -05:00 [INF] Route matched with {action = "GetByRole", controller = "MenuItem"}. Executing controller action with signature System.Threading.Tasks.Task`1[Microsoft.AspNetCore.Mvc.ActionResult`1[Application.Utilities.Response`1[System.Collections.Generic.IEnumerable`1[Application.Config.MenuItem.Dto.MenuItemDto]]]] GetByRole(System.Guid) on controller Api.Controllers.MenuItemController (Api).
2022-02-08 22:00:49.496 -05:00 [INF] Entity Framework Core 5.0.10 initialized 'PersistenceContext' using provider 'Microsoft.EntityFrameworkCore.SqlServer' with options: MigrationsHistoryTable=Library._MigrationHistory 
2022-02-08 22:00:49.760 -05:00 [INF] Executed DbCommand (188ms) [Parameters=[@__roleId_0='?' (DbType = Guid)], CommandType='"Text"', CommandTimeout='30']
SELECT [m].[Id], [m].[CreatedBy], [m].[CreatedOn], [m].[IconClass], [m].[LastModifiedOn], [m].[RoleId], [m].[Route], [m].[Status], [m].[Title], [m].[UpdatedBy], [r].[Id], [r].[CreatedBy], [r].[CreatedOn], [r].[Description], [r].[LastModifiedOn], [r].[RoleName], [r].[Status], [r].[UpdatedBy]
FROM [Library].[MenuItem] AS [m]
LEFT JOIN [Library].[Role] AS [r] ON [m].[RoleId] = [r].[Id]
WHERE [r].[Id] = @__roleId_0
2022-02-08 22:00:49.760 -05:00 [INF] Executed DbCommand (205ms) [Parameters=[@__roleId_0='?' (DbType = Guid)], CommandType='"Text"', CommandTimeout='30']
SELECT [m].[Id], [m].[CreatedBy], [m].[CreatedOn], [m].[IconClass], [m].[LastModifiedOn], [m].[RoleId], [m].[Route], [m].[Status], [m].[Title], [m].[UpdatedBy], [r].[Id], [r].[CreatedBy], [r].[CreatedOn], [r].[Description], [r].[LastModifiedOn], [r].[RoleName], [r].[Status], [r].[UpdatedBy]
FROM [Library].[MenuItem] AS [m]
LEFT JOIN [Library].[Role] AS [r] ON [m].[RoleId] = [r].[Id]
WHERE [r].[Id] = @__roleId_0
2022-02-08 22:00:49.862 -05:00 [INF] Executing ObjectResult, writing value of type 'Application.Utilities.Response`1[[System.Collections.Generic.IEnumerable`1[[Application.Config.MenuItem.Dto.MenuItemDto, Application, Version=1.0.0.0, Culture=neutral, PublicKeyToken=null]], System.Private.CoreLib, Version=6.0.0.0, Culture=neutral, PublicKeyToken=7cec85d7bea7798e]]'.
2022-02-08 22:00:49.862 -05:00 [INF] Executing ObjectResult, writing value of type 'Application.Utilities.Response`1[[System.Collections.Generic.IEnumerable`1[[Application.Config.MenuItem.Dto.MenuItemDto, Application, Version=1.0.0.0, Culture=neutral, PublicKeyToken=null]], System.Private.CoreLib, Version=6.0.0.0, Culture=neutral, PublicKeyToken=7cec85d7bea7798e]]'.
2022-02-08 22:00:49.930 -05:00 [INF] Executed action Api.Controllers.MenuItemController.GetByRole (Api) in 471.9977ms
2022-02-08 22:00:49.930 -05:00 [INF] Executed action Api.Controllers.MenuItemController.GetByRole (Api) in 4463.8055ms
2022-02-08 22:00:49.932 -05:00 [INF] Executed endpoint 'Api.Controllers.MenuItemController.GetByRole (Api)'
2022-02-08 22:00:49.933 -05:00 [INF] Executed endpoint 'Api.Controllers.MenuItemController.GetByRole (Api)'
2022-02-08 22:00:49.936 -05:00 [INF] Response:
StatusCode: 200
Content-Type: application/json; charset=utf-8
2022-02-08 22:00:49.936 -05:00 [INF] Response:
StatusCode: 200
Content-Type: application/json; charset=utf-8
Date: Wed, 09 Feb 2022 03:00:49 GMT
Server: Kestrel
Access-Control-Allow-Origin: [Redacted]
2022-02-08 22:00:49.946 -05:00 [INF] Request finished HTTP/2 GET https://localhost:7150/api/MenuItem/GetByRole/10000001-0001-0001-0001-000000000001 - - - 200 - application/json;+charset=utf-8 538.8211ms
2022-02-08 22:00:49.946 -05:00 [INF] Request finished HTTP/2 GET https://localhost:7150/api/MenuItem/GetByRole/10000001-0001-0001-0001-000000000001 - - - 0 - application/json;+charset=utf-8 5263.2942ms
2022-02-08 22:03:33.992 -05:00 [INF] Request starting HTTP/2 GET https://localhost:7150/api/MenuItem/GetByRole/10000001-0001-0001-0001-000000000001 - -
2022-02-08 22:03:33.992 -05:00 [INF] Request starting HTTP/2 GET https://localhost:7150/api/BrandInfo/GetBrandInfo - -
2022-02-08 22:03:33.994 -05:00 [INF] CORS policy execution successful.
2022-02-08 22:03:33.994 -05:00 [INF] CORS policy execution successful.
2022-02-08 22:03:33.995 -05:00 [INF] Request:
Protocol: HTTP/2
Method: GET
Scheme: https
PathBase: 
Path: /api/MenuItem/GetByRole/10000001-0001-0001-0001-000000000001
Accept: application/json, text/plain, */*
Host: localhost:7150
User-Agent: Mozilla/5.0 (Windows NT 10.0; Win64; x64) AppleWebKit/537.36 (KHTML, like Gecko) Chrome/98.0.4758.80 Safari/537.36 Edg/98.0.1108.43
:method: [Redacted]
Accept-Encoding: gzip, deflate, br
Accept-Language: es,es-ES;q=0.9,en;q=0.8,en-GB;q=0.7,en-US;q=0.6
Origin: [Redacted]
Referer: [Redacted]
sec-ch-ua: [Redacted]
sec-ch-ua-mobile: [Redacted]
sec-ch-ua-platform: [Redacted]
sec-fetch-site: [Redacted]
sec-fetch-mode: [Redacted]
sec-fetch-dest: [Redacted]
2022-02-08 22:03:33.996 -05:00 [INF] Request:
Protocol: HTTP/2
Method: GET
Scheme: https
PathBase: 
Path: /api/BrandInfo/GetBrandInfo
Accept: application/json, text/plain, */*
Host: localhost:7150
User-Agent: Mozilla/5.0 (Windows NT 10.0; Win64; x64) AppleWebKit/537.36 (KHTML, like Gecko) Chrome/98.0.4758.80 Safari/537.36 Edg/98.0.1108.43
:method: [Redacted]
Accept-Encoding: gzip, deflate, br
Accept-Language: es,es-ES;q=0.9,en;q=0.8,en-GB;q=0.7,en-US;q=0.6
Origin: [Redacted]
Referer: [Redacted]
sec-ch-ua: [Redacted]
sec-ch-ua-mobile: [Redacted]
sec-ch-ua-platform: [Redacted]
sec-fetch-site: [Redacted]
sec-fetch-mode: [Redacted]
sec-fetch-dest: [Redacted]
2022-02-08 22:03:34.000 -05:00 [INF] Executing endpoint 'Api.Controllers.MenuItemController.GetByRole (Api)'
2022-02-08 22:03:34.003 -05:00 [INF] Response:
StatusCode: 404
2022-02-08 22:03:34.005 -05:00 [INF] Route matched with {action = "GetByRole", controller = "MenuItem"}. Executing controller action with signature System.Threading.Tasks.Task`1[Microsoft.AspNetCore.Mvc.ActionResult`1[Application.Utilities.Response`1[System.Collections.Generic.IEnumerable`1[Application.Config.MenuItem.Dto.MenuItemDto]]]] GetByRole(System.Guid) on controller Api.Controllers.MenuItemController (Api).
2022-02-08 22:03:34.006 -05:00 [INF] Request finished HTTP/2 GET https://localhost:7150/api/BrandInfo/GetBrandInfo - - - 404 0 - 13.7980ms
2022-02-08 22:03:34.018 -05:00 [INF] Entity Framework Core 5.0.10 initialized 'PersistenceContext' using provider 'Microsoft.EntityFrameworkCore.SqlServer' with options: MigrationsHistoryTable=Library._MigrationHistory 
2022-02-08 22:03:34.031 -05:00 [INF] Executed DbCommand (7ms) [Parameters=[@__roleId_0='?' (DbType = Guid)], CommandType='"Text"', CommandTimeout='30']
SELECT [m].[Id], [m].[CreatedBy], [m].[CreatedOn], [m].[IconClass], [m].[LastModifiedOn], [m].[RoleId], [m].[Route], [m].[Status], [m].[Title], [m].[UpdatedBy], [r].[Id], [r].[CreatedBy], [r].[CreatedOn], [r].[Description], [r].[LastModifiedOn], [r].[RoleName], [r].[Status], [r].[UpdatedBy]
FROM [Library].[MenuItem] AS [m]
LEFT JOIN [Library].[Role] AS [r] ON [m].[RoleId] = [r].[Id]
WHERE [r].[Id] = @__roleId_0
2022-02-08 22:03:34.035 -05:00 [INF] Executing ObjectResult, writing value of type 'Application.Utilities.Response`1[[System.Collections.Generic.IEnumerable`1[[Application.Config.MenuItem.Dto.MenuItemDto, Application, Version=1.0.0.0, Culture=neutral, PublicKeyToken=null]], System.Private.CoreLib, Version=6.0.0.0, Culture=neutral, PublicKeyToken=7cec85d7bea7798e]]'.
2022-02-08 22:03:34.036 -05:00 [INF] Executed action Api.Controllers.MenuItemController.GetByRole (Api) in 28.8342ms
2022-02-08 22:03:34.038 -05:00 [INF] Executed endpoint 'Api.Controllers.MenuItemController.GetByRole (Api)'
2022-02-08 22:03:34.039 -05:00 [INF] Response:
StatusCode: 200
Content-Type: application/json; charset=utf-8
Date: Wed, 09 Feb 2022 03:03:33 GMT
Server: Kestrel
Access-Control-Allow-Origin: [Redacted]
2022-02-08 22:03:34.041 -05:00 [INF] Request finished HTTP/2 GET https://localhost:7150/api/MenuItem/GetByRole/10000001-0001-0001-0001-000000000001 - - - 200 - application/json;+charset=utf-8 48.5909ms
2022-02-08 22:04:06.290 -05:00 [INF] Request starting HTTP/2 GET https://localhost:7150/api/BrandInfo/GetBrandInfo - -
2022-02-08 22:04:06.291 -05:00 [INF] Request starting HTTP/2 GET https://localhost:7150/api/MenuItem/GetByRole/10000001-0001-0001-0001-000000000001 - -
2022-02-08 22:04:06.291 -05:00 [INF] CORS policy execution successful.
2022-02-08 22:04:06.292 -05:00 [INF] CORS policy execution successful.
2022-02-08 22:04:06.293 -05:00 [INF] Request:
Protocol: HTTP/2
Method: GET
Scheme: https
PathBase: 
Path: /api/BrandInfo/GetBrandInfo
Accept: application/json, text/plain, */*
Host: localhost:7150
User-Agent: Mozilla/5.0 (Windows NT 10.0; Win64; x64) AppleWebKit/537.36 (KHTML, like Gecko) Chrome/98.0.4758.80 Safari/537.36 Edg/98.0.1108.43
:method: [Redacted]
Accept-Encoding: gzip, deflate, br
Accept-Language: es,es-ES;q=0.9,en;q=0.8,en-GB;q=0.7,en-US;q=0.6
Origin: [Redacted]
Referer: [Redacted]
sec-ch-ua: [Redacted]
sec-ch-ua-mobile: [Redacted]
sec-ch-ua-platform: [Redacted]
sec-fetch-site: [Redacted]
sec-fetch-mode: [Redacted]
sec-fetch-dest: [Redacted]
2022-02-08 22:04:06.294 -05:00 [INF] Request:
Protocol: HTTP/2
Method: GET
Scheme: https
PathBase: 
Path: /api/MenuItem/GetByRole/10000001-0001-0001-0001-000000000001
Accept: application/json, text/plain, */*
Host: localhost:7150
User-Agent: Mozilla/5.0 (Windows NT 10.0; Win64; x64) AppleWebKit/537.36 (KHTML, like Gecko) Chrome/98.0.4758.80 Safari/537.36 Edg/98.0.1108.43
:method: [Redacted]
Accept-Encoding: gzip, deflate, br
Accept-Language: es,es-ES;q=0.9,en;q=0.8,en-GB;q=0.7,en-US;q=0.6
Origin: [Redacted]
Referer: [Redacted]
sec-ch-ua: [Redacted]
sec-ch-ua-mobile: [Redacted]
sec-ch-ua-platform: [Redacted]
sec-fetch-site: [Redacted]
sec-fetch-mode: [Redacted]
sec-fetch-dest: [Redacted]
2022-02-08 22:04:06.298 -05:00 [INF] Response:
StatusCode: 404
2022-02-08 22:04:06.302 -05:00 [INF] Executing endpoint 'Api.Controllers.MenuItemController.GetByRole (Api)'
2022-02-08 22:04:06.303 -05:00 [INF] Request finished HTTP/2 GET https://localhost:7150/api/BrandInfo/GetBrandInfo - - - 404 0 - 12.9734ms
2022-02-08 22:04:06.304 -05:00 [INF] Route matched with {action = "GetByRole", controller = "MenuItem"}. Executing controller action with signature System.Threading.Tasks.Task`1[Microsoft.AspNetCore.Mvc.ActionResult`1[Application.Utilities.Response`1[System.Collections.Generic.IEnumerable`1[Application.Config.MenuItem.Dto.MenuItemDto]]]] GetByRole(System.Guid) on controller Api.Controllers.MenuItemController (Api).
2022-02-08 22:04:06.308 -05:00 [INF] Entity Framework Core 5.0.10 initialized 'PersistenceContext' using provider 'Microsoft.EntityFrameworkCore.SqlServer' with options: MigrationsHistoryTable=Library._MigrationHistory 
2022-02-08 22:04:06.314 -05:00 [INF] Executed DbCommand (3ms) [Parameters=[@__roleId_0='?' (DbType = Guid)], CommandType='"Text"', CommandTimeout='30']
SELECT [m].[Id], [m].[CreatedBy], [m].[CreatedOn], [m].[IconClass], [m].[LastModifiedOn], [m].[RoleId], [m].[Route], [m].[Status], [m].[Title], [m].[UpdatedBy], [r].[Id], [r].[CreatedBy], [r].[CreatedOn], [r].[Description], [r].[LastModifiedOn], [r].[RoleName], [r].[Status], [r].[UpdatedBy]
FROM [Library].[MenuItem] AS [m]
LEFT JOIN [Library].[Role] AS [r] ON [m].[RoleId] = [r].[Id]
WHERE [r].[Id] = @__roleId_0
2022-02-08 22:04:06.318 -05:00 [INF] Executing ObjectResult, writing value of type 'Application.Utilities.Response`1[[System.Collections.Generic.IEnumerable`1[[Application.Config.MenuItem.Dto.MenuItemDto, Application, Version=1.0.0.0, Culture=neutral, PublicKeyToken=null]], System.Private.CoreLib, Version=6.0.0.0, Culture=neutral, PublicKeyToken=7cec85d7bea7798e]]'.
2022-02-08 22:04:06.319 -05:00 [INF] Executed action Api.Controllers.MenuItemController.GetByRole (Api) in 12.7462ms
2022-02-08 22:04:06.321 -05:00 [INF] Executed endpoint 'Api.Controllers.MenuItemController.GetByRole (Api)'
2022-02-08 22:04:06.322 -05:00 [INF] Response:
StatusCode: 200
Content-Type: application/json; charset=utf-8
Date: Wed, 09 Feb 2022 03:04:05 GMT
Server: Kestrel
Access-Control-Allow-Origin: [Redacted]
2022-02-08 22:04:06.324 -05:00 [INF] Request finished HTTP/2 GET https://localhost:7150/api/MenuItem/GetByRole/10000001-0001-0001-0001-000000000001 - - - 200 - application/json;+charset=utf-8 33.1502ms
2022-02-08 22:04:12.477 -05:00 [INF] Request starting HTTP/2 GET https://localhost:7150/api/BrandInfo/GetBrandInfo - -
2022-02-08 22:04:12.478 -05:00 [INF] Request starting HTTP/2 GET https://localhost:7150/api/MenuItem/GetByRole/10000001-0001-0001-0001-000000000001 - -
2022-02-08 22:04:12.478 -05:00 [INF] CORS policy execution successful.
2022-02-08 22:04:12.479 -05:00 [INF] CORS policy execution successful.
2022-02-08 22:04:12.480 -05:00 [INF] Request:
Protocol: HTTP/2
Method: GET
Scheme: https
PathBase: 
Path: /api/BrandInfo/GetBrandInfo
Accept: application/json, text/plain, */*
Host: localhost:7150
User-Agent: Mozilla/5.0 (Windows NT 10.0; Win64; x64) AppleWebKit/537.36 (KHTML, like Gecko) Chrome/98.0.4758.80 Safari/537.36 Edg/98.0.1108.43
:method: [Redacted]
Accept-Encoding: gzip, deflate, br
Accept-Language: es,es-ES;q=0.9,en;q=0.8,en-GB;q=0.7,en-US;q=0.6
Origin: [Redacted]
Referer: [Redacted]
sec-ch-ua: [Redacted]
sec-ch-ua-mobile: [Redacted]
sec-ch-ua-platform: [Redacted]
sec-fetch-site: [Redacted]
sec-fetch-mode: [Redacted]
sec-fetch-dest: [Redacted]
2022-02-08 22:04:12.481 -05:00 [INF] Request:
Protocol: HTTP/2
Method: GET
Scheme: https
PathBase: 
Path: /api/MenuItem/GetByRole/10000001-0001-0001-0001-000000000001
Accept: application/json, text/plain, */*
Host: localhost:7150
User-Agent: Mozilla/5.0 (Windows NT 10.0; Win64; x64) AppleWebKit/537.36 (KHTML, like Gecko) Chrome/98.0.4758.80 Safari/537.36 Edg/98.0.1108.43
:method: [Redacted]
Accept-Encoding: gzip, deflate, br
Accept-Language: es,es-ES;q=0.9,en;q=0.8,en-GB;q=0.7,en-US;q=0.6
Origin: [Redacted]
Referer: [Redacted]
sec-ch-ua: [Redacted]
sec-ch-ua-mobile: [Redacted]
sec-ch-ua-platform: [Redacted]
sec-fetch-site: [Redacted]
sec-fetch-mode: [Redacted]
sec-fetch-dest: [Redacted]
2022-02-08 22:04:12.484 -05:00 [INF] Response:
StatusCode: 404
2022-02-08 22:04:12.489 -05:00 [INF] Executing endpoint 'Api.Controllers.MenuItemController.GetByRole (Api)'
2022-02-08 22:04:12.490 -05:00 [INF] Request finished HTTP/2 GET https://localhost:7150/api/BrandInfo/GetBrandInfo - - - 404 0 - 13.2483ms
2022-02-08 22:04:12.492 -05:00 [INF] Route matched with {action = "GetByRole", controller = "MenuItem"}. Executing controller action with signature System.Threading.Tasks.Task`1[Microsoft.AspNetCore.Mvc.ActionResult`1[Application.Utilities.Response`1[System.Collections.Generic.IEnumerable`1[Application.Config.MenuItem.Dto.MenuItemDto]]]] GetByRole(System.Guid) on controller Api.Controllers.MenuItemController (Api).
2022-02-08 22:04:12.496 -05:00 [INF] Entity Framework Core 5.0.10 initialized 'PersistenceContext' using provider 'Microsoft.EntityFrameworkCore.SqlServer' with options: MigrationsHistoryTable=Library._MigrationHistory 
2022-02-08 22:04:12.506 -05:00 [INF] Executed DbCommand (5ms) [Parameters=[@__roleId_0='?' (DbType = Guid)], CommandType='"Text"', CommandTimeout='30']
SELECT [m].[Id], [m].[CreatedBy], [m].[CreatedOn], [m].[IconClass], [m].[LastModifiedOn], [m].[RoleId], [m].[Route], [m].[Status], [m].[Title], [m].[UpdatedBy], [r].[Id], [r].[CreatedBy], [r].[CreatedOn], [r].[Description], [r].[LastModifiedOn], [r].[RoleName], [r].[Status], [r].[UpdatedBy]
FROM [Library].[MenuItem] AS [m]
LEFT JOIN [Library].[Role] AS [r] ON [m].[RoleId] = [r].[Id]
WHERE [r].[Id] = @__roleId_0
2022-02-08 22:04:12.511 -05:00 [INF] Executing ObjectResult, writing value of type 'Application.Utilities.Response`1[[System.Collections.Generic.IEnumerable`1[[Application.Config.MenuItem.Dto.MenuItemDto, Application, Version=1.0.0.0, Culture=neutral, PublicKeyToken=null]], System.Private.CoreLib, Version=6.0.0.0, Culture=neutral, PublicKeyToken=7cec85d7bea7798e]]'.
2022-02-08 22:04:12.515 -05:00 [INF] Executed action Api.Controllers.MenuItemController.GetByRole (Api) in 19.5662ms
2022-02-08 22:04:12.518 -05:00 [INF] Executed endpoint 'Api.Controllers.MenuItemController.GetByRole (Api)'
2022-02-08 22:04:12.519 -05:00 [INF] Response:
StatusCode: 200
Content-Type: application/json; charset=utf-8
Date: Wed, 09 Feb 2022 03:04:12 GMT
Server: Kestrel
Access-Control-Allow-Origin: [Redacted]
2022-02-08 22:04:12.521 -05:00 [INF] Request finished HTTP/2 GET https://localhost:7150/api/MenuItem/GetByRole/10000001-0001-0001-0001-000000000001 - - - 200 - application/json;+charset=utf-8 43.8100ms
2022-02-08 22:04:15.013 -05:00 [INF] Request starting HTTP/2 GET https://localhost:7150/api/BrandInfo/GetBrandInfo - -
2022-02-08 22:04:15.014 -05:00 [INF] Request starting HTTP/2 GET https://localhost:7150/api/MenuItem/GetByRole/10000001-0001-0001-0001-000000000001 - -
2022-02-08 22:04:15.015 -05:00 [INF] CORS policy execution successful.
2022-02-08 22:04:15.016 -05:00 [INF] CORS policy execution successful.
2022-02-08 22:04:15.017 -05:00 [INF] Request:
Protocol: HTTP/2
Method: GET
Scheme: https
PathBase: 
Path: /api/BrandInfo/GetBrandInfo
Accept: application/json, text/plain, */*
Host: localhost:7150
User-Agent: Mozilla/5.0 (Windows NT 10.0; Win64; x64) AppleWebKit/537.36 (KHTML, like Gecko) Chrome/98.0.4758.80 Safari/537.36 Edg/98.0.1108.43
:method: [Redacted]
Accept-Encoding: gzip, deflate, br
Accept-Language: es,es-ES;q=0.9,en;q=0.8,en-GB;q=0.7,en-US;q=0.6
Origin: [Redacted]
Referer: [Redacted]
sec-ch-ua: [Redacted]
sec-ch-ua-mobile: [Redacted]
sec-ch-ua-platform: [Redacted]
sec-fetch-site: [Redacted]
sec-fetch-mode: [Redacted]
sec-fetch-dest: [Redacted]
2022-02-08 22:04:15.018 -05:00 [INF] Request:
Protocol: HTTP/2
Method: GET
Scheme: https
PathBase: 
Path: /api/MenuItem/GetByRole/10000001-0001-0001-0001-000000000001
Accept: application/json, text/plain, */*
Host: localhost:7150
User-Agent: Mozilla/5.0 (Windows NT 10.0; Win64; x64) AppleWebKit/537.36 (KHTML, like Gecko) Chrome/98.0.4758.80 Safari/537.36 Edg/98.0.1108.43
:method: [Redacted]
Accept-Encoding: gzip, deflate, br
Accept-Language: es,es-ES;q=0.9,en;q=0.8,en-GB;q=0.7,en-US;q=0.6
Origin: [Redacted]
Referer: [Redacted]
sec-ch-ua: [Redacted]
sec-ch-ua-mobile: [Redacted]
sec-ch-ua-platform: [Redacted]
sec-fetch-site: [Redacted]
sec-fetch-mode: [Redacted]
sec-fetch-dest: [Redacted]
2022-02-08 22:04:15.021 -05:00 [INF] Response:
StatusCode: 404
2022-02-08 22:04:15.024 -05:00 [INF] Executing endpoint 'Api.Controllers.MenuItemController.GetByRole (Api)'
2022-02-08 22:04:15.025 -05:00 [INF] Request finished HTTP/2 GET https://localhost:7150/api/BrandInfo/GetBrandInfo - - - 404 0 - 12.1468ms
2022-02-08 22:04:15.026 -05:00 [INF] Route matched with {action = "GetByRole", controller = "MenuItem"}. Executing controller action with signature System.Threading.Tasks.Task`1[Microsoft.AspNetCore.Mvc.ActionResult`1[Application.Utilities.Response`1[System.Collections.Generic.IEnumerable`1[Application.Config.MenuItem.Dto.MenuItemDto]]]] GetByRole(System.Guid) on controller Api.Controllers.MenuItemController (Api).
2022-02-08 22:04:15.031 -05:00 [INF] Entity Framework Core 5.0.10 initialized 'PersistenceContext' using provider 'Microsoft.EntityFrameworkCore.SqlServer' with options: MigrationsHistoryTable=Library._MigrationHistory 
2022-02-08 22:04:15.035 -05:00 [INF] Executed DbCommand (1ms) [Parameters=[@__roleId_0='?' (DbType = Guid)], CommandType='"Text"', CommandTimeout='30']
SELECT [m].[Id], [m].[CreatedBy], [m].[CreatedOn], [m].[IconClass], [m].[LastModifiedOn], [m].[RoleId], [m].[Route], [m].[Status], [m].[Title], [m].[UpdatedBy], [r].[Id], [r].[CreatedBy], [r].[CreatedOn], [r].[Description], [r].[LastModifiedOn], [r].[RoleName], [r].[Status], [r].[UpdatedBy]
FROM [Library].[MenuItem] AS [m]
LEFT JOIN [Library].[Role] AS [r] ON [m].[RoleId] = [r].[Id]
WHERE [r].[Id] = @__roleId_0
2022-02-08 22:04:15.038 -05:00 [INF] Executing ObjectResult, writing value of type 'Application.Utilities.Response`1[[System.Collections.Generic.IEnumerable`1[[Application.Config.MenuItem.Dto.MenuItemDto, Application, Version=1.0.0.0, Culture=neutral, PublicKeyToken=null]], System.Private.CoreLib, Version=6.0.0.0, Culture=neutral, PublicKeyToken=7cec85d7bea7798e]]'.
2022-02-08 22:04:15.040 -05:00 [INF] Executed action Api.Controllers.MenuItemController.GetByRole (Api) in 10.063ms
2022-02-08 22:04:15.041 -05:00 [INF] Executed endpoint 'Api.Controllers.MenuItemController.GetByRole (Api)'
2022-02-08 22:04:15.042 -05:00 [INF] Response:
StatusCode: 200
Content-Type: application/json; charset=utf-8
Date: Wed, 09 Feb 2022 03:04:14 GMT
Server: Kestrel
Access-Control-Allow-Origin: [Redacted]
2022-02-08 22:04:15.044 -05:00 [INF] Request finished HTTP/2 GET https://localhost:7150/api/MenuItem/GetByRole/10000001-0001-0001-0001-000000000001 - - - 200 - application/json;+charset=utf-8 30.0790ms
2022-02-08 22:04:35.530 -05:00 [INF] Request starting HTTP/2 GET https://localhost:7150/api/BrandInfo/GetBrandInfo - -
2022-02-08 22:04:35.532 -05:00 [INF] CORS policy execution successful.
2022-02-08 22:04:35.532 -05:00 [INF] Request starting HTTP/2 GET https://localhost:7150/api/MenuItem/GetByRole/10000001-0001-0001-0001-000000000001 - -
2022-02-08 22:04:35.533 -05:00 [INF] Request:
Protocol: HTTP/2
Method: GET
Scheme: https
PathBase: 
Path: /api/BrandInfo/GetBrandInfo
Accept: application/json, text/plain, */*
Host: localhost:7150
User-Agent: Mozilla/5.0 (Windows NT 10.0; Win64; x64) AppleWebKit/537.36 (KHTML, like Gecko) Chrome/98.0.4758.80 Safari/537.36 Edg/98.0.1108.43
:method: [Redacted]
Accept-Encoding: gzip, deflate, br
Accept-Language: es,es-ES;q=0.9,en;q=0.8,en-GB;q=0.7,en-US;q=0.6
Origin: [Redacted]
Referer: [Redacted]
sec-ch-ua: [Redacted]
sec-ch-ua-mobile: [Redacted]
sec-ch-ua-platform: [Redacted]
sec-fetch-site: [Redacted]
sec-fetch-mode: [Redacted]
sec-fetch-dest: [Redacted]
2022-02-08 22:04:35.534 -05:00 [INF] CORS policy execution successful.
2022-02-08 22:04:35.537 -05:00 [INF] Response:
StatusCode: 404
2022-02-08 22:04:35.539 -05:00 [INF] Request:
Protocol: HTTP/2
Method: GET
Scheme: https
PathBase: 
Path: /api/MenuItem/GetByRole/10000001-0001-0001-0001-000000000001
Accept: application/json, text/plain, */*
Host: localhost:7150
User-Agent: Mozilla/5.0 (Windows NT 10.0; Win64; x64) AppleWebKit/537.36 (KHTML, like Gecko) Chrome/98.0.4758.80 Safari/537.36 Edg/98.0.1108.43
:method: [Redacted]
Accept-Encoding: gzip, deflate, br
Accept-Language: es,es-ES;q=0.9,en;q=0.8,en-GB;q=0.7,en-US;q=0.6
Origin: [Redacted]
Referer: [Redacted]
sec-ch-ua: [Redacted]
sec-ch-ua-mobile: [Redacted]
sec-ch-ua-platform: [Redacted]
sec-fetch-site: [Redacted]
sec-fetch-mode: [Redacted]
sec-fetch-dest: [Redacted]
2022-02-08 22:04:35.540 -05:00 [INF] Request finished HTTP/2 GET https://localhost:7150/api/BrandInfo/GetBrandInfo - - - 404 0 - 9.3799ms
2022-02-08 22:04:35.545 -05:00 [INF] Executing endpoint 'Api.Controllers.MenuItemController.GetByRole (Api)'
2022-02-08 22:04:35.547 -05:00 [INF] Route matched with {action = "GetByRole", controller = "MenuItem"}. Executing controller action with signature System.Threading.Tasks.Task`1[Microsoft.AspNetCore.Mvc.ActionResult`1[Application.Utilities.Response`1[System.Collections.Generic.IEnumerable`1[Application.Config.MenuItem.Dto.MenuItemDto]]]] GetByRole(System.Guid) on controller Api.Controllers.MenuItemController (Api).
2022-02-08 22:04:35.551 -05:00 [INF] Entity Framework Core 5.0.10 initialized 'PersistenceContext' using provider 'Microsoft.EntityFrameworkCore.SqlServer' with options: MigrationsHistoryTable=Library._MigrationHistory 
2022-02-08 22:04:35.555 -05:00 [INF] Executed DbCommand (1ms) [Parameters=[@__roleId_0='?' (DbType = Guid)], CommandType='"Text"', CommandTimeout='30']
SELECT [m].[Id], [m].[CreatedBy], [m].[CreatedOn], [m].[IconClass], [m].[LastModifiedOn], [m].[RoleId], [m].[Route], [m].[Status], [m].[Title], [m].[UpdatedBy], [r].[Id], [r].[CreatedBy], [r].[CreatedOn], [r].[Description], [r].[LastModifiedOn], [r].[RoleName], [r].[Status], [r].[UpdatedBy]
FROM [Library].[MenuItem] AS [m]
LEFT JOIN [Library].[Role] AS [r] ON [m].[RoleId] = [r].[Id]
WHERE [r].[Id] = @__roleId_0
2022-02-08 22:04:35.561 -05:00 [INF] Executing ObjectResult, writing value of type 'Application.Utilities.Response`1[[System.Collections.Generic.IEnumerable`1[[Application.Config.MenuItem.Dto.MenuItemDto, Application, Version=1.0.0.0, Culture=neutral, PublicKeyToken=null]], System.Private.CoreLib, Version=6.0.0.0, Culture=neutral, PublicKeyToken=7cec85d7bea7798e]]'.
2022-02-08 22:04:35.563 -05:00 [INF] Executed action Api.Controllers.MenuItemController.GetByRole (Api) in 12.5149ms
2022-02-08 22:04:35.565 -05:00 [INF] Executed endpoint 'Api.Controllers.MenuItemController.GetByRole (Api)'
2022-02-08 22:04:35.566 -05:00 [INF] Response:
StatusCode: 200
Content-Type: application/json; charset=utf-8
Date: Wed, 09 Feb 2022 03:04:34 GMT
Server: Kestrel
Access-Control-Allow-Origin: [Redacted]
2022-02-08 22:04:35.567 -05:00 [INF] Request finished HTTP/2 GET https://localhost:7150/api/MenuItem/GetByRole/10000001-0001-0001-0001-000000000001 - - - 200 - application/json;+charset=utf-8 35.6068ms
2022-02-08 22:04:39.878 -05:00 [INF] Request starting HTTP/2 GET https://localhost:7150/api/BrandInfo/GetBrandInfo - -
2022-02-08 22:04:39.879 -05:00 [INF] Request starting HTTP/2 GET https://localhost:7150/api/MenuItem/GetByRole/10000001-0001-0001-0001-000000000001 - -
2022-02-08 22:04:39.880 -05:00 [INF] CORS policy execution successful.
2022-02-08 22:04:39.881 -05:00 [INF] CORS policy execution successful.
2022-02-08 22:04:39.882 -05:00 [INF] Request:
Protocol: HTTP/2
Method: GET
Scheme: https
PathBase: 
Path: /api/BrandInfo/GetBrandInfo
Accept: application/json, text/plain, */*
Host: localhost:7150
User-Agent: Mozilla/5.0 (Windows NT 10.0; Win64; x64) AppleWebKit/537.36 (KHTML, like Gecko) Chrome/98.0.4758.80 Safari/537.36 Edg/98.0.1108.43
:method: [Redacted]
Accept-Encoding: gzip, deflate, br
Accept-Language: es,es-ES;q=0.9,en;q=0.8,en-GB;q=0.7,en-US;q=0.6
Origin: [Redacted]
Referer: [Redacted]
sec-ch-ua: [Redacted]
sec-ch-ua-mobile: [Redacted]
sec-ch-ua-platform: [Redacted]
sec-fetch-site: [Redacted]
sec-fetch-mode: [Redacted]
sec-fetch-dest: [Redacted]
2022-02-08 22:04:39.883 -05:00 [INF] Request:
Protocol: HTTP/2
Method: GET
Scheme: https
PathBase: 
Path: /api/MenuItem/GetByRole/10000001-0001-0001-0001-000000000001
Accept: application/json, text/plain, */*
Host: localhost:7150
User-Agent: Mozilla/5.0 (Windows NT 10.0; Win64; x64) AppleWebKit/537.36 (KHTML, like Gecko) Chrome/98.0.4758.80 Safari/537.36 Edg/98.0.1108.43
:method: [Redacted]
Accept-Encoding: gzip, deflate, br
Accept-Language: es,es-ES;q=0.9,en;q=0.8,en-GB;q=0.7,en-US;q=0.6
Origin: [Redacted]
Referer: [Redacted]
sec-ch-ua: [Redacted]
sec-ch-ua-mobile: [Redacted]
sec-ch-ua-platform: [Redacted]
sec-fetch-site: [Redacted]
sec-fetch-mode: [Redacted]
sec-fetch-dest: [Redacted]
2022-02-08 22:04:39.887 -05:00 [INF] Response:
StatusCode: 404
2022-02-08 22:04:39.892 -05:00 [INF] Executing endpoint 'Api.Controllers.MenuItemController.GetByRole (Api)'
2022-02-08 22:04:39.893 -05:00 [INF] Request finished HTTP/2 GET https://localhost:7150/api/BrandInfo/GetBrandInfo - - - 404 0 - 14.9923ms
2022-02-08 22:04:39.894 -05:00 [INF] Route matched with {action = "GetByRole", controller = "MenuItem"}. Executing controller action with signature System.Threading.Tasks.Task`1[Microsoft.AspNetCore.Mvc.ActionResult`1[Application.Utilities.Response`1[System.Collections.Generic.IEnumerable`1[Application.Config.MenuItem.Dto.MenuItemDto]]]] GetByRole(System.Guid) on controller Api.Controllers.MenuItemController (Api).
2022-02-08 22:04:39.899 -05:00 [INF] Entity Framework Core 5.0.10 initialized 'PersistenceContext' using provider 'Microsoft.EntityFrameworkCore.SqlServer' with options: MigrationsHistoryTable=Library._MigrationHistory 
2022-02-08 22:04:39.902 -05:00 [INF] Executed DbCommand (1ms) [Parameters=[@__roleId_0='?' (DbType = Guid)], CommandType='"Text"', CommandTimeout='30']
SELECT [m].[Id], [m].[CreatedBy], [m].[CreatedOn], [m].[IconClass], [m].[LastModifiedOn], [m].[RoleId], [m].[Route], [m].[Status], [m].[Title], [m].[UpdatedBy], [r].[Id], [r].[CreatedBy], [r].[CreatedOn], [r].[Description], [r].[LastModifiedOn], [r].[RoleName], [r].[Status], [r].[UpdatedBy]
FROM [Library].[MenuItem] AS [m]
LEFT JOIN [Library].[Role] AS [r] ON [m].[RoleId] = [r].[Id]
WHERE [r].[Id] = @__roleId_0
2022-02-08 22:04:39.906 -05:00 [INF] Executing ObjectResult, writing value of type 'Application.Utilities.Response`1[[System.Collections.Generic.IEnumerable`1[[Application.Config.MenuItem.Dto.MenuItemDto, Application, Version=1.0.0.0, Culture=neutral, PublicKeyToken=null]], System.Private.CoreLib, Version=6.0.0.0, Culture=neutral, PublicKeyToken=7cec85d7bea7798e]]'.
2022-02-08 22:04:39.908 -05:00 [INF] Executed action Api.Controllers.MenuItemController.GetByRole (Api) in 9.9002ms
2022-02-08 22:04:39.909 -05:00 [INF] Executed endpoint 'Api.Controllers.MenuItemController.GetByRole (Api)'
2022-02-08 22:04:39.910 -05:00 [INF] Response:
StatusCode: 200
Content-Type: application/json; charset=utf-8
Date: Wed, 09 Feb 2022 03:04:39 GMT
Server: Kestrel
Access-Control-Allow-Origin: [Redacted]
2022-02-08 22:04:39.912 -05:00 [INF] Request finished HTTP/2 GET https://localhost:7150/api/MenuItem/GetByRole/10000001-0001-0001-0001-000000000001 - - - 200 - application/json;+charset=utf-8 32.5141ms
2022-02-08 22:07:06.874 -05:00 [INF] Request starting HTTP/2 GET https://localhost:7150/api/MenuItem/GetByRole/10000001-0001-0001-0001-000000000001 - -
2022-02-08 22:07:06.874 -05:00 [INF] Request starting HTTP/2 GET https://localhost:7150/api/BrandInfo/GetBrandInfo - -
2022-02-08 22:07:06.886 -05:00 [INF] CORS policy execution successful.
2022-02-08 22:07:06.889 -05:00 [INF] CORS policy execution successful.
2022-02-08 22:07:06.890 -05:00 [INF] Request:
Protocol: HTTP/2
Method: GET
Scheme: https
PathBase: 
Path: /api/MenuItem/GetByRole/10000001-0001-0001-0001-000000000001
Accept: application/json, text/plain, */*
Host: localhost:7150
User-Agent: Mozilla/5.0 (Windows NT 10.0; Win64; x64) AppleWebKit/537.36 (KHTML, like Gecko) Chrome/98.0.4758.80 Safari/537.36 Edg/98.0.1108.43
:method: [Redacted]
Accept-Encoding: gzip, deflate, br
Accept-Language: es,es-ES;q=0.9,en;q=0.8,en-GB;q=0.7,en-US;q=0.6
Origin: [Redacted]
Referer: [Redacted]
sec-ch-ua: [Redacted]
sec-ch-ua-mobile: [Redacted]
sec-ch-ua-platform: [Redacted]
sec-fetch-site: [Redacted]
sec-fetch-mode: [Redacted]
sec-fetch-dest: [Redacted]
2022-02-08 22:07:06.891 -05:00 [INF] Request:
Protocol: HTTP/2
Method: GET
Scheme: https
PathBase: 
Path: /api/BrandInfo/GetBrandInfo
Accept: application/json, text/plain, */*
Host: localhost:7150
User-Agent: Mozilla/5.0 (Windows NT 10.0; Win64; x64) AppleWebKit/537.36 (KHTML, like Gecko) Chrome/98.0.4758.80 Safari/537.36 Edg/98.0.1108.43
:method: [Redacted]
Accept-Encoding: gzip, deflate, br
Accept-Language: es,es-ES;q=0.9,en;q=0.8,en-GB;q=0.7,en-US;q=0.6
Origin: [Redacted]
Referer: [Redacted]
sec-ch-ua: [Redacted]
sec-ch-ua-mobile: [Redacted]
sec-ch-ua-platform: [Redacted]
sec-fetch-site: [Redacted]
sec-fetch-mode: [Redacted]
sec-fetch-dest: [Redacted]
2022-02-08 22:07:06.895 -05:00 [INF] Executing endpoint 'Api.Controllers.MenuItemController.GetByRole (Api)'
2022-02-08 22:07:06.900 -05:00 [INF] Response:
StatusCode: 404
2022-02-08 22:07:06.901 -05:00 [INF] Route matched with {action = "GetByRole", controller = "MenuItem"}. Executing controller action with signature System.Threading.Tasks.Task`1[Microsoft.AspNetCore.Mvc.ActionResult`1[Application.Utilities.Response`1[System.Collections.Generic.IEnumerable`1[Application.Config.MenuItem.Dto.MenuItemDto]]]] GetByRole(System.Guid) on controller Api.Controllers.MenuItemController (Api).
2022-02-08 22:07:06.903 -05:00 [INF] Request finished HTTP/2 GET https://localhost:7150/api/BrandInfo/GetBrandInfo - - - 404 0 - 28.1660ms
2022-02-08 22:07:06.906 -05:00 [INF] Entity Framework Core 5.0.10 initialized 'PersistenceContext' using provider 'Microsoft.EntityFrameworkCore.SqlServer' with options: MigrationsHistoryTable=Library._MigrationHistory 
2022-02-08 22:07:06.916 -05:00 [INF] Executed DbCommand (5ms) [Parameters=[@__roleId_0='?' (DbType = Guid)], CommandType='"Text"', CommandTimeout='30']
SELECT [m].[Id], [m].[CreatedBy], [m].[CreatedOn], [m].[IconClass], [m].[LastModifiedOn], [m].[RoleId], [m].[Route], [m].[Status], [m].[Title], [m].[UpdatedBy], [r].[Id], [r].[CreatedBy], [r].[CreatedOn], [r].[Description], [r].[LastModifiedOn], [r].[RoleName], [r].[Status], [r].[UpdatedBy]
FROM [Library].[MenuItem] AS [m]
LEFT JOIN [Library].[Role] AS [r] ON [m].[RoleId] = [r].[Id]
WHERE [r].[Id] = @__roleId_0
2022-02-08 22:07:06.920 -05:00 [INF] Executing ObjectResult, writing value of type 'Application.Utilities.Response`1[[System.Collections.Generic.IEnumerable`1[[Application.Config.MenuItem.Dto.MenuItemDto, Application, Version=1.0.0.0, Culture=neutral, PublicKeyToken=null]], System.Private.CoreLib, Version=6.0.0.0, Culture=neutral, PublicKeyToken=7cec85d7bea7798e]]'.
2022-02-08 22:07:06.922 -05:00 [INF] Executed action Api.Controllers.MenuItemController.GetByRole (Api) in 17.1582ms
2022-02-08 22:07:06.924 -05:00 [INF] Executed endpoint 'Api.Controllers.MenuItemController.GetByRole (Api)'
2022-02-08 22:07:06.926 -05:00 [INF] Response:
StatusCode: 200
Content-Type: application/json; charset=utf-8
Date: Wed, 09 Feb 2022 03:07:06 GMT
Server: Kestrel
Access-Control-Allow-Origin: [Redacted]
2022-02-08 22:07:06.928 -05:00 [INF] Request finished HTTP/2 GET https://localhost:7150/api/MenuItem/GetByRole/10000001-0001-0001-0001-000000000001 - - - 200 - application/json;+charset=utf-8 53.6472ms
2022-02-08 22:07:14.470 -05:00 [INF] Request starting HTTP/2 GET https://localhost:7150/api/BrandInfo/GetBrandInfo - -
2022-02-08 22:07:14.473 -05:00 [INF] CORS policy execution successful.
2022-02-08 22:07:14.474 -05:00 [INF] Request starting HTTP/2 GET https://localhost:7150/api/MenuItem/GetByRole/10000001-0001-0001-0001-000000000001 - -
2022-02-08 22:07:14.474 -05:00 [INF] Request:
Protocol: HTTP/2
Method: GET
Scheme: https
PathBase: 
Path: /api/BrandInfo/GetBrandInfo
Accept: application/json, text/plain, */*
Host: localhost:7150
User-Agent: Mozilla/5.0 (Windows NT 10.0; Win64; x64) AppleWebKit/537.36 (KHTML, like Gecko) Chrome/98.0.4758.80 Safari/537.36 Edg/98.0.1108.43
:method: [Redacted]
Accept-Encoding: gzip, deflate, br
Accept-Language: es,es-ES;q=0.9,en;q=0.8,en-GB;q=0.7,en-US;q=0.6
Origin: [Redacted]
Referer: [Redacted]
sec-ch-ua: [Redacted]
sec-ch-ua-mobile: [Redacted]
sec-ch-ua-platform: [Redacted]
sec-fetch-site: [Redacted]
sec-fetch-mode: [Redacted]
sec-fetch-dest: [Redacted]
2022-02-08 22:07:14.476 -05:00 [INF] CORS policy execution successful.
2022-02-08 22:07:14.480 -05:00 [INF] Response:
StatusCode: 404
2022-02-08 22:07:14.481 -05:00 [INF] Request:
Protocol: HTTP/2
Method: GET
Scheme: https
PathBase: 
Path: /api/MenuItem/GetByRole/10000001-0001-0001-0001-000000000001
Accept: application/json, text/plain, */*
Host: localhost:7150
User-Agent: Mozilla/5.0 (Windows NT 10.0; Win64; x64) AppleWebKit/537.36 (KHTML, like Gecko) Chrome/98.0.4758.80 Safari/537.36 Edg/98.0.1108.43
:method: [Redacted]
Accept-Encoding: gzip, deflate, br
Accept-Language: es,es-ES;q=0.9,en;q=0.8,en-GB;q=0.7,en-US;q=0.6
Origin: [Redacted]
Referer: [Redacted]
sec-ch-ua: [Redacted]
sec-ch-ua-mobile: [Redacted]
sec-ch-ua-platform: [Redacted]
sec-fetch-site: [Redacted]
sec-fetch-mode: [Redacted]
sec-fetch-dest: [Redacted]
2022-02-08 22:07:14.486 -05:00 [INF] Executing endpoint 'Api.Controllers.MenuItemController.GetByRole (Api)'
2022-02-08 22:07:14.488 -05:00 [INF] Route matched with {action = "GetByRole", controller = "MenuItem"}. Executing controller action with signature System.Threading.Tasks.Task`1[Microsoft.AspNetCore.Mvc.ActionResult`1[Application.Utilities.Response`1[System.Collections.Generic.IEnumerable`1[Application.Config.MenuItem.Dto.MenuItemDto]]]] GetByRole(System.Guid) on controller Api.Controllers.MenuItemController (Api).
2022-02-08 22:07:14.486 -05:00 [INF] Request finished HTTP/2 GET https://localhost:7150/api/BrandInfo/GetBrandInfo - - - 404 0 - 13.9526ms
2022-02-08 22:07:14.491 -05:00 [INF] Entity Framework Core 5.0.10 initialized 'PersistenceContext' using provider 'Microsoft.EntityFrameworkCore.SqlServer' with options: MigrationsHistoryTable=Library._MigrationHistory 
2022-02-08 22:07:14.499 -05:00 [INF] Executed DbCommand (1ms) [Parameters=[@__roleId_0='?' (DbType = Guid)], CommandType='"Text"', CommandTimeout='30']
SELECT [m].[Id], [m].[CreatedBy], [m].[CreatedOn], [m].[IconClass], [m].[LastModifiedOn], [m].[RoleId], [m].[Route], [m].[Status], [m].[Title], [m].[UpdatedBy], [r].[Id], [r].[CreatedBy], [r].[CreatedOn], [r].[Description], [r].[LastModifiedOn], [r].[RoleName], [r].[Status], [r].[UpdatedBy]
FROM [Library].[MenuItem] AS [m]
LEFT JOIN [Library].[Role] AS [r] ON [m].[RoleId] = [r].[Id]
WHERE [r].[Id] = @__roleId_0
2022-02-08 22:07:14.505 -05:00 [INF] Executing ObjectResult, writing value of type 'Application.Utilities.Response`1[[System.Collections.Generic.IEnumerable`1[[Application.Config.MenuItem.Dto.MenuItemDto, Application, Version=1.0.0.0, Culture=neutral, PublicKeyToken=null]], System.Private.CoreLib, Version=6.0.0.0, Culture=neutral, PublicKeyToken=7cec85d7bea7798e]]'.
2022-02-08 22:07:14.531 -05:00 [INF] Executed action Api.Controllers.MenuItemController.GetByRole (Api) in 40.0344ms
2022-02-08 22:07:14.532 -05:00 [INF] Executed endpoint 'Api.Controllers.MenuItemController.GetByRole (Api)'
2022-02-08 22:07:14.533 -05:00 [INF] Response:
StatusCode: 200
Content-Type: application/json; charset=utf-8
Date: Wed, 09 Feb 2022 03:07:13 GMT
Server: Kestrel
Access-Control-Allow-Origin: [Redacted]
2022-02-08 22:07:14.536 -05:00 [INF] Request finished HTTP/2 GET https://localhost:7150/api/MenuItem/GetByRole/10000001-0001-0001-0001-000000000001 - - - 200 - application/json;+charset=utf-8 61.5772ms
2022-02-08 22:08:47.757 -05:00 [INF] Request starting HTTP/2 GET https://localhost:7150/api/BrandInfo/GetBrandInfo - -
2022-02-08 22:08:47.759 -05:00 [INF] CORS policy execution successful.
2022-02-08 22:08:47.760 -05:00 [INF] Request:
Protocol: HTTP/2
Method: GET
Scheme: https
PathBase: 
Path: /api/BrandInfo/GetBrandInfo
Accept: application/json, text/plain, */*
Host: localhost:7150
User-Agent: Mozilla/5.0 (Windows NT 10.0; Win64; x64) AppleWebKit/537.36 (KHTML, like Gecko) Chrome/98.0.4758.80 Safari/537.36 Edg/98.0.1108.43
:method: [Redacted]
Accept-Encoding: gzip, deflate, br
Accept-Language: es,es-ES;q=0.9,en;q=0.8,en-GB;q=0.7,en-US;q=0.6
Origin: [Redacted]
Referer: [Redacted]
sec-ch-ua: [Redacted]
sec-ch-ua-mobile: [Redacted]
sec-ch-ua-platform: [Redacted]
sec-fetch-site: [Redacted]
sec-fetch-mode: [Redacted]
sec-fetch-dest: [Redacted]
2022-02-08 22:08:47.764 -05:00 [INF] Response:
StatusCode: 404
2022-02-08 22:08:47.764 -05:00 [INF] Request starting HTTP/2 GET https://localhost:7150/api/MenuItem/GetByRole/10000001-0001-0001-0001-000000000001 - -
2022-02-08 22:08:47.766 -05:00 [INF] Request finished HTTP/2 GET https://localhost:7150/api/BrandInfo/GetBrandInfo - - - 404 0 - 8.7150ms
2022-02-08 22:08:47.767 -05:00 [INF] CORS policy execution successful.
2022-02-08 22:08:47.769 -05:00 [INF] Request:
Protocol: HTTP/2
Method: GET
Scheme: https
PathBase: 
Path: /api/MenuItem/GetByRole/10000001-0001-0001-0001-000000000001
Accept: application/json, text/plain, */*
Host: localhost:7150
User-Agent: Mozilla/5.0 (Windows NT 10.0; Win64; x64) AppleWebKit/537.36 (KHTML, like Gecko) Chrome/98.0.4758.80 Safari/537.36 Edg/98.0.1108.43
:method: [Redacted]
Accept-Encoding: gzip, deflate, br
Accept-Language: es,es-ES;q=0.9,en;q=0.8,en-GB;q=0.7,en-US;q=0.6
Origin: [Redacted]
Referer: [Redacted]
sec-ch-ua: [Redacted]
sec-ch-ua-mobile: [Redacted]
sec-ch-ua-platform: [Redacted]
sec-fetch-site: [Redacted]
sec-fetch-mode: [Redacted]
sec-fetch-dest: [Redacted]
2022-02-08 22:08:47.773 -05:00 [INF] Executing endpoint 'Api.Controllers.MenuItemController.GetByRole (Api)'
2022-02-08 22:08:47.774 -05:00 [INF] Route matched with {action = "GetByRole", controller = "MenuItem"}. Executing controller action with signature System.Threading.Tasks.Task`1[Microsoft.AspNetCore.Mvc.ActionResult`1[Application.Utilities.Response`1[System.Collections.Generic.IEnumerable`1[Application.Config.MenuItem.Dto.MenuItemDto]]]] GetByRole(System.Guid) on controller Api.Controllers.MenuItemController (Api).
2022-02-08 22:08:47.777 -05:00 [INF] Entity Framework Core 5.0.10 initialized 'PersistenceContext' using provider 'Microsoft.EntityFrameworkCore.SqlServer' with options: MigrationsHistoryTable=Library._MigrationHistory 
2022-02-08 22:08:47.786 -05:00 [INF] Executed DbCommand (5ms) [Parameters=[@__roleId_0='?' (DbType = Guid)], CommandType='"Text"', CommandTimeout='30']
SELECT [m].[Id], [m].[CreatedBy], [m].[CreatedOn], [m].[IconClass], [m].[LastModifiedOn], [m].[RoleId], [m].[Route], [m].[Status], [m].[Title], [m].[UpdatedBy], [r].[Id], [r].[CreatedBy], [r].[CreatedOn], [r].[Description], [r].[LastModifiedOn], [r].[RoleName], [r].[Status], [r].[UpdatedBy]
FROM [Library].[MenuItem] AS [m]
LEFT JOIN [Library].[Role] AS [r] ON [m].[RoleId] = [r].[Id]
WHERE [r].[Id] = @__roleId_0
2022-02-08 22:08:47.791 -05:00 [INF] Executing ObjectResult, writing value of type 'Application.Utilities.Response`1[[System.Collections.Generic.IEnumerable`1[[Application.Config.MenuItem.Dto.MenuItemDto, Application, Version=1.0.0.0, Culture=neutral, PublicKeyToken=null]], System.Private.CoreLib, Version=6.0.0.0, Culture=neutral, PublicKeyToken=7cec85d7bea7798e]]'.
2022-02-08 22:08:47.793 -05:00 [INF] Executed action Api.Controllers.MenuItemController.GetByRole (Api) in 16.5388ms
2022-02-08 22:08:47.795 -05:00 [INF] Executed endpoint 'Api.Controllers.MenuItemController.GetByRole (Api)'
2022-02-08 22:08:47.796 -05:00 [INF] Response:
StatusCode: 200
Content-Type: application/json; charset=utf-8
Date: Wed, 09 Feb 2022 03:08:47 GMT
Server: Kestrel
Access-Control-Allow-Origin: [Redacted]
2022-02-08 22:08:47.798 -05:00 [INF] Request finished HTTP/2 GET https://localhost:7150/api/MenuItem/GetByRole/10000001-0001-0001-0001-000000000001 - - - 200 - application/json;+charset=utf-8 33.5051ms
2022-02-08 22:09:09.390 -05:00 [INF] Request starting HTTP/2 GET https://localhost:7150/api/BrandInfo/GetBrandInfo - -
2022-02-08 22:09:09.392 -05:00 [INF] CORS policy execution successful.
2022-02-08 22:09:09.394 -05:00 [INF] Request starting HTTP/2 GET https://localhost:7150/api/MenuItem/GetByRole/10000001-0001-0001-0001-000000000001 - -
2022-02-08 22:09:09.396 -05:00 [INF] Request:
Protocol: HTTP/2
Method: GET
Scheme: https
PathBase: 
Path: /api/BrandInfo/GetBrandInfo
Accept: application/json, text/plain, */*
Host: localhost:7150
User-Agent: Mozilla/5.0 (Windows NT 10.0; Win64; x64) AppleWebKit/537.36 (KHTML, like Gecko) Chrome/98.0.4758.80 Safari/537.36 Edg/98.0.1108.43
:method: [Redacted]
Accept-Encoding: gzip, deflate, br
Accept-Language: es,es-ES;q=0.9,en;q=0.8,en-GB;q=0.7,en-US;q=0.6
Origin: [Redacted]
Referer: [Redacted]
sec-ch-ua: [Redacted]
sec-ch-ua-mobile: [Redacted]
sec-ch-ua-platform: [Redacted]
sec-fetch-site: [Redacted]
sec-fetch-mode: [Redacted]
sec-fetch-dest: [Redacted]
2022-02-08 22:09:09.397 -05:00 [INF] CORS policy execution successful.
2022-02-08 22:09:09.405 -05:00 [INF] Request:
Protocol: HTTP/2
Method: GET
Scheme: https
PathBase: 
Path: /api/MenuItem/GetByRole/10000001-0001-0001-0001-000000000001
Accept: application/json, text/plain, */*
Host: localhost:7150
User-Agent: Mozilla/5.0 (Windows NT 10.0; Win64; x64) AppleWebKit/537.36 (KHTML, like Gecko) Chrome/98.0.4758.80 Safari/537.36 Edg/98.0.1108.43
:method: [Redacted]
Accept-Encoding: gzip, deflate, br
Accept-Language: es,es-ES;q=0.9,en;q=0.8,en-GB;q=0.7,en-US;q=0.6
Origin: [Redacted]
Referer: [Redacted]
sec-ch-ua: [Redacted]
sec-ch-ua-mobile: [Redacted]
sec-ch-ua-platform: [Redacted]
sec-fetch-site: [Redacted]
sec-fetch-mode: [Redacted]
sec-fetch-dest: [Redacted]
2022-02-08 22:09:09.405 -05:00 [INF] Response:
StatusCode: 404
2022-02-08 22:09:09.410 -05:00 [INF] Executing endpoint 'Api.Controllers.MenuItemController.GetByRole (Api)'
2022-02-08 22:09:09.413 -05:00 [INF] Request finished HTTP/2 GET https://localhost:7150/api/BrandInfo/GetBrandInfo - - - 404 0 - 22.9786ms
2022-02-08 22:09:09.414 -05:00 [INF] Route matched with {action = "GetByRole", controller = "MenuItem"}. Executing controller action with signature System.Threading.Tasks.Task`1[Microsoft.AspNetCore.Mvc.ActionResult`1[Application.Utilities.Response`1[System.Collections.Generic.IEnumerable`1[Application.Config.MenuItem.Dto.MenuItemDto]]]] GetByRole(System.Guid) on controller Api.Controllers.MenuItemController (Api).
2022-02-08 22:09:09.421 -05:00 [INF] Entity Framework Core 5.0.10 initialized 'PersistenceContext' using provider 'Microsoft.EntityFrameworkCore.SqlServer' with options: MigrationsHistoryTable=Library._MigrationHistory 
2022-02-08 22:09:09.427 -05:00 [INF] Executed DbCommand (1ms) [Parameters=[@__roleId_0='?' (DbType = Guid)], CommandType='"Text"', CommandTimeout='30']
SELECT [m].[Id], [m].[CreatedBy], [m].[CreatedOn], [m].[IconClass], [m].[LastModifiedOn], [m].[RoleId], [m].[Route], [m].[Status], [m].[Title], [m].[UpdatedBy], [r].[Id], [r].[CreatedBy], [r].[CreatedOn], [r].[Description], [r].[LastModifiedOn], [r].[RoleName], [r].[Status], [r].[UpdatedBy]
FROM [Library].[MenuItem] AS [m]
LEFT JOIN [Library].[Role] AS [r] ON [m].[RoleId] = [r].[Id]
WHERE [r].[Id] = @__roleId_0
2022-02-08 22:09:09.431 -05:00 [INF] Executing ObjectResult, writing value of type 'Application.Utilities.Response`1[[System.Collections.Generic.IEnumerable`1[[Application.Config.MenuItem.Dto.MenuItemDto, Application, Version=1.0.0.0, Culture=neutral, PublicKeyToken=null]], System.Private.CoreLib, Version=6.0.0.0, Culture=neutral, PublicKeyToken=7cec85d7bea7798e]]'.
2022-02-08 22:09:09.434 -05:00 [INF] Executed action Api.Controllers.MenuItemController.GetByRole (Api) in 12.9228ms
2022-02-08 22:09:09.436 -05:00 [INF] Executed endpoint 'Api.Controllers.MenuItemController.GetByRole (Api)'
2022-02-08 22:09:09.440 -05:00 [INF] Response:
StatusCode: 200
Content-Type: application/json; charset=utf-8
Date: Wed, 09 Feb 2022 03:09:08 GMT
Server: Kestrel
Access-Control-Allow-Origin: [Redacted]
2022-02-08 22:09:09.443 -05:00 [INF] Request finished HTTP/2 GET https://localhost:7150/api/MenuItem/GetByRole/10000001-0001-0001-0001-000000000001 - - - 200 - application/json;+charset=utf-8 48.7617ms
2022-02-08 22:09:31.175 -05:00 [INF] Request starting HTTP/2 GET https://localhost:7150/api/BrandInfo/GetBrandInfo - -
2022-02-08 22:09:31.177 -05:00 [INF] CORS policy execution successful.
2022-02-08 22:09:31.178 -05:00 [INF] Request starting HTTP/2 GET https://localhost:7150/api/MenuItem/GetByRole/10000001-0001-0001-0001-000000000001 - -
2022-02-08 22:09:31.180 -05:00 [INF] Request:
Protocol: HTTP/2
Method: GET
Scheme: https
PathBase: 
Path: /api/BrandInfo/GetBrandInfo
Accept: application/json, text/plain, */*
Host: localhost:7150
User-Agent: Mozilla/5.0 (Windows NT 10.0; Win64; x64) AppleWebKit/537.36 (KHTML, like Gecko) Chrome/98.0.4758.80 Safari/537.36 Edg/98.0.1108.43
:method: [Redacted]
Accept-Encoding: gzip, deflate, br
Accept-Language: es,es-ES;q=0.9,en;q=0.8,en-GB;q=0.7,en-US;q=0.6
Origin: [Redacted]
Referer: [Redacted]
sec-ch-ua: [Redacted]
sec-ch-ua-mobile: [Redacted]
sec-ch-ua-platform: [Redacted]
sec-fetch-site: [Redacted]
sec-fetch-mode: [Redacted]
sec-fetch-dest: [Redacted]
2022-02-08 22:09:31.181 -05:00 [INF] CORS policy execution successful.
2022-02-08 22:09:31.185 -05:00 [INF] Response:
StatusCode: 404
2022-02-08 22:09:31.186 -05:00 [INF] Request:
Protocol: HTTP/2
Method: GET
Scheme: https
PathBase: 
Path: /api/MenuItem/GetByRole/10000001-0001-0001-0001-000000000001
Accept: application/json, text/plain, */*
Host: localhost:7150
User-Agent: Mozilla/5.0 (Windows NT 10.0; Win64; x64) AppleWebKit/537.36 (KHTML, like Gecko) Chrome/98.0.4758.80 Safari/537.36 Edg/98.0.1108.43
:method: [Redacted]
Accept-Encoding: gzip, deflate, br
Accept-Language: es,es-ES;q=0.9,en;q=0.8,en-GB;q=0.7,en-US;q=0.6
Origin: [Redacted]
Referer: [Redacted]
sec-ch-ua: [Redacted]
sec-ch-ua-mobile: [Redacted]
sec-ch-ua-platform: [Redacted]
sec-fetch-site: [Redacted]
sec-fetch-mode: [Redacted]
sec-fetch-dest: [Redacted]
2022-02-08 22:09:31.187 -05:00 [INF] Request finished HTTP/2 GET https://localhost:7150/api/BrandInfo/GetBrandInfo - - - 404 0 - 11.9025ms
2022-02-08 22:09:31.191 -05:00 [INF] Executing endpoint 'Api.Controllers.MenuItemController.GetByRole (Api)'
2022-02-08 22:09:31.193 -05:00 [INF] Route matched with {action = "GetByRole", controller = "MenuItem"}. Executing controller action with signature System.Threading.Tasks.Task`1[Microsoft.AspNetCore.Mvc.ActionResult`1[Application.Utilities.Response`1[System.Collections.Generic.IEnumerable`1[Application.Config.MenuItem.Dto.MenuItemDto]]]] GetByRole(System.Guid) on controller Api.Controllers.MenuItemController (Api).
2022-02-08 22:09:31.197 -05:00 [INF] Entity Framework Core 5.0.10 initialized 'PersistenceContext' using provider 'Microsoft.EntityFrameworkCore.SqlServer' with options: MigrationsHistoryTable=Library._MigrationHistory 
2022-02-08 22:09:31.202 -05:00 [INF] Executed DbCommand (1ms) [Parameters=[@__roleId_0='?' (DbType = Guid)], CommandType='"Text"', CommandTimeout='30']
SELECT [m].[Id], [m].[CreatedBy], [m].[CreatedOn], [m].[IconClass], [m].[LastModifiedOn], [m].[RoleId], [m].[Route], [m].[Status], [m].[Title], [m].[UpdatedBy], [r].[Id], [r].[CreatedBy], [r].[CreatedOn], [r].[Description], [r].[LastModifiedOn], [r].[RoleName], [r].[Status], [r].[UpdatedBy]
FROM [Library].[MenuItem] AS [m]
LEFT JOIN [Library].[Role] AS [r] ON [m].[RoleId] = [r].[Id]
WHERE [r].[Id] = @__roleId_0
2022-02-08 22:09:31.206 -05:00 [INF] Executing ObjectResult, writing value of type 'Application.Utilities.Response`1[[System.Collections.Generic.IEnumerable`1[[Application.Config.MenuItem.Dto.MenuItemDto, Application, Version=1.0.0.0, Culture=neutral, PublicKeyToken=null]], System.Private.CoreLib, Version=6.0.0.0, Culture=neutral, PublicKeyToken=7cec85d7bea7798e]]'.
2022-02-08 22:09:31.209 -05:00 [INF] Executed action Api.Controllers.MenuItemController.GetByRole (Api) in 12.5326ms
2022-02-08 22:09:31.213 -05:00 [INF] Executed endpoint 'Api.Controllers.MenuItemController.GetByRole (Api)'
2022-02-08 22:09:31.222 -05:00 [INF] Response:
StatusCode: 200
Content-Type: application/json; charset=utf-8
Date: Wed, 09 Feb 2022 03:09:30 GMT
Server: Kestrel
Access-Control-Allow-Origin: [Redacted]
2022-02-08 22:09:31.233 -05:00 [INF] Request finished HTTP/2 GET https://localhost:7150/api/MenuItem/GetByRole/10000001-0001-0001-0001-000000000001 - - - 200 - application/json;+charset=utf-8 54.9980ms
2022-02-08 22:09:38.899 -05:00 [INF] Request starting HTTP/2 GET https://localhost:7150/api/BrandInfo/GetBrandInfo - -
2022-02-08 22:09:38.899 -05:00 [INF] Request starting HTTP/2 GET https://localhost:7150/api/MenuItem/GetByRole/10000001-0001-0001-0001-000000000001 - -
2022-02-08 22:09:38.902 -05:00 [INF] CORS policy execution successful.
2022-02-08 22:09:38.903 -05:00 [INF] CORS policy execution successful.
2022-02-08 22:09:38.906 -05:00 [INF] Request:
Protocol: HTTP/2
Method: GET
Scheme: https
PathBase: 
Path: /api/BrandInfo/GetBrandInfo
Accept: application/json, text/plain, */*
Host: localhost:7150
User-Agent: Mozilla/5.0 (Windows NT 10.0; Win64; x64) AppleWebKit/537.36 (KHTML, like Gecko) Chrome/98.0.4758.80 Safari/537.36 Edg/98.0.1108.43
:method: [Redacted]
Accept-Encoding: gzip, deflate, br
Accept-Language: es,es-ES;q=0.9,en;q=0.8,en-GB;q=0.7,en-US;q=0.6
Origin: [Redacted]
Referer: [Redacted]
sec-ch-ua: [Redacted]
sec-ch-ua-mobile: [Redacted]
sec-ch-ua-platform: [Redacted]
sec-fetch-site: [Redacted]
sec-fetch-mode: [Redacted]
sec-fetch-dest: [Redacted]
2022-02-08 22:09:38.906 -05:00 [INF] Request:
Protocol: HTTP/2
Method: GET
Scheme: https
PathBase: 
Path: /api/MenuItem/GetByRole/10000001-0001-0001-0001-000000000001
Accept: application/json, text/plain, */*
Host: localhost:7150
User-Agent: Mozilla/5.0 (Windows NT 10.0; Win64; x64) AppleWebKit/537.36 (KHTML, like Gecko) Chrome/98.0.4758.80 Safari/537.36 Edg/98.0.1108.43
:method: [Redacted]
Accept-Encoding: gzip, deflate, br
Accept-Language: es,es-ES;q=0.9,en;q=0.8,en-GB;q=0.7,en-US;q=0.6
Origin: [Redacted]
Referer: [Redacted]
sec-ch-ua: [Redacted]
sec-ch-ua-mobile: [Redacted]
sec-ch-ua-platform: [Redacted]
sec-fetch-site: [Redacted]
sec-fetch-mode: [Redacted]
sec-fetch-dest: [Redacted]
2022-02-08 22:09:38.914 -05:00 [INF] Response:
StatusCode: 404
2022-02-08 22:09:38.918 -05:00 [INF] Executing endpoint 'Api.Controllers.MenuItemController.GetByRole (Api)'
2022-02-08 22:09:38.920 -05:00 [INF] Request finished HTTP/2 GET https://localhost:7150/api/BrandInfo/GetBrandInfo - - - 404 0 - 21.2930ms
2022-02-08 22:09:38.923 -05:00 [INF] Route matched with {action = "GetByRole", controller = "MenuItem"}. Executing controller action with signature System.Threading.Tasks.Task`1[Microsoft.AspNetCore.Mvc.ActionResult`1[Application.Utilities.Response`1[System.Collections.Generic.IEnumerable`1[Application.Config.MenuItem.Dto.MenuItemDto]]]] GetByRole(System.Guid) on controller Api.Controllers.MenuItemController (Api).
2022-02-08 22:09:38.931 -05:00 [INF] Entity Framework Core 5.0.10 initialized 'PersistenceContext' using provider 'Microsoft.EntityFrameworkCore.SqlServer' with options: MigrationsHistoryTable=Library._MigrationHistory 
2022-02-08 22:09:38.942 -05:00 [INF] Executed DbCommand (6ms) [Parameters=[@__roleId_0='?' (DbType = Guid)], CommandType='"Text"', CommandTimeout='30']
SELECT [m].[Id], [m].[CreatedBy], [m].[CreatedOn], [m].[IconClass], [m].[LastModifiedOn], [m].[RoleId], [m].[Route], [m].[Status], [m].[Title], [m].[UpdatedBy], [r].[Id], [r].[CreatedBy], [r].[CreatedOn], [r].[Description], [r].[LastModifiedOn], [r].[RoleName], [r].[Status], [r].[UpdatedBy]
FROM [Library].[MenuItem] AS [m]
LEFT JOIN [Library].[Role] AS [r] ON [m].[RoleId] = [r].[Id]
WHERE [r].[Id] = @__roleId_0
2022-02-08 22:09:38.954 -05:00 [INF] Executing ObjectResult, writing value of type 'Application.Utilities.Response`1[[System.Collections.Generic.IEnumerable`1[[Application.Config.MenuItem.Dto.MenuItemDto, Application, Version=1.0.0.0, Culture=neutral, PublicKeyToken=null]], System.Private.CoreLib, Version=6.0.0.0, Culture=neutral, PublicKeyToken=7cec85d7bea7798e]]'.
2022-02-08 22:09:38.960 -05:00 [INF] Executed action Api.Controllers.MenuItemController.GetByRole (Api) in 30.0334ms
2022-02-08 22:09:38.962 -05:00 [INF] Executed endpoint 'Api.Controllers.MenuItemController.GetByRole (Api)'
2022-02-08 22:09:38.964 -05:00 [INF] Response:
StatusCode: 200
Content-Type: application/json; charset=utf-8
Date: Wed, 09 Feb 2022 03:09:38 GMT
Server: Kestrel
Access-Control-Allow-Origin: [Redacted]
2022-02-08 22:09:38.968 -05:00 [INF] Request finished HTTP/2 GET https://localhost:7150/api/MenuItem/GetByRole/10000001-0001-0001-0001-000000000001 - - - 200 - application/json;+charset=utf-8 68.3472ms
2022-02-08 22:09:48.921 -05:00 [INF] Request starting HTTP/2 GET https://localhost:7150/api/BrandInfo/GetBrandInfo - -
2022-02-08 22:09:48.923 -05:00 [INF] CORS policy execution successful.
2022-02-08 22:09:48.924 -05:00 [INF] Request:
Protocol: HTTP/2
Method: GET
Scheme: https
PathBase: 
Path: /api/BrandInfo/GetBrandInfo
Accept: application/json, text/plain, */*
Host: localhost:7150
User-Agent: Mozilla/5.0 (Windows NT 10.0; Win64; x64) AppleWebKit/537.36 (KHTML, like Gecko) Chrome/98.0.4758.80 Safari/537.36 Edg/98.0.1108.43
:method: [Redacted]
Accept-Encoding: gzip, deflate, br
Accept-Language: es,es-ES;q=0.9,en;q=0.8,en-GB;q=0.7,en-US;q=0.6
Origin: [Redacted]
Referer: [Redacted]
sec-ch-ua: [Redacted]
sec-ch-ua-mobile: [Redacted]
sec-ch-ua-platform: [Redacted]
sec-fetch-site: [Redacted]
sec-fetch-mode: [Redacted]
sec-fetch-dest: [Redacted]
2022-02-08 22:09:48.926 -05:00 [INF] Request starting HTTP/2 GET https://localhost:7150/api/MenuItem/GetByRole/10000001-0001-0001-0001-000000000001 - -
2022-02-08 22:09:48.929 -05:00 [INF] Response:
StatusCode: 404
2022-02-08 22:09:48.931 -05:00 [INF] CORS policy execution successful.
2022-02-08 22:09:48.933 -05:00 [INF] Request finished HTTP/2 GET https://localhost:7150/api/BrandInfo/GetBrandInfo - - - 404 0 - 11.1787ms
2022-02-08 22:09:48.934 -05:00 [INF] Request:
Protocol: HTTP/2
Method: GET
Scheme: https
PathBase: 
Path: /api/MenuItem/GetByRole/10000001-0001-0001-0001-000000000001
Accept: application/json, text/plain, */*
Host: localhost:7150
User-Agent: Mozilla/5.0 (Windows NT 10.0; Win64; x64) AppleWebKit/537.36 (KHTML, like Gecko) Chrome/98.0.4758.80 Safari/537.36 Edg/98.0.1108.43
:method: [Redacted]
Accept-Encoding: gzip, deflate, br
Accept-Language: es,es-ES;q=0.9,en;q=0.8,en-GB;q=0.7,en-US;q=0.6
Origin: [Redacted]
Referer: [Redacted]
sec-ch-ua: [Redacted]
sec-ch-ua-mobile: [Redacted]
sec-ch-ua-platform: [Redacted]
sec-fetch-site: [Redacted]
sec-fetch-mode: [Redacted]
sec-fetch-dest: [Redacted]
2022-02-08 22:09:48.938 -05:00 [INF] Executing endpoint 'Api.Controllers.MenuItemController.GetByRole (Api)'
2022-02-08 22:09:48.940 -05:00 [INF] Route matched with {action = "GetByRole", controller = "MenuItem"}. Executing controller action with signature System.Threading.Tasks.Task`1[Microsoft.AspNetCore.Mvc.ActionResult`1[Application.Utilities.Response`1[System.Collections.Generic.IEnumerable`1[Application.Config.MenuItem.Dto.MenuItemDto]]]] GetByRole(System.Guid) on controller Api.Controllers.MenuItemController (Api).
2022-02-08 22:09:48.952 -05:00 [INF] Entity Framework Core 5.0.10 initialized 'PersistenceContext' using provider 'Microsoft.EntityFrameworkCore.SqlServer' with options: MigrationsHistoryTable=Library._MigrationHistory 
2022-02-08 22:09:48.989 -05:00 [INF] Executed DbCommand (7ms) [Parameters=[@__roleId_0='?' (DbType = Guid)], CommandType='"Text"', CommandTimeout='30']
SELECT [m].[Id], [m].[CreatedBy], [m].[CreatedOn], [m].[IconClass], [m].[LastModifiedOn], [m].[RoleId], [m].[Route], [m].[Status], [m].[Title], [m].[UpdatedBy], [r].[Id], [r].[CreatedBy], [r].[CreatedOn], [r].[Description], [r].[LastModifiedOn], [r].[RoleName], [r].[Status], [r].[UpdatedBy]
FROM [Library].[MenuItem] AS [m]
LEFT JOIN [Library].[Role] AS [r] ON [m].[RoleId] = [r].[Id]
WHERE [r].[Id] = @__roleId_0
2022-02-08 22:09:48.998 -05:00 [INF] Executing ObjectResult, writing value of type 'Application.Utilities.Response`1[[System.Collections.Generic.IEnumerable`1[[Application.Config.MenuItem.Dto.MenuItemDto, Application, Version=1.0.0.0, Culture=neutral, PublicKeyToken=null]], System.Private.CoreLib, Version=6.0.0.0, Culture=neutral, PublicKeyToken=7cec85d7bea7798e]]'.
2022-02-08 22:09:49.002 -05:00 [INF] Executed action Api.Controllers.MenuItemController.GetByRole (Api) in 58.654ms
2022-02-08 22:09:49.004 -05:00 [INF] Executed endpoint 'Api.Controllers.MenuItemController.GetByRole (Api)'
2022-02-08 22:09:49.007 -05:00 [INF] Response:
StatusCode: 200
Content-Type: application/json; charset=utf-8
Date: Wed, 09 Feb 2022 03:09:48 GMT
Server: Kestrel
Access-Control-Allow-Origin: [Redacted]
2022-02-08 22:09:49.011 -05:00 [INF] Request finished HTTP/2 GET https://localhost:7150/api/MenuItem/GetByRole/10000001-0001-0001-0001-000000000001 - - - 200 - application/json;+charset=utf-8 84.3880ms
2022-02-08 22:09:50.165 -05:00 [INF] Request starting HTTP/2 GET https://localhost:7150/api/BrandInfo/GetBrandInfo - -
2022-02-08 22:09:50.167 -05:00 [INF] CORS policy execution successful.
2022-02-08 22:09:50.169 -05:00 [INF] Request starting HTTP/2 GET https://localhost:7150/api/MenuItem/GetByRole/10000001-0001-0001-0001-000000000001 - -
2022-02-08 22:09:50.169 -05:00 [INF] Request:
Protocol: HTTP/2
Method: GET
Scheme: https
PathBase: 
Path: /api/BrandInfo/GetBrandInfo
Accept: application/json, text/plain, */*
Host: localhost:7150
User-Agent: Mozilla/5.0 (Windows NT 10.0; Win64; x64) AppleWebKit/537.36 (KHTML, like Gecko) Chrome/98.0.4758.80 Safari/537.36 Edg/98.0.1108.43
:method: [Redacted]
Accept-Encoding: gzip, deflate, br
Accept-Language: es,es-ES;q=0.9,en;q=0.8,en-GB;q=0.7,en-US;q=0.6
Origin: [Redacted]
Referer: [Redacted]
sec-ch-ua: [Redacted]
sec-ch-ua-mobile: [Redacted]
sec-ch-ua-platform: [Redacted]
sec-fetch-site: [Redacted]
sec-fetch-mode: [Redacted]
sec-fetch-dest: [Redacted]
2022-02-08 22:09:50.170 -05:00 [INF] CORS policy execution successful.
2022-02-08 22:09:50.174 -05:00 [INF] Response:
StatusCode: 404
2022-02-08 22:09:50.175 -05:00 [INF] Request:
Protocol: HTTP/2
Method: GET
Scheme: https
PathBase: 
Path: /api/MenuItem/GetByRole/10000001-0001-0001-0001-000000000001
Accept: application/json, text/plain, */*
Host: localhost:7150
User-Agent: Mozilla/5.0 (Windows NT 10.0; Win64; x64) AppleWebKit/537.36 (KHTML, like Gecko) Chrome/98.0.4758.80 Safari/537.36 Edg/98.0.1108.43
:method: [Redacted]
Accept-Encoding: gzip, deflate, br
Accept-Language: es,es-ES;q=0.9,en;q=0.8,en-GB;q=0.7,en-US;q=0.6
Origin: [Redacted]
Referer: [Redacted]
sec-ch-ua: [Redacted]
sec-ch-ua-mobile: [Redacted]
sec-ch-ua-platform: [Redacted]
sec-fetch-site: [Redacted]
sec-fetch-mode: [Redacted]
sec-fetch-dest: [Redacted]
2022-02-08 22:09:50.176 -05:00 [INF] Request finished HTTP/2 GET https://localhost:7150/api/BrandInfo/GetBrandInfo - - - 404 0 - 11.2211ms
2022-02-08 22:09:50.180 -05:00 [INF] Executing endpoint 'Api.Controllers.MenuItemController.GetByRole (Api)'
2022-02-08 22:09:50.183 -05:00 [INF] Route matched with {action = "GetByRole", controller = "MenuItem"}. Executing controller action with signature System.Threading.Tasks.Task`1[Microsoft.AspNetCore.Mvc.ActionResult`1[Application.Utilities.Response`1[System.Collections.Generic.IEnumerable`1[Application.Config.MenuItem.Dto.MenuItemDto]]]] GetByRole(System.Guid) on controller Api.Controllers.MenuItemController (Api).
2022-02-08 22:09:50.187 -05:00 [INF] Entity Framework Core 5.0.10 initialized 'PersistenceContext' using provider 'Microsoft.EntityFrameworkCore.SqlServer' with options: MigrationsHistoryTable=Library._MigrationHistory 
2022-02-08 22:09:50.192 -05:00 [INF] Executed DbCommand (1ms) [Parameters=[@__roleId_0='?' (DbType = Guid)], CommandType='"Text"', CommandTimeout='30']
SELECT [m].[Id], [m].[CreatedBy], [m].[CreatedOn], [m].[IconClass], [m].[LastModifiedOn], [m].[RoleId], [m].[Route], [m].[Status], [m].[Title], [m].[UpdatedBy], [r].[Id], [r].[CreatedBy], [r].[CreatedOn], [r].[Description], [r].[LastModifiedOn], [r].[RoleName], [r].[Status], [r].[UpdatedBy]
FROM [Library].[MenuItem] AS [m]
LEFT JOIN [Library].[Role] AS [r] ON [m].[RoleId] = [r].[Id]
WHERE [r].[Id] = @__roleId_0
2022-02-08 22:09:50.198 -05:00 [INF] Executing ObjectResult, writing value of type 'Application.Utilities.Response`1[[System.Collections.Generic.IEnumerable`1[[Application.Config.MenuItem.Dto.MenuItemDto, Application, Version=1.0.0.0, Culture=neutral, PublicKeyToken=null]], System.Private.CoreLib, Version=6.0.0.0, Culture=neutral, PublicKeyToken=7cec85d7bea7798e]]'.
2022-02-08 22:09:50.201 -05:00 [INF] Executed action Api.Controllers.MenuItemController.GetByRole (Api) in 14.1241ms
2022-02-08 22:09:50.202 -05:00 [INF] Executed endpoint 'Api.Controllers.MenuItemController.GetByRole (Api)'
2022-02-08 22:09:50.204 -05:00 [INF] Response:
StatusCode: 200
Content-Type: application/json; charset=utf-8
Date: Wed, 09 Feb 2022 03:09:50 GMT
Server: Kestrel
Access-Control-Allow-Origin: [Redacted]
2022-02-08 22:09:50.206 -05:00 [INF] Request finished HTTP/2 GET https://localhost:7150/api/MenuItem/GetByRole/10000001-0001-0001-0001-000000000001 - - - 200 - application/json;+charset=utf-8 37.5020ms
2022-02-08 22:10:04.672 -05:00 [INF] Request starting HTTP/2 GET https://localhost:7150/api/BrandInfo/GetBrandInfo - -
2022-02-08 22:10:04.672 -05:00 [INF] Request starting HTTP/2 GET https://localhost:7150/api/MenuItem/GetByRole/10000001-0001-0001-0001-000000000001 - -
2022-02-08 22:10:04.673 -05:00 [INF] CORS policy execution successful.
2022-02-08 22:10:04.675 -05:00 [INF] CORS policy execution successful.
2022-02-08 22:10:04.675 -05:00 [INF] Request:
Protocol: HTTP/2
Method: GET
Scheme: https
PathBase: 
Path: /api/BrandInfo/GetBrandInfo
Accept: application/json, text/plain, */*
Host: localhost:7150
User-Agent: Mozilla/5.0 (Windows NT 10.0; Win64; x64) AppleWebKit/537.36 (KHTML, like Gecko) Chrome/98.0.4758.80 Safari/537.36 Edg/98.0.1108.43
:method: [Redacted]
Accept-Encoding: gzip, deflate, br
Accept-Language: es,es-ES;q=0.9,en;q=0.8,en-GB;q=0.7,en-US;q=0.6
Origin: [Redacted]
Referer: [Redacted]
sec-ch-ua: [Redacted]
sec-ch-ua-mobile: [Redacted]
sec-ch-ua-platform: [Redacted]
sec-fetch-site: [Redacted]
sec-fetch-mode: [Redacted]
sec-fetch-dest: [Redacted]
2022-02-08 22:10:04.682 -05:00 [INF] Response:
StatusCode: 404
2022-02-08 22:10:04.683 -05:00 [INF] Request finished HTTP/2 GET https://localhost:7150/api/BrandInfo/GetBrandInfo - - - 404 0 - 11.5380ms
2022-02-08 22:10:04.679 -05:00 [INF] Request:
Protocol: HTTP/2
Method: GET
Scheme: https
PathBase: 
Path: /api/MenuItem/GetByRole/10000001-0001-0001-0001-000000000001
Accept: application/json, text/plain, */*
Host: localhost:7150
User-Agent: Mozilla/5.0 (Windows NT 10.0; Win64; x64) AppleWebKit/537.36 (KHTML, like Gecko) Chrome/98.0.4758.80 Safari/537.36 Edg/98.0.1108.43
:method: [Redacted]
Accept-Encoding: gzip, deflate, br
Accept-Language: es,es-ES;q=0.9,en;q=0.8,en-GB;q=0.7,en-US;q=0.6
Origin: [Redacted]
Referer: [Redacted]
sec-ch-ua: [Redacted]
sec-ch-ua-mobile: [Redacted]
sec-ch-ua-platform: [Redacted]
sec-fetch-site: [Redacted]
sec-fetch-mode: [Redacted]
sec-fetch-dest: [Redacted]
2022-02-08 22:10:04.689 -05:00 [INF] Executing endpoint 'Api.Controllers.MenuItemController.GetByRole (Api)'
2022-02-08 22:10:04.691 -05:00 [INF] Route matched with {action = "GetByRole", controller = "MenuItem"}. Executing controller action with signature System.Threading.Tasks.Task`1[Microsoft.AspNetCore.Mvc.ActionResult`1[Application.Utilities.Response`1[System.Collections.Generic.IEnumerable`1[Application.Config.MenuItem.Dto.MenuItemDto]]]] GetByRole(System.Guid) on controller Api.Controllers.MenuItemController (Api).
2022-02-08 22:10:04.695 -05:00 [INF] Entity Framework Core 5.0.10 initialized 'PersistenceContext' using provider 'Microsoft.EntityFrameworkCore.SqlServer' with options: MigrationsHistoryTable=Library._MigrationHistory 
2022-02-08 22:10:04.700 -05:00 [INF] Executed DbCommand (1ms) [Parameters=[@__roleId_0='?' (DbType = Guid)], CommandType='"Text"', CommandTimeout='30']
SELECT [m].[Id], [m].[CreatedBy], [m].[CreatedOn], [m].[IconClass], [m].[LastModifiedOn], [m].[RoleId], [m].[Route], [m].[Status], [m].[Title], [m].[UpdatedBy], [r].[Id], [r].[CreatedBy], [r].[CreatedOn], [r].[Description], [r].[LastModifiedOn], [r].[RoleName], [r].[Status], [r].[UpdatedBy]
FROM [Library].[MenuItem] AS [m]
LEFT JOIN [Library].[Role] AS [r] ON [m].[RoleId] = [r].[Id]
WHERE [r].[Id] = @__roleId_0
2022-02-08 22:10:04.706 -05:00 [INF] Executing ObjectResult, writing value of type 'Application.Utilities.Response`1[[System.Collections.Generic.IEnumerable`1[[Application.Config.MenuItem.Dto.MenuItemDto, Application, Version=1.0.0.0, Culture=neutral, PublicKeyToken=null]], System.Private.CoreLib, Version=6.0.0.0, Culture=neutral, PublicKeyToken=7cec85d7bea7798e]]'.
2022-02-08 22:10:04.709 -05:00 [INF] Executed action Api.Controllers.MenuItemController.GetByRole (Api) in 15.2098ms
2022-02-08 22:10:04.710 -05:00 [INF] Executed endpoint 'Api.Controllers.MenuItemController.GetByRole (Api)'
2022-02-08 22:10:04.712 -05:00 [INF] Response:
StatusCode: 200
Content-Type: application/json; charset=utf-8
Date: Wed, 09 Feb 2022 03:10:04 GMT
Server: Kestrel
Access-Control-Allow-Origin: [Redacted]
2022-02-08 22:10:04.729 -05:00 [INF] Request finished HTTP/2 GET https://localhost:7150/api/MenuItem/GetByRole/10000001-0001-0001-0001-000000000001 - - - 200 - application/json;+charset=utf-8 56.9370ms
2022-02-08 22:10:39.182 -05:00 [INF] Request starting HTTP/2 GET https://localhost:7150/api/BrandInfo/GetBrandInfo - -
2022-02-08 22:10:39.184 -05:00 [INF] CORS policy execution successful.
2022-02-08 22:10:39.186 -05:00 [INF] Request:
Protocol: HTTP/2
Method: GET
Scheme: https
PathBase: 
Path: /api/BrandInfo/GetBrandInfo
Accept: application/json, text/plain, */*
Host: localhost:7150
User-Agent: Mozilla/5.0 (Windows NT 10.0; Win64; x64) AppleWebKit/537.36 (KHTML, like Gecko) Chrome/98.0.4758.80 Safari/537.36 Edg/98.0.1108.43
:method: [Redacted]
Accept-Encoding: gzip, deflate, br
Accept-Language: es,es-ES;q=0.9,en;q=0.8,en-GB;q=0.7,en-US;q=0.6
Origin: [Redacted]
Referer: [Redacted]
sec-ch-ua: [Redacted]
sec-ch-ua-mobile: [Redacted]
sec-ch-ua-platform: [Redacted]
sec-fetch-site: [Redacted]
sec-fetch-mode: [Redacted]
sec-fetch-dest: [Redacted]
2022-02-08 22:10:39.187 -05:00 [INF] Request starting HTTP/2 GET https://localhost:7150/api/MenuItem/GetByRole/10000001-0001-0001-0001-000000000001 - -
2022-02-08 22:10:39.192 -05:00 [INF] Response:
StatusCode: 404
2022-02-08 22:10:39.193 -05:00 [INF] CORS policy execution successful.
2022-02-08 22:10:39.201 -05:00 [INF] Request finished HTTP/2 GET https://localhost:7150/api/BrandInfo/GetBrandInfo - - - 404 0 - 18.8197ms
2022-02-08 22:10:39.201 -05:00 [INF] Request:
Protocol: HTTP/2
Method: GET
Scheme: https
PathBase: 
Path: /api/MenuItem/GetByRole/10000001-0001-0001-0001-000000000001
Accept: application/json, text/plain, */*
Host: localhost:7150
User-Agent: Mozilla/5.0 (Windows NT 10.0; Win64; x64) AppleWebKit/537.36 (KHTML, like Gecko) Chrome/98.0.4758.80 Safari/537.36 Edg/98.0.1108.43
:method: [Redacted]
Accept-Encoding: gzip, deflate, br
Accept-Language: es,es-ES;q=0.9,en;q=0.8,en-GB;q=0.7,en-US;q=0.6
Origin: [Redacted]
Referer: [Redacted]
sec-ch-ua: [Redacted]
sec-ch-ua-mobile: [Redacted]
sec-ch-ua-platform: [Redacted]
sec-fetch-site: [Redacted]
sec-fetch-mode: [Redacted]
sec-fetch-dest: [Redacted]
2022-02-08 22:10:39.205 -05:00 [INF] Executing endpoint 'Api.Controllers.MenuItemController.GetByRole (Api)'
2022-02-08 22:10:39.207 -05:00 [INF] Route matched with {action = "GetByRole", controller = "MenuItem"}. Executing controller action with signature System.Threading.Tasks.Task`1[Microsoft.AspNetCore.Mvc.ActionResult`1[Application.Utilities.Response`1[System.Collections.Generic.IEnumerable`1[Application.Config.MenuItem.Dto.MenuItemDto]]]] GetByRole(System.Guid) on controller Api.Controllers.MenuItemController (Api).
2022-02-08 22:10:39.210 -05:00 [INF] Entity Framework Core 5.0.10 initialized 'PersistenceContext' using provider 'Microsoft.EntityFrameworkCore.SqlServer' with options: MigrationsHistoryTable=Library._MigrationHistory 
2022-02-08 22:10:39.217 -05:00 [INF] Executed DbCommand (3ms) [Parameters=[@__roleId_0='?' (DbType = Guid)], CommandType='"Text"', CommandTimeout='30']
SELECT [m].[Id], [m].[CreatedBy], [m].[CreatedOn], [m].[IconClass], [m].[LastModifiedOn], [m].[RoleId], [m].[Route], [m].[Status], [m].[Title], [m].[UpdatedBy], [r].[Id], [r].[CreatedBy], [r].[CreatedOn], [r].[Description], [r].[LastModifiedOn], [r].[RoleName], [r].[Status], [r].[UpdatedBy]
FROM [Library].[MenuItem] AS [m]
LEFT JOIN [Library].[Role] AS [r] ON [m].[RoleId] = [r].[Id]
WHERE [r].[Id] = @__roleId_0
2022-02-08 22:10:39.221 -05:00 [INF] Executing ObjectResult, writing value of type 'Application.Utilities.Response`1[[System.Collections.Generic.IEnumerable`1[[Application.Config.MenuItem.Dto.MenuItemDto, Application, Version=1.0.0.0, Culture=neutral, PublicKeyToken=null]], System.Private.CoreLib, Version=6.0.0.0, Culture=neutral, PublicKeyToken=7cec85d7bea7798e]]'.
2022-02-08 22:10:39.223 -05:00 [INF] Executed action Api.Controllers.MenuItemController.GetByRole (Api) in 13.8868ms
2022-02-08 22:10:39.225 -05:00 [INF] Executed endpoint 'Api.Controllers.MenuItemController.GetByRole (Api)'
2022-02-08 22:10:39.226 -05:00 [INF] Response:
StatusCode: 200
Content-Type: application/json; charset=utf-8
Date: Wed, 09 Feb 2022 03:10:38 GMT
Server: Kestrel
Access-Control-Allow-Origin: [Redacted]
2022-02-08 22:10:39.229 -05:00 [INF] Request finished HTTP/2 GET https://localhost:7150/api/MenuItem/GetByRole/10000001-0001-0001-0001-000000000001 - - - 200 - application/json;+charset=utf-8 42.5949ms
2022-02-08 22:12:08.210 -05:00 [INF] Application is shutting down...
