2022-02-08 16:04:52.419 -05:00 [INF] User profile is available. Using 'C:\Users\kevin\AppData\Local\ASP.NET\DataProtection-Keys' as key repository and Windows DPAPI to encrypt keys at rest.
2022-02-08 16:04:52.660 -05:00 [INF] Now listening on: https://localhost:7150
2022-02-08 16:04:52.661 -05:00 [INF] Now listening on: http://localhost:5150
2022-02-08 16:04:52.666 -05:00 [INF] Application started. Press Ctrl+C to shut down.
2022-02-08 16:04:52.667 -05:00 [INF] Hosting environment: Development
2022-02-08 16:04:52.669 -05:00 [INF] Content root path: C:\Users\kevin\RiderProjects\LibraryStore\Api\
2022-02-08 16:05:07.395 -05:00 [INF] Request starting HTTP/2 GET https://localhost:7150/api/MenuItem/GetByRole/10000001-0001-0001-0001-000000000001 - -
2022-02-08 16:05:07.462 -05:00 [INF] Request:
Protocol: HTTP/2
Method: GET
Scheme: https
PathBase: 
Path: /api/MenuItem/GetByRole/10000001-0001-0001-0001-000000000001
Accept: application/json, text/plain, */*
Host: localhost:7150
User-Agent: Mozilla/5.0 (Windows NT 10.0; Win64; x64) AppleWebKit/537.36 (KHTML, like Gecko) Chrome/98.0.4758.80 Safari/537.36 Edg/98.0.1108.43
:method: [Redacted]
Accept-Encoding: gzip, deflate, br
Accept-Language: es,es-ES;q=0.9,en;q=0.8,en-GB;q=0.7,en-US;q=0.6
Origin: [Redacted]
Referer: [Redacted]
sec-ch-ua: [Redacted]
sec-ch-ua-mobile: [Redacted]
sec-ch-ua-platform: [Redacted]
sec-fetch-site: [Redacted]
sec-fetch-mode: [Redacted]
sec-fetch-dest: [Redacted]
2022-02-08 16:05:07.502 -05:00 [INF] Executing endpoint 'Api.Controllers.MenuItemController.GetByRole (Api)'
2022-02-08 16:05:07.543 -05:00 [INF] Route matched with {action = "GetByRole", controller = "MenuItem"}. Executing controller action with signature System.Threading.Tasks.Task`1[Microsoft.AspNetCore.Mvc.ActionResult`1[Application.Utilities.Response`1[System.Collections.Generic.IEnumerable`1[Application.Config.MenuItem.Dto.MenuItemDto]]]] GetByRole(System.Guid) on controller Api.Controllers.MenuItemController (Api).
2022-02-08 16:05:08.450 -05:00 [INF] Entity Framework Core 5.0.10 initialized 'PersistenceContext' using provider 'Microsoft.EntityFrameworkCore.SqlServer' with options: MigrationsHistoryTable=Library._MigrationHistory 
2022-02-08 16:05:09.127 -05:00 [INF] Executed DbCommand (58ms) [Parameters=[@__roleId_0='?' (DbType = Guid)], CommandType='"Text"', CommandTimeout='30']
SELECT [m].[Id], [m].[CreatedBy], [m].[CreatedOn], [m].[IconClass], [m].[LastModifiedOn], [m].[RoleId], [m].[Route], [m].[Status], [m].[Title], [m].[UpdatedBy], [r].[Id], [r].[CreatedBy], [r].[CreatedOn], [r].[Description], [r].[LastModifiedOn], [r].[RoleName], [r].[Status], [r].[UpdatedBy]
FROM [Library].[MenuItem] AS [m]
LEFT JOIN [Library].[Role] AS [r] ON [m].[RoleId] = [r].[Id]
WHERE [r].[Id] = @__roleId_0
2022-02-08 16:05:09.197 -05:00 [INF] Executing ObjectResult, writing value of type 'Application.Utilities.Response`1[[System.Collections.Generic.IEnumerable`1[[Application.Config.MenuItem.Dto.MenuItemDto, Application, Version=1.0.0.0, Culture=neutral, PublicKeyToken=null]], System.Private.CoreLib, Version=6.0.0.0, Culture=neutral, PublicKeyToken=7cec85d7bea7798e]]'.
2022-02-08 16:05:09.245 -05:00 [INF] Executed action Api.Controllers.MenuItemController.GetByRole (Api) in 1692.3357ms
2022-02-08 16:05:09.248 -05:00 [INF] Executed endpoint 'Api.Controllers.MenuItemController.GetByRole (Api)'
2022-02-08 16:05:09.251 -05:00 [INF] Response:
StatusCode: 200
Content-Type: application/json; charset=utf-8
Date: Tue, 08 Feb 2022 21:05:08 GMT
Server: Kestrel
2022-02-08 16:05:09.258 -05:00 [INF] Request finished HTTP/2 GET https://localhost:7150/api/MenuItem/GetByRole/10000001-0001-0001-0001-000000000001 - - - 200 - application/json;+charset=utf-8 1866.6742ms
2022-02-08 16:05:14.708 -05:00 [INF] Request starting HTTP/2 GET https://localhost:7150/api/MenuItem/GetByRole/10000001-0001-0001-0001-000000000001 - -
2022-02-08 16:05:14.717 -05:00 [INF] Request:
Protocol: HTTP/2
Method: GET
Scheme: https
PathBase: 
Path: /api/MenuItem/GetByRole/10000001-0001-0001-0001-000000000001
Accept: text/html,application/xhtml+xml,application/xml;q=0.9,image/webp,image/apng,*/*;q=0.8,application/signed-exchange;v=b3;q=0.9
Host: localhost:7150
User-Agent: Mozilla/5.0 (Windows NT 10.0; Win64; x64) AppleWebKit/537.36 (KHTML, like Gecko) Chrome/98.0.4758.80 Safari/537.36 Edg/98.0.1108.43
:method: [Redacted]
Accept-Encoding: gzip, deflate, br
Accept-Language: es,es-ES;q=0.9,en;q=0.8,en-GB;q=0.7,en-US;q=0.6
Cookie: [Redacted]
Upgrade-Insecure-Requests: [Redacted]
sec-ch-ua: [Redacted]
sec-ch-ua-mobile: [Redacted]
sec-ch-ua-platform: [Redacted]
sec-fetch-site: [Redacted]
sec-fetch-mode: [Redacted]
sec-fetch-user: [Redacted]
sec-fetch-dest: [Redacted]
2022-02-08 16:05:14.727 -05:00 [INF] Executing endpoint 'Api.Controllers.MenuItemController.GetByRole (Api)'
2022-02-08 16:05:14.730 -05:00 [INF] Route matched with {action = "GetByRole", controller = "MenuItem"}. Executing controller action with signature System.Threading.Tasks.Task`1[Microsoft.AspNetCore.Mvc.ActionResult`1[Application.Utilities.Response`1[System.Collections.Generic.IEnumerable`1[Application.Config.MenuItem.Dto.MenuItemDto]]]] GetByRole(System.Guid) on controller Api.Controllers.MenuItemController (Api).
2022-02-08 16:05:14.776 -05:00 [INF] Entity Framework Core 5.0.10 initialized 'PersistenceContext' using provider 'Microsoft.EntityFrameworkCore.SqlServer' with options: MigrationsHistoryTable=Library._MigrationHistory 
2022-02-08 16:05:14.786 -05:00 [INF] Executed DbCommand (3ms) [Parameters=[@__roleId_0='?' (DbType = Guid)], CommandType='"Text"', CommandTimeout='30']
SELECT [m].[Id], [m].[CreatedBy], [m].[CreatedOn], [m].[IconClass], [m].[LastModifiedOn], [m].[RoleId], [m].[Route], [m].[Status], [m].[Title], [m].[UpdatedBy], [r].[Id], [r].[CreatedBy], [r].[CreatedOn], [r].[Description], [r].[LastModifiedOn], [r].[RoleName], [r].[Status], [r].[UpdatedBy]
FROM [Library].[MenuItem] AS [m]
LEFT JOIN [Library].[Role] AS [r] ON [m].[RoleId] = [r].[Id]
WHERE [r].[Id] = @__roleId_0
2022-02-08 16:05:14.794 -05:00 [INF] Executing ObjectResult, writing value of type 'Application.Utilities.Response`1[[System.Collections.Generic.IEnumerable`1[[Application.Config.MenuItem.Dto.MenuItemDto, Application, Version=1.0.0.0, Culture=neutral, PublicKeyToken=null]], System.Private.CoreLib, Version=6.0.0.0, Culture=neutral, PublicKeyToken=7cec85d7bea7798e]]'.
2022-02-08 16:05:14.797 -05:00 [INF] Executed action Api.Controllers.MenuItemController.GetByRole (Api) in 63.5493ms
2022-02-08 16:05:14.799 -05:00 [INF] Executed endpoint 'Api.Controllers.MenuItemController.GetByRole (Api)'
2022-02-08 16:05:14.801 -05:00 [INF] Response:
StatusCode: 200
Content-Type: application/json; charset=utf-8
Date: Tue, 08 Feb 2022 21:05:14 GMT
Server: Kestrel
2022-02-08 16:05:14.804 -05:00 [INF] Request finished HTTP/2 GET https://localhost:7150/api/MenuItem/GetByRole/10000001-0001-0001-0001-000000000001 - - - 200 - application/json;+charset=utf-8 95.9492ms
2022-02-08 16:05:14.908 -05:00 [INF] Request starting HTTP/2 GET https://localhost:7150/favicon.ico - -
2022-02-08 16:05:14.910 -05:00 [INF] Request:
Protocol: HTTP/2
Method: GET
Scheme: https
PathBase: 
Path: /favicon.ico
Accept: image/webp,image/apng,image/svg+xml,image/*,*/*;q=0.8
Host: localhost:7150
User-Agent: Mozilla/5.0 (Windows NT 10.0; Win64; x64) AppleWebKit/537.36 (KHTML, like Gecko) Chrome/98.0.4758.80 Safari/537.36 Edg/98.0.1108.43
:method: [Redacted]
Accept-Encoding: gzip, deflate, br
Accept-Language: es,es-ES;q=0.9,en;q=0.8,en-GB;q=0.7,en-US;q=0.6
Cookie: [Redacted]
Referer: [Redacted]
sec-ch-ua: [Redacted]
sec-ch-ua-mobile: [Redacted]
sec-ch-ua-platform: [Redacted]
sec-fetch-site: [Redacted]
sec-fetch-mode: [Redacted]
sec-fetch-dest: [Redacted]
2022-02-08 16:05:14.915 -05:00 [INF] Response:
StatusCode: 404
2022-02-08 16:05:14.917 -05:00 [INF] Request finished HTTP/2 GET https://localhost:7150/favicon.ico - - - 404 0 - 9.1082ms
2022-02-08 16:06:45.837 -05:00 [INF] Application is shutting down...
